2023-08-26 19:26:33.5698||DEBUG|1|Microsoft.Extensions.Hosting.Internal.Host|Hosting starting ||||
2023-08-26 19:26:35.5384||DEBUG|1|Microsoft.AspNetCore.Server.Kestrel.Core.KestrelServer|Using development certificate: CN=localhost (Thumbprint: 271FCE57A0031D4456FCBF86AC23FB6233DED546) ||||
2023-08-26 19:26:35.6039||INFO|1|Microsoft.Hosting.Lifetime|Now listening on: https://localhost:5001 ||||
2023-08-26 19:26:35.6039||INFO|1|Microsoft.Hosting.Lifetime|Now listening on: http://localhost:5000 ||||
2023-08-26 19:26:35.6039||DEBUG|1|Microsoft.AspNetCore.Hosting.Diagnostics|Loaded hosting startup assembly GreenHauseMonitor ||||
2023-08-26 19:26:35.6039||INFO|1|Microsoft.Hosting.Lifetime|Application started. Press Ctrl+C to shut down. ||||
2023-08-26 19:26:35.6145||INFO|1|Microsoft.Hosting.Lifetime|Hosting environment: Development ||||
2023-08-26 19:26:35.6145||INFO|1|Microsoft.Hosting.Lifetime|Content root path: C:\Users\Azzinoth\source\repos\GreenHauseMonitor\GreenHauseMonitor ||||
2023-08-26 19:26:35.6145||DEBUG|1|Microsoft.Extensions.Hosting.Internal.Host|Hosting started ||||
2023-08-26 19:26:35.7705||DEBUG|9|Microsoft.AspNetCore.Server.Kestrel.Transport.Sockets|Connection id "0HMT6B6CL599H" received FIN. ||||
2023-08-26 19:26:35.7705||DEBUG|7|Microsoft.AspNetCore.Server.Kestrel.Transport.Sockets|Connection id "0HMT6B6CL599G" received FIN. ||||
2023-08-26 19:26:35.7705||DEBUG|7|Microsoft.AspNetCore.Server.Kestrel|Connection id "0HMT6B6CL599G" accepted. ||||
2023-08-26 19:26:35.7705||DEBUG|9|Microsoft.AspNetCore.Server.Kestrel|Connection id "0HMT6B6CL599H" accepted. ||||
2023-08-26 19:26:35.7705||DEBUG|4|Microsoft.AspNetCore.Server.Kestrel|Connection id "0HMT6B6CL599G" started. ||||
2023-08-26 19:26:35.7705||DEBUG|5|Microsoft.AspNetCore.Server.Kestrel|Connection id "0HMT6B6CL599H" started. ||||
2023-08-26 19:26:35.7995||DEBUG|13|Microsoft.AspNetCore.Server.Kestrel.Https.Internal.HttpsConnectionMiddleware|Failed to authenticate HTTPS connection. System.IO.IOException:  Received an unexpected EOF or 0 bytes from the transport stream.
   at System.Net.Security.SslStream.ReceiveBlobAsync[TIOAdapter](TIOAdapter adapter)
   at System.Net.Security.SslStream.ForceAuthenticationAsync[TIOAdapter](TIOAdapter adapter, Boolean receiveFirst, Byte[] reAuthenticationData, Boolean isApm)
   at Microsoft.AspNetCore.Server.Kestrel.Https.Internal.HttpsConnectionMiddleware.OnConnectionAsync(ConnectionContext context)||||
2023-08-26 19:26:35.7995||DEBUG|6|Microsoft.AspNetCore.Server.Kestrel.Https.Internal.HttpsConnectionMiddleware|Failed to authenticate HTTPS connection. System.IO.IOException:  Received an unexpected EOF or 0 bytes from the transport stream.
   at System.Net.Security.SslStream.ReceiveBlobAsync[TIOAdapter](TIOAdapter adapter)
   at System.Net.Security.SslStream.ForceAuthenticationAsync[TIOAdapter](TIOAdapter adapter, Boolean receiveFirst, Byte[] reAuthenticationData, Boolean isApm)
   at Microsoft.AspNetCore.Server.Kestrel.Https.Internal.HttpsConnectionMiddleware.OnConnectionAsync(ConnectionContext context)||||
2023-08-26 19:26:35.8507||DEBUG|6|Microsoft.AspNetCore.Server.Kestrel|Connection id "0HMT6B6CL599G" stopped. ||||
2023-08-26 19:26:35.8507||DEBUG|13|Microsoft.AspNetCore.Server.Kestrel|Connection id "0HMT6B6CL599H" stopped. ||||
2023-08-26 19:26:35.8507||DEBUG|12|Microsoft.AspNetCore.Server.Kestrel.Transport.Sockets|Connection id "0HMT6B6CL599H" sending FIN because: "The Socket transport's send loop completed gracefully." ||||
2023-08-26 19:26:35.8507||DEBUG|4|Microsoft.AspNetCore.Server.Kestrel.Transport.Sockets|Connection id "0HMT6B6CL599G" sending FIN because: "The Socket transport's send loop completed gracefully." ||||
2023-08-26 19:26:37.6911||DEBUG|7|Microsoft.AspNetCore.Server.Kestrel|Connection id "0HMT6B6CL599I" accepted. ||||
2023-08-26 19:26:37.6957||DEBUG|13|Microsoft.AspNetCore.Server.Kestrel|Connection id "0HMT6B6CL599I" started. ||||
2023-08-26 19:26:37.7670||DEBUG|13|Microsoft.AspNetCore.Server.Kestrel.Https.Internal.HttpsConnectionMiddleware|Connection "0HMT6B6CL599I" established using the following protocol: Tls12 ||||
2023-08-26 19:26:37.7948||TRACE|4|Microsoft.AspNetCore.Server.Kestrel|Connection id "0HMT6B6CL599I" sending SETTINGS frame for stream ID 0 with length 18 and flags NONE ||||
2023-08-26 19:26:37.7948||TRACE|4|Microsoft.AspNetCore.Server.Kestrel|Connection id "0HMT6B6CL599I" sending WINDOW_UPDATE frame for stream ID 0 with length 4 and flags 0x0 ||||
2023-08-26 19:26:37.7948||TRACE|4|Microsoft.AspNetCore.Server.Kestrel|Connection id "0HMT6B6CL599I" received SETTINGS frame for stream ID 0 with length 18 and flags NONE ||||
2023-08-26 19:26:37.7948||TRACE|4|Microsoft.AspNetCore.Server.Kestrel|Connection id "0HMT6B6CL599I" sending SETTINGS frame for stream ID 0 with length 0 and flags ACK ||||
2023-08-26 19:26:37.7948||TRACE|4|Microsoft.AspNetCore.Server.Kestrel|Connection id "0HMT6B6CL599I" received WINDOW_UPDATE frame for stream ID 0 with length 4 and flags 0x0 ||||
2023-08-26 19:26:37.7948||TRACE|4|Microsoft.AspNetCore.Server.Kestrel|Connection id "0HMT6B6CL599I" received PRIORITY frame for stream ID 3 with length 5 and flags 0x0 ||||
2023-08-26 19:26:37.7948||TRACE|4|Microsoft.AspNetCore.Server.Kestrel|Connection id "0HMT6B6CL599I" received PRIORITY frame for stream ID 5 with length 5 and flags 0x0 ||||
2023-08-26 19:26:37.7948||TRACE|4|Microsoft.AspNetCore.Server.Kestrel|Connection id "0HMT6B6CL599I" received PRIORITY frame for stream ID 7 with length 5 and flags 0x0 ||||
2023-08-26 19:26:37.7948||TRACE|4|Microsoft.AspNetCore.Server.Kestrel|Connection id "0HMT6B6CL599I" received PRIORITY frame for stream ID 9 with length 5 and flags 0x0 ||||
2023-08-26 19:26:37.7948||TRACE|4|Microsoft.AspNetCore.Server.Kestrel|Connection id "0HMT6B6CL599I" received PRIORITY frame for stream ID 11 with length 5 and flags 0x0 ||||
2023-08-26 19:26:37.7948||TRACE|4|Microsoft.AspNetCore.Server.Kestrel|Connection id "0HMT6B6CL599I" received PRIORITY frame for stream ID 13 with length 5 and flags 0x0 ||||
2023-08-26 19:26:37.7948||TRACE|4|Microsoft.AspNetCore.Server.Kestrel|Connection id "0HMT6B6CL599I" received SETTINGS frame for stream ID 0 with length 0 and flags ACK ||||
2023-08-26 19:26:37.8160||TRACE|4|Microsoft.AspNetCore.Server.Kestrel|Connection id "0HMT6B6CL599I" received HEADERS frame for stream ID 15 with length 293 and flags END_STREAM, END_HEADERS, PRIORITY ||||
2023-08-26 19:26:37.8376||TRACE|4|Microsoft.AspNetCore.Server.Kestrel|Connection id "0HMT6B6CL599I" received WINDOW_UPDATE frame for stream ID 15 with length 4 and flags 0x0 ||||
2023-08-26 19:26:37.8376||TRACE|4|Microsoft.AspNetCore.Server.Kestrel|Connection id "0HMT6B6CL599I" received RST_STREAM frame for stream ID 15 with length 4 and flags 0x0 ||||
2023-08-26 19:26:37.8491|00-01ee583cb7207a4b821986d897a78dc9-260410876acdf445-00|INFO|6|Microsoft.AspNetCore.Hosting.Diagnostics|Request starting HTTP/2 GET https://localhost:5001/swagger - - |GET|https://localhost/swagger||
2023-08-26 19:26:37.8491|00-01ee583cb7207a4b821986d897a78dc9-260410876acdf445-00|DEBUG|6|Microsoft.AspNetCore.HostFiltering.HostFilteringMiddleware|Wildcard detected, all requests with hosts will be allowed. |GET|https://localhost/swagger||
2023-08-26 19:26:37.8491|00-01ee583cb7207a4b821986d897a78dc9-260410876acdf445-00|TRACE|6|Microsoft.AspNetCore.HostFiltering.HostFilteringMiddleware|All hosts are allowed. |GET|https://localhost/swagger||
2023-08-26 19:26:37.8709|00-01ee583cb7207a4b821986d897a78dc9-260410876acdf445-00|INFO|6|Microsoft.AspNetCore.Hosting.Diagnostics|Request finished HTTP/2 GET https://localhost:5001/swagger - - - 0 - - 22.8240ms |GET|https://localhost/swagger||
2023-08-26 19:26:37.9022||TRACE|6|Microsoft.AspNetCore.Server.Kestrel|Connection id "0HMT6B6CL599I" received HEADERS frame for stream ID 17 with length 34 and flags END_STREAM, END_HEADERS, PRIORITY ||||
2023-08-26 19:26:37.9022||TRACE|6|Microsoft.AspNetCore.Server.Kestrel|Connection id "0HMT6B6CL599I" received WINDOW_UPDATE frame for stream ID 17 with length 4 and flags 0x0 ||||
2023-08-26 19:26:37.9022|00-0e5caadcc6e9d84e968c32721b073f50-581559cbfd7a1f4d-00|INFO|6|Microsoft.AspNetCore.Hosting.Diagnostics|Request starting HTTP/2 GET https://localhost:5001/swagger/index.html - - |GET|https://localhost/swagger/index.html||
2023-08-26 19:26:37.9022|00-0e5caadcc6e9d84e968c32721b073f50-581559cbfd7a1f4d-00|TRACE|6|Microsoft.AspNetCore.HostFiltering.HostFilteringMiddleware|All hosts are allowed. |GET|https://localhost/swagger/index.html||
2023-08-26 19:26:37.9952|00-0e5caadcc6e9d84e968c32721b073f50-581559cbfd7a1f4d-00|TRACE|6|Microsoft.AspNetCore.Server.Kestrel|Connection id "0HMT6B6CL599I" sending HEADERS frame for stream ID 17 with length 66 and flags END_HEADERS |GET|https://localhost/swagger/index.html||
2023-08-26 19:26:37.9952||TRACE|6|Microsoft.AspNetCore.Server.Kestrel|Connection id "0HMT6B6CL599I" sending DATA frame for stream ID 17 with length 3191 and flags NONE ||||
2023-08-26 19:26:37.9952||TRACE|6|Microsoft.AspNetCore.Server.Kestrel|Connection id "0HMT6B6CL599I" sending DATA frame for stream ID 17 with length 0 and flags END_STREAM ||||
2023-08-26 19:26:37.9952|00-0e5caadcc6e9d84e968c32721b073f50-581559cbfd7a1f4d-00|INFO|6|Microsoft.AspNetCore.Hosting.Diagnostics|Request finished HTTP/2 GET https://localhost:5001/swagger/index.html - - - 200 - text/html;charset=utf-8 90.6371ms |GET|https://localhost/swagger/index.html||
2023-08-26 19:26:38.0568||TRACE|4|Microsoft.AspNetCore.Server.Kestrel|Connection id "0HMT6B6CL599I" received HEADERS frame for stream ID 19 with length 105 and flags END_STREAM, END_HEADERS, PRIORITY ||||
2023-08-26 19:26:38.0774||TRACE|4|Microsoft.AspNetCore.Server.Kestrel|Connection id "0HMT6B6CL599I" received WINDOW_UPDATE frame for stream ID 19 with length 4 and flags 0x0 ||||
2023-08-26 19:26:38.0774||TRACE|4|Microsoft.AspNetCore.Server.Kestrel|Connection id "0HMT6B6CL599I" received HEADERS frame for stream ID 21 with length 99 and flags END_STREAM, END_HEADERS, PRIORITY ||||
2023-08-26 19:26:38.0774||TRACE|4|Microsoft.AspNetCore.Server.Kestrel|Connection id "0HMT6B6CL599I" received WINDOW_UPDATE frame for stream ID 21 with length 4 and flags 0x0 ||||
2023-08-26 19:26:38.0774||TRACE|4|Microsoft.AspNetCore.Server.Kestrel|Connection id "0HMT6B6CL599I" received HEADERS frame for stream ID 23 with length 56 and flags END_STREAM, END_HEADERS, PRIORITY ||||
2023-08-26 19:26:38.0774||TRACE|4|Microsoft.AspNetCore.Server.Kestrel|Connection id "0HMT6B6CL599I" received WINDOW_UPDATE frame for stream ID 23 with length 4 and flags 0x0 ||||
2023-08-26 19:26:38.0774|00-f74ad42421852643ae306d1bbfe305b8-9be6161024164148-00|INFO|4|Microsoft.AspNetCore.Hosting.Diagnostics|Request starting HTTP/2 GET https://localhost:5001/swagger/swagger-ui.css - - |GET|https://localhost/swagger/swagger-ui.css||
2023-08-26 19:26:38.0774|00-f74ad42421852643ae306d1bbfe305b8-9be6161024164148-00|TRACE|4|Microsoft.AspNetCore.HostFiltering.HostFilteringMiddleware|All hosts are allowed. |GET|https://localhost/swagger/swagger-ui.css||
2023-08-26 19:26:38.0831|00-197ee1d307581140be52209f7cce57c7-eaf097666b116e4f-00|INFO|6|Microsoft.AspNetCore.Hosting.Diagnostics|Request starting HTTP/2 GET https://localhost:5001/swagger/swagger-ui-bundle.js - - |GET|https://localhost/swagger/swagger-ui-bundle.js||
2023-08-26 19:26:38.0831|00-197ee1d307581140be52209f7cce57c7-eaf097666b116e4f-00|TRACE|6|Microsoft.AspNetCore.HostFiltering.HostFilteringMiddleware|All hosts are allowed. |GET|https://localhost/swagger/swagger-ui-bundle.js||
2023-08-26 19:26:38.0831|00-e4c4241cf42c1e48979bf6ed7bf1c047-5ae4bd876d0e1f47-00|INFO|13|Microsoft.AspNetCore.Hosting.Diagnostics|Request starting HTTP/2 GET https://localhost:5001/swagger/swagger-ui-standalone-preset.js - - |GET|https://localhost/swagger/swagger-ui-standalone-preset.js||
2023-08-26 19:26:38.0831|00-e4c4241cf42c1e48979bf6ed7bf1c047-5ae4bd876d0e1f47-00|TRACE|13|Microsoft.AspNetCore.HostFiltering.HostFilteringMiddleware|All hosts are allowed. |GET|https://localhost/swagger/swagger-ui-standalone-preset.js||
2023-08-26 19:26:38.0831|00-f74ad42421852643ae306d1bbfe305b8-9be6161024164148-00|TRACE|4|Microsoft.AspNetCore.StaticFiles.StaticFileMiddleware|Range header's value is empty. |GET|https://localhost/swagger/swagger-ui.css||
2023-08-26 19:26:38.0831|00-197ee1d307581140be52209f7cce57c7-eaf097666b116e4f-00|TRACE|6|Microsoft.AspNetCore.StaticFiles.StaticFileMiddleware|Range header's value is empty. |GET|https://localhost/swagger/swagger-ui-bundle.js||
2023-08-26 19:26:38.0987|00-197ee1d307581140be52209f7cce57c7-eaf097666b116e4f-00|INFO|6|Microsoft.AspNetCore.StaticFiles.StaticFileMiddleware|The file /swagger-ui-bundle.js was not modified |GET|https://localhost/swagger/swagger-ui-bundle.js||
2023-08-26 19:26:38.0987|00-f74ad42421852643ae306d1bbfe305b8-9be6161024164148-00|TRACE|4|Microsoft.AspNetCore.Server.Kestrel|Connection id "0HMT6B6CL599I" sending HEADERS frame for stream ID 19 with length 79 and flags END_HEADERS |GET|https://localhost/swagger/swagger-ui.css||
2023-08-26 19:26:38.0987||TRACE|4|Microsoft.AspNetCore.Server.Kestrel|Connection id "0HMT6B6CL599I" sending DATA frame for stream ID 19 with length 16384 and flags NONE ||||
2023-08-26 19:26:38.0987||TRACE|4|Microsoft.AspNetCore.Server.Kestrel|Connection id "0HMT6B6CL599I" sending DATA frame for stream ID 19 with length 16384 and flags NONE ||||
2023-08-26 19:26:38.0987||TRACE|4|Microsoft.AspNetCore.Server.Kestrel|Connection id "0HMT6B6CL599I" sending DATA frame for stream ID 19 with length 16384 and flags NONE ||||
2023-08-26 19:26:38.0987||TRACE|4|Microsoft.AspNetCore.Server.Kestrel|Connection id "0HMT6B6CL599I" sending DATA frame for stream ID 19 with length 16384 and flags NONE ||||
2023-08-26 19:26:38.0987|00-197ee1d307581140be52209f7cce57c7-eaf097666b116e4f-00|DEBUG|6|Microsoft.AspNetCore.StaticFiles.StaticFileMiddleware|Handled. Status code: 304 File: /swagger-ui-bundle.js |GET|https://localhost/swagger/swagger-ui-bundle.js||
2023-08-26 19:26:38.0987|00-e4c4241cf42c1e48979bf6ed7bf1c047-5ae4bd876d0e1f47-00|TRACE|13|Microsoft.AspNetCore.StaticFiles.StaticFileMiddleware|Range header's value is empty. |GET|https://localhost/swagger/swagger-ui-standalone-preset.js||
2023-08-26 19:26:38.0987|00-e4c4241cf42c1e48979bf6ed7bf1c047-5ae4bd876d0e1f47-00|INFO|13|Microsoft.AspNetCore.StaticFiles.StaticFileMiddleware|The file /swagger-ui-standalone-preset.js was not modified |GET|https://localhost/swagger/swagger-ui-standalone-preset.js||
2023-08-26 19:26:38.0987|00-e4c4241cf42c1e48979bf6ed7bf1c047-5ae4bd876d0e1f47-00|DEBUG|13|Microsoft.AspNetCore.StaticFiles.StaticFileMiddleware|Handled. Status code: 304 File: /swagger-ui-standalone-preset.js |GET|https://localhost/swagger/swagger-ui-standalone-preset.js||
2023-08-26 19:26:38.0987|00-197ee1d307581140be52209f7cce57c7-eaf097666b116e4f-00|TRACE|6|Microsoft.AspNetCore.Server.Kestrel|Connection id "0HMT6B6CL599I" sending HEADERS frame for stream ID 23 with length 48 and flags END_STREAM, END_HEADERS |GET|https://localhost/swagger/swagger-ui-bundle.js||
2023-08-26 19:26:38.0987|00-e4c4241cf42c1e48979bf6ed7bf1c047-5ae4bd876d0e1f47-00|TRACE|13|Microsoft.AspNetCore.Server.Kestrel|Connection id "0HMT6B6CL599I" sending HEADERS frame for stream ID 21 with length 25 and flags END_STREAM, END_HEADERS |GET|https://localhost/swagger/swagger-ui-standalone-preset.js||
2023-08-26 19:26:38.1155|00-197ee1d307581140be52209f7cce57c7-eaf097666b116e4f-00|INFO|13|Microsoft.AspNetCore.Hosting.Diagnostics|Request finished HTTP/2 GET https://localhost:5001/swagger/swagger-ui-bundle.js - - - 304 - application/javascript 32.4010ms |GET|https://localhost/swagger/swagger-ui-bundle.js||
2023-08-26 19:26:38.1155|00-e4c4241cf42c1e48979bf6ed7bf1c047-5ae4bd876d0e1f47-00|INFO|5|Microsoft.AspNetCore.Hosting.Diagnostics|Request finished HTTP/2 GET https://localhost:5001/swagger/swagger-ui-standalone-preset.js - - - 304 - application/javascript 32.4011ms |GET|https://localhost/swagger/swagger-ui-standalone-preset.js||
2023-08-26 19:26:38.1155||TRACE|6|Microsoft.AspNetCore.Server.Kestrel|Connection id "0HMT6B6CL599I" sending DATA frame for stream ID 19 with length 16384 and flags NONE ||||
2023-08-26 19:26:38.1155||TRACE|6|Microsoft.AspNetCore.Server.Kestrel|Connection id "0HMT6B6CL599I" sending DATA frame for stream ID 19 with length 16384 and flags NONE ||||
2023-08-26 19:26:38.1155||TRACE|6|Microsoft.AspNetCore.Server.Kestrel|Connection id "0HMT6B6CL599I" sending DATA frame for stream ID 19 with length 16384 and flags NONE ||||
2023-08-26 19:26:38.1155||TRACE|6|Microsoft.AspNetCore.Server.Kestrel|Connection id "0HMT6B6CL599I" sending DATA frame for stream ID 19 with length 16384 and flags NONE ||||
2023-08-26 19:26:38.1155||TRACE|13|Microsoft.AspNetCore.Server.Kestrel|Connection id "0HMT6B6CL599I" sending DATA frame for stream ID 19 with length 11861 and flags NONE ||||
2023-08-26 19:26:38.1155|00-f74ad42421852643ae306d1bbfe305b8-9be6161024164148-00|INFO|13|Microsoft.AspNetCore.StaticFiles.StaticFileMiddleware|Sending file. Request path: '/swagger-ui.css'. Physical path: 'N/A' |GET|https://localhost/swagger/swagger-ui.css||
2023-08-26 19:26:38.1155||TRACE|13|Microsoft.AspNetCore.Server.Kestrel|Connection id "0HMT6B6CL599I" sending DATA frame for stream ID 19 with length 0 and flags END_STREAM ||||
2023-08-26 19:26:38.1155|00-f74ad42421852643ae306d1bbfe305b8-9be6161024164148-00|INFO|13|Microsoft.AspNetCore.Hosting.Diagnostics|Request finished HTTP/2 GET https://localhost:5001/swagger/swagger-ui.css - - - 200 142933 text/css 39.2167ms |GET|https://localhost/swagger/swagger-ui.css||
2023-08-26 19:26:38.3487||TRACE|4|Microsoft.AspNetCore.Server.Kestrel|Connection id "0HMT6B6CL599I" received HEADERS frame for stream ID 25 with length 65 and flags END_STREAM, END_HEADERS, PRIORITY ||||
2023-08-26 19:26:38.3487||TRACE|4|Microsoft.AspNetCore.Server.Kestrel|Connection id "0HMT6B6CL599I" received WINDOW_UPDATE frame for stream ID 25 with length 4 and flags 0x0 ||||
2023-08-26 19:26:38.4054|00-9d8a23d2ea07bd4d9e7d007f1688b2e7-65605a9051016b4a-00|INFO|4|Microsoft.AspNetCore.Hosting.Diagnostics|Request starting HTTP/2 GET https://localhost:5001/swagger/v1/swagger.json - - |GET|https://localhost/swagger/v1/swagger.json||
2023-08-26 19:26:38.4054|00-9d8a23d2ea07bd4d9e7d007f1688b2e7-65605a9051016b4a-00|TRACE|4|Microsoft.AspNetCore.HostFiltering.HostFilteringMiddleware|All hosts are allowed. |GET|https://localhost/swagger/v1/swagger.json||
2023-08-26 19:26:38.4488||TRACE|13|Microsoft.AspNetCore.Server.Kestrel|Connection id "0HMT6B6CL599I" received HEADERS frame for stream ID 27 with length 65 and flags END_STREAM, END_HEADERS, PRIORITY ||||
2023-08-26 19:26:38.4488||TRACE|13|Microsoft.AspNetCore.Server.Kestrel|Connection id "0HMT6B6CL599I" received WINDOW_UPDATE frame for stream ID 27 with length 4 and flags 0x0 ||||
2023-08-26 19:26:38.4488|00-a55f9b845bbe8247a166cbd2aa765a6f-33faaf8e2a95114c-00|INFO|13|Microsoft.AspNetCore.Hosting.Diagnostics|Request starting HTTP/2 GET https://localhost:5001/swagger/favicon-16x16.png - - |GET|https://localhost/swagger/favicon-16x16.png||
2023-08-26 19:26:38.4488|00-a55f9b845bbe8247a166cbd2aa765a6f-33faaf8e2a95114c-00|TRACE|13|Microsoft.AspNetCore.HostFiltering.HostFilteringMiddleware|All hosts are allowed. |GET|https://localhost/swagger/favicon-16x16.png||
2023-08-26 19:26:38.4488|00-a55f9b845bbe8247a166cbd2aa765a6f-33faaf8e2a95114c-00|TRACE|13|Microsoft.AspNetCore.StaticFiles.StaticFileMiddleware|Range header's value is empty. |GET|https://localhost/swagger/favicon-16x16.png||
2023-08-26 19:26:38.4488|00-a55f9b845bbe8247a166cbd2aa765a6f-33faaf8e2a95114c-00|TRACE|13|Microsoft.AspNetCore.Server.Kestrel|Connection id "0HMT6B6CL599I" sending HEADERS frame for stream ID 27 with length 41 and flags END_HEADERS |GET|https://localhost/swagger/favicon-16x16.png||
2023-08-26 19:26:38.4488||TRACE|13|Microsoft.AspNetCore.Server.Kestrel|Connection id "0HMT6B6CL599I" sending DATA frame for stream ID 27 with length 665 and flags NONE ||||
2023-08-26 19:26:38.4488|00-a55f9b845bbe8247a166cbd2aa765a6f-33faaf8e2a95114c-00|INFO|13|Microsoft.AspNetCore.StaticFiles.StaticFileMiddleware|Sending file. Request path: '/favicon-16x16.png'. Physical path: 'N/A' |GET|https://localhost/swagger/favicon-16x16.png||
2023-08-26 19:26:38.4488||TRACE|13|Microsoft.AspNetCore.Server.Kestrel|Connection id "0HMT6B6CL599I" sending DATA frame for stream ID 27 with length 0 and flags END_STREAM ||||
2023-08-26 19:26:38.4573|00-a55f9b845bbe8247a166cbd2aa765a6f-33faaf8e2a95114c-00|INFO|13|Microsoft.AspNetCore.Hosting.Diagnostics|Request finished HTTP/2 GET https://localhost:5001/swagger/favicon-16x16.png - - - 200 665 image/png 0.9109ms |GET|https://localhost/swagger/favicon-16x16.png||
2023-08-26 19:26:38.5119|00-9d8a23d2ea07bd4d9e7d007f1688b2e7-65605a9051016b4a-00|TRACE|4|Microsoft.AspNetCore.Server.Kestrel|Connection id "0HMT6B6CL599I" sending HEADERS frame for stream ID 25 with length 35 and flags END_HEADERS |GET|https://localhost/swagger/v1/swagger.json||
2023-08-26 19:26:38.5119||TRACE|4|Microsoft.AspNetCore.Server.Kestrel|Connection id "0HMT6B6CL599I" sending DATA frame for stream ID 25 with length 13872 and flags NONE ||||
2023-08-26 19:26:38.5119||TRACE|4|Microsoft.AspNetCore.Server.Kestrel|Connection id "0HMT6B6CL599I" sending DATA frame for stream ID 25 with length 0 and flags END_STREAM ||||
2023-08-26 19:26:38.5119|00-9d8a23d2ea07bd4d9e7d007f1688b2e7-65605a9051016b4a-00|INFO|4|Microsoft.AspNetCore.Hosting.Diagnostics|Request finished HTTP/2 GET https://localhost:5001/swagger/v1/swagger.json - - - 200 - application/json;charset=utf-8 107.2989ms |GET|https://localhost/swagger/v1/swagger.json||
2023-08-26 19:26:49.5272||DEBUG|9|Microsoft.AspNetCore.Server.Kestrel|Connection id "0HMT6B6CL599J" accepted. ||||
2023-08-26 19:26:49.5272||DEBUG|5|Microsoft.AspNetCore.Server.Kestrel.Transport.Sockets|Connection id "0HMT6B6CL599J" received FIN. ||||
2023-08-26 19:26:49.5272||DEBUG|13|Microsoft.AspNetCore.Server.Kestrel|Connection id "0HMT6B6CL599J" started. ||||
2023-08-26 19:26:49.5272||DEBUG|5|Microsoft.AspNetCore.Server.Kestrel|Connection id "0HMT6B6CL599K" accepted. ||||
2023-08-26 19:26:49.5272||DEBUG|12|Microsoft.AspNetCore.Server.Kestrel|Connection id "0HMT6B6CL599K" started. ||||
2023-08-26 19:26:49.5272||DEBUG|13|Microsoft.AspNetCore.Server.Kestrel.Https.Internal.HttpsConnectionMiddleware|Failed to authenticate HTTPS connection. System.IO.IOException:  Received an unexpected EOF or 0 bytes from the transport stream.
   at System.Net.Security.SslStream.ReceiveBlobAsync[TIOAdapter](TIOAdapter adapter)
   at System.Net.Security.SslStream.ForceAuthenticationAsync[TIOAdapter](TIOAdapter adapter, Boolean receiveFirst, Byte[] reAuthenticationData, Boolean isApm)
   at Microsoft.AspNetCore.Server.Kestrel.Https.Internal.HttpsConnectionMiddleware.OnConnectionAsync(ConnectionContext context)||||
2023-08-26 19:26:49.5272||DEBUG|13|Microsoft.AspNetCore.Server.Kestrel|Connection id "0HMT6B6CL599J" stopped. ||||
2023-08-26 19:26:49.5272||DEBUG|4|Microsoft.AspNetCore.Server.Kestrel.Transport.Sockets|Connection id "0HMT6B6CL599J" sending FIN because: "The Socket transport's send loop completed gracefully." ||||
2023-08-26 19:26:49.5272||DEBUG|12|Microsoft.AspNetCore.Server.Kestrel.Https.Internal.HttpsConnectionMiddleware|Connection "0HMT6B6CL599K" established using the following protocol: Tls12 ||||
2023-08-26 19:26:49.5381|00-ec6d365638db3f40b1e79780802f32c4-dac30c8487f0df49-00|INFO|12|Microsoft.AspNetCore.Hosting.Diagnostics|Request starting HTTP/1.1 POST https://localhost:5001/api/Account/register application/json 127 |POST|https://localhost/api/Account/register||
2023-08-26 19:26:49.5381|00-ec6d365638db3f40b1e79780802f32c4-dac30c8487f0df49-00|TRACE|12|Microsoft.AspNetCore.HostFiltering.HostFilteringMiddleware|All hosts are allowed. |POST|https://localhost/api/Account/register||
2023-08-26 19:26:49.5381|00-ec6d365638db3f40b1e79780802f32c4-dac30c8487f0df49-00|DEBUG|12|Microsoft.AspNetCore.StaticFiles.StaticFileMiddleware|POST requests are not supported |POST|https://localhost/api/Account/register||
2023-08-26 19:26:49.5632|00-ec6d365638db3f40b1e79780802f32c4-dac30c8487f0df49-00|DEBUG|12|Microsoft.AspNetCore.Routing.Matching.DfaMatcher|1 candidate(s) found for the request path '/api/Account/register' |POST|https://localhost/api/Account/register||
2023-08-26 19:26:49.5632|00-ec6d365638db3f40b1e79780802f32c4-dac30c8487f0df49-00|DEBUG|12|Microsoft.AspNetCore.Routing.Matching.DfaMatcher|Endpoint 'GreenHauseMonitor.Controllers.AccountController.RegisterUser (GreenHauseMonitor)' with route pattern 'api/account/register' is valid for the request path '/api/Account/register' |POST|https://localhost/api/Account/register||
2023-08-26 19:26:49.5632|00-ec6d365638db3f40b1e79780802f32c4-dac30c8487f0df49-00|DEBUG|12|Microsoft.AspNetCore.Routing.EndpointRoutingMiddleware|Request matched endpoint 'GreenHauseMonitor.Controllers.AccountController.RegisterUser (GreenHauseMonitor)' |POST|https://localhost/api/Account/register|RegisterUser|
2023-08-26 19:26:49.5632|00-ec6d365638db3f40b1e79780802f32c4-dac30c8487f0df49-00|INFO|12|Microsoft.AspNetCore.Routing.EndpointMiddleware|Executing endpoint 'GreenHauseMonitor.Controllers.AccountController.RegisterUser (GreenHauseMonitor)' |POST|https://localhost/api/Account/register|RegisterUser|
2023-08-26 19:26:49.5707|00-ec6d365638db3f40b1e79780802f32c4-dac30c8487f0df49-00|DEBUG|12|Microsoft.AspNetCore.Mvc.ModelBinding.ModelBinderFactory|Registered model binder providers, in the following order: Microsoft.AspNetCore.Mvc.ModelBinding.Binders.BinderTypeModelBinderProvider, Microsoft.AspNetCore.Mvc.ModelBinding.Binders.ServicesModelBinderProvider, Microsoft.AspNetCore.Mvc.ModelBinding.Binders.BodyModelBinderProvider, Microsoft.AspNetCore.Mvc.ModelBinding.Binders.HeaderModelBinderProvider, Microsoft.AspNetCore.Mvc.ModelBinding.Binders.FloatingPointTypeModelBinderProvider, Microsoft.AspNetCore.Mvc.ModelBinding.Binders.EnumTypeModelBinderProvider, Microsoft.AspNetCore.Mvc.ModelBinding.Binders.DateTimeModelBinderProvider, Microsoft.AspNetCore.Mvc.ModelBinding.Binders.SimpleTypeModelBinderProvider, Microsoft.AspNetCore.Mvc.ModelBinding.Binders.CancellationTokenModelBinderProvider, Microsoft.AspNetCore.Mvc.ModelBinding.Binders.ByteArrayModelBinderProvider, Microsoft.AspNetCore.Mvc.ModelBinding.Binders.FormFileModelBinderProvider, Microsoft.AspNetCore.Mvc.ModelBinding.Binders.FormCollectionModelBinderProvider, Microsoft.AspNetCore.Mvc.ModelBinding.Binders.KeyValuePairModelBinderProvider, Microsoft.AspNetCore.Mvc.ModelBinding.Binders.DictionaryModelBinderProvider, Microsoft.AspNetCore.Mvc.ModelBinding.Binders.ArrayModelBinderProvider, Microsoft.AspNetCore.Mvc.ModelBinding.Binders.CollectionModelBinderProvider, Microsoft.AspNetCore.Mvc.ModelBinding.Binders.ComplexObjectModelBinderProvider |POST|https://localhost/api/Account/register|RegisterUser|
2023-08-26 19:26:49.5886|00-ec6d365638db3f40b1e79780802f32c4-dac30c8487f0df49-00|INFO|12|Microsoft.AspNetCore.Mvc.Infrastructure.ControllerActionInvoker|Route matched with {action = "RegisterUser", controller = "Account"}. Executing controller action with signature Microsoft.AspNetCore.Mvc.ActionResult RegisterUser(GreenHauseMonitor.Models.RegisterUserDto) on controller GreenHauseMonitor.Controllers.AccountController (GreenHauseMonitor). |POST|https://localhost/api/Account/register|RegisterUser|
2023-08-26 19:26:49.5886|00-ec6d365638db3f40b1e79780802f32c4-dac30c8487f0df49-00|DEBUG|12|Microsoft.AspNetCore.Mvc.Infrastructure.ControllerActionInvoker|Execution plan of authorization filters (in the following order): None |POST|https://localhost/api/Account/register|RegisterUser|
2023-08-26 19:26:49.5886|00-ec6d365638db3f40b1e79780802f32c4-dac30c8487f0df49-00|DEBUG|12|Microsoft.AspNetCore.Mvc.Infrastructure.ControllerActionInvoker|Execution plan of resource filters (in the following order): None |POST|https://localhost/api/Account/register|RegisterUser|
2023-08-26 19:26:49.5886|00-ec6d365638db3f40b1e79780802f32c4-dac30c8487f0df49-00|DEBUG|12|Microsoft.AspNetCore.Mvc.Infrastructure.ControllerActionInvoker|Execution plan of action filters (in the following order): Microsoft.AspNetCore.Mvc.ModelBinding.UnsupportedContentTypeFilter (Order: -3000), Microsoft.AspNetCore.Mvc.Infrastructure.ModelStateInvalidFilter (Order: -2000) |POST|https://localhost/api/Account/register|RegisterUser|
2023-08-26 19:26:49.5886|00-ec6d365638db3f40b1e79780802f32c4-dac30c8487f0df49-00|DEBUG|12|Microsoft.AspNetCore.Mvc.Infrastructure.ControllerActionInvoker|Execution plan of exception filters (in the following order): None |POST|https://localhost/api/Account/register|RegisterUser|
2023-08-26 19:26:49.5886|00-ec6d365638db3f40b1e79780802f32c4-dac30c8487f0df49-00|DEBUG|12|Microsoft.AspNetCore.Mvc.Infrastructure.ControllerActionInvoker|Execution plan of result filters (in the following order): Microsoft.AspNetCore.Mvc.Infrastructure.ClientErrorResultFilter (Order: -2000) |POST|https://localhost/api/Account/register|RegisterUser|
2023-08-26 19:26:49.5886|00-ec6d365638db3f40b1e79780802f32c4-dac30c8487f0df49-00|DEBUG|12|Microsoft.AspNetCore.Mvc.Infrastructure.ControllerActionInvoker|Executing controller factory for controller GreenHauseMonitor.Controllers.AccountController (GreenHauseMonitor) |POST|https://localhost/api/Account/register|RegisterUser|
2023-08-26 19:26:49.6747|00-ec6d365638db3f40b1e79780802f32c4-dac30c8487f0df49-00|DEBUG|12|Microsoft.AspNetCore.Mvc.Infrastructure.ControllerActionInvoker|Executed controller factory for controller GreenHauseMonitor.Controllers.AccountController (GreenHauseMonitor) |POST|https://localhost/api/Account/register|RegisterUser|
2023-08-26 19:26:49.6917|00-ec6d365638db3f40b1e79780802f32c4-dac30c8487f0df49-00|DEBUG|12|Microsoft.AspNetCore.Mvc.ModelBinding.ParameterBinder|Attempting to bind parameter 'dto' of type 'GreenHauseMonitor.Models.RegisterUserDto' ... |POST|https://localhost/api/Account/register|RegisterUser|
2023-08-26 19:26:49.6917|00-ec6d365638db3f40b1e79780802f32c4-dac30c8487f0df49-00|DEBUG|12|Microsoft.AspNetCore.Mvc.ModelBinding.Binders.BodyModelBinder|Attempting to bind parameter 'dto' of type 'GreenHauseMonitor.Models.RegisterUserDto' using the name '' in request data ... |POST|https://localhost/api/Account/register|RegisterUser|
2023-08-26 19:26:49.6917|00-ec6d365638db3f40b1e79780802f32c4-dac30c8487f0df49-00|DEBUG|12|Microsoft.AspNetCore.Mvc.ModelBinding.Binders.BodyModelBinder|Selected input formatter 'Microsoft.AspNetCore.Mvc.Formatters.SystemTextJsonInputFormatter' for content type 'application/json'. |POST|https://localhost/api/Account/register|RegisterUser|
2023-08-26 19:26:49.6917|00-ec6d365638db3f40b1e79780802f32c4-dac30c8487f0df49-00|DEBUG|12|Microsoft.AspNetCore.Server.Kestrel|Connection id "0HMT6B6CL599K", Request id "0HMT6B6CL599K:00000002": started reading request body. |POST|https://localhost/api/Account/register|RegisterUser|
2023-08-26 19:26:49.6917|00-ec6d365638db3f40b1e79780802f32c4-dac30c8487f0df49-00|DEBUG|12|Microsoft.AspNetCore.Server.Kestrel|Connection id "0HMT6B6CL599K", Request id "0HMT6B6CL599K:00000002": done reading request body. |POST|https://localhost/api/Account/register|RegisterUser|
2023-08-26 19:26:49.6917|00-ec6d365638db3f40b1e79780802f32c4-dac30c8487f0df49-00|DEBUG|12|Microsoft.AspNetCore.Mvc.Formatters.SystemTextJsonInputFormatter|JSON input formatter succeeded, deserializing to type 'GreenHauseMonitor.Models.RegisterUserDto' |POST|https://localhost/api/Account/register|RegisterUser|
2023-08-26 19:26:49.6917|00-ec6d365638db3f40b1e79780802f32c4-dac30c8487f0df49-00|DEBUG|12|Microsoft.AspNetCore.Mvc.ModelBinding.Binders.BodyModelBinder|Done attempting to bind parameter 'dto' of type 'GreenHauseMonitor.Models.RegisterUserDto'. |POST|https://localhost/api/Account/register|RegisterUser|
2023-08-26 19:26:49.6917|00-ec6d365638db3f40b1e79780802f32c4-dac30c8487f0df49-00|DEBUG|12|Microsoft.AspNetCore.Mvc.ModelBinding.ParameterBinder|Done attempting to bind parameter 'dto' of type 'GreenHauseMonitor.Models.RegisterUserDto'. |POST|https://localhost/api/Account/register|RegisterUser|
2023-08-26 19:26:49.6917|00-ec6d365638db3f40b1e79780802f32c4-dac30c8487f0df49-00|DEBUG|12|Microsoft.AspNetCore.Mvc.ModelBinding.ParameterBinder|Attempting to validate the bound parameter 'dto' of type 'GreenHauseMonitor.Models.RegisterUserDto' ... |POST|https://localhost/api/Account/register|RegisterUser|
2023-08-26 19:26:49.7217|00-ec6d365638db3f40b1e79780802f32c4-dac30c8487f0df49-00|DEBUG|12|Microsoft.AspNetCore.Mvc.ModelBinding.ParameterBinder|Done attempting to validate the bound parameter 'dto' of type 'GreenHauseMonitor.Models.RegisterUserDto'. |POST|https://localhost/api/Account/register|RegisterUser|
2023-08-26 19:26:49.7232|00-ec6d365638db3f40b1e79780802f32c4-dac30c8487f0df49-00|TRACE|12|Microsoft.AspNetCore.Mvc.Infrastructure.ControllerActionInvoker|Action Filter: Before executing OnActionExecuting on filter Microsoft.AspNetCore.Mvc.ModelBinding.UnsupportedContentTypeFilter. |POST|https://localhost/api/Account/register|RegisterUser|
2023-08-26 19:26:49.7232|00-ec6d365638db3f40b1e79780802f32c4-dac30c8487f0df49-00|TRACE|12|Microsoft.AspNetCore.Mvc.Infrastructure.ControllerActionInvoker|Action Filter: After executing OnActionExecuting on filter Microsoft.AspNetCore.Mvc.ModelBinding.UnsupportedContentTypeFilter. |POST|https://localhost/api/Account/register|RegisterUser|
2023-08-26 19:26:49.7232|00-ec6d365638db3f40b1e79780802f32c4-dac30c8487f0df49-00|TRACE|12|Microsoft.AspNetCore.Mvc.Infrastructure.ControllerActionInvoker|Action Filter: Before executing OnActionExecuting on filter Microsoft.AspNetCore.Mvc.Infrastructure.ModelStateInvalidFilter. |POST|https://localhost/api/Account/register|RegisterUser|
2023-08-26 19:26:49.7232|00-ec6d365638db3f40b1e79780802f32c4-dac30c8487f0df49-00|TRACE|12|Microsoft.AspNetCore.Mvc.Infrastructure.ControllerActionInvoker|Action Filter: After executing OnActionExecuting on filter Microsoft.AspNetCore.Mvc.Infrastructure.ModelStateInvalidFilter. |POST|https://localhost/api/Account/register|RegisterUser|
2023-08-26 19:26:49.7232|00-ec6d365638db3f40b1e79780802f32c4-dac30c8487f0df49-00|INFO|12|Microsoft.AspNetCore.Mvc.Infrastructure.ControllerActionInvoker|Executing action method GreenHauseMonitor.Controllers.AccountController.RegisterUser (GreenHauseMonitor) - Validation state: Valid |POST|https://localhost/api/Account/register|RegisterUser|
2023-08-26 19:26:49.7232|00-ec6d365638db3f40b1e79780802f32c4-dac30c8487f0df49-00|TRACE|12|Microsoft.AspNetCore.Mvc.Infrastructure.ControllerActionInvoker|Executing action method GreenHauseMonitor.Controllers.AccountController.RegisterUser (GreenHauseMonitor) with arguments (GreenHauseMonitor.Models.RegisterUserDto) |POST|https://localhost/api/Account/register|RegisterUser|
2023-08-26 19:26:49.9112|00-ec6d365638db3f40b1e79780802f32c4-dac30c8487f0df49-00|INFO|12|Microsoft.AspNetCore.Mvc.Infrastructure.ControllerActionInvoker|Executed action method GreenHauseMonitor.Controllers.AccountController.RegisterUser (GreenHauseMonitor), returned result Microsoft.AspNetCore.Mvc.OkResult in 183.1008ms. |POST|https://localhost/api/Account/register|RegisterUser|
2023-08-26 19:26:49.9112|00-ec6d365638db3f40b1e79780802f32c4-dac30c8487f0df49-00|TRACE|12|Microsoft.AspNetCore.Mvc.Infrastructure.ControllerActionInvoker|Action Filter: Before executing OnActionExecuted on filter Microsoft.AspNetCore.Mvc.Infrastructure.ModelStateInvalidFilter. |POST|https://localhost/api/Account/register|RegisterUser|
2023-08-26 19:26:49.9112|00-ec6d365638db3f40b1e79780802f32c4-dac30c8487f0df49-00|TRACE|12|Microsoft.AspNetCore.Mvc.Infrastructure.ControllerActionInvoker|Action Filter: After executing OnActionExecuted on filter Microsoft.AspNetCore.Mvc.Infrastructure.ModelStateInvalidFilter. |POST|https://localhost/api/Account/register|RegisterUser|
2023-08-26 19:26:49.9112|00-ec6d365638db3f40b1e79780802f32c4-dac30c8487f0df49-00|TRACE|12|Microsoft.AspNetCore.Mvc.Infrastructure.ControllerActionInvoker|Action Filter: Before executing OnActionExecuted on filter Microsoft.AspNetCore.Mvc.ModelBinding.UnsupportedContentTypeFilter. |POST|https://localhost/api/Account/register|RegisterUser|
2023-08-26 19:26:49.9112|00-ec6d365638db3f40b1e79780802f32c4-dac30c8487f0df49-00|TRACE|12|Microsoft.AspNetCore.Mvc.Infrastructure.ControllerActionInvoker|Action Filter: After executing OnActionExecuted on filter Microsoft.AspNetCore.Mvc.ModelBinding.UnsupportedContentTypeFilter. |POST|https://localhost/api/Account/register|RegisterUser|
2023-08-26 19:26:49.9112|00-ec6d365638db3f40b1e79780802f32c4-dac30c8487f0df49-00|TRACE|12|Microsoft.AspNetCore.Mvc.Infrastructure.ControllerActionInvoker|Result Filter: Before executing OnResultExecuting on filter Microsoft.AspNetCore.Mvc.Infrastructure.ClientErrorResultFilter. |POST|https://localhost/api/Account/register|RegisterUser|
2023-08-26 19:26:49.9112|00-ec6d365638db3f40b1e79780802f32c4-dac30c8487f0df49-00|TRACE|12|Microsoft.AspNetCore.Mvc.Infrastructure.ControllerActionInvoker|Result Filter: After executing OnResultExecuting on filter Microsoft.AspNetCore.Mvc.Infrastructure.ClientErrorResultFilter. |POST|https://localhost/api/Account/register|RegisterUser|
2023-08-26 19:26:49.9112|00-ec6d365638db3f40b1e79780802f32c4-dac30c8487f0df49-00|TRACE|12|Microsoft.AspNetCore.Mvc.Infrastructure.ControllerActionInvoker|Before executing action result Microsoft.AspNetCore.Mvc.OkResult. |POST|https://localhost/api/Account/register|RegisterUser|
2023-08-26 19:26:49.9112|00-ec6d365638db3f40b1e79780802f32c4-dac30c8487f0df49-00|INFO|12|Microsoft.AspNetCore.Mvc.StatusCodeResult|Executing HttpStatusCodeResult, setting HTTP status code 200 |POST|https://localhost/api/Account/register|RegisterUser|
2023-08-26 19:26:49.9112|00-ec6d365638db3f40b1e79780802f32c4-dac30c8487f0df49-00|TRACE|12|Microsoft.AspNetCore.Mvc.Infrastructure.ControllerActionInvoker|After executing action result Microsoft.AspNetCore.Mvc.OkResult. |POST|https://localhost/api/Account/register|RegisterUser|
2023-08-26 19:26:49.9112|00-ec6d365638db3f40b1e79780802f32c4-dac30c8487f0df49-00|TRACE|12|Microsoft.AspNetCore.Mvc.Infrastructure.ControllerActionInvoker|Result Filter: Before executing OnResultExecuted on filter Microsoft.AspNetCore.Mvc.Infrastructure.ClientErrorResultFilter. |POST|https://localhost/api/Account/register|RegisterUser|
2023-08-26 19:26:49.9112|00-ec6d365638db3f40b1e79780802f32c4-dac30c8487f0df49-00|TRACE|12|Microsoft.AspNetCore.Mvc.Infrastructure.ControllerActionInvoker|Result Filter: After executing OnResultExecuted on filter Microsoft.AspNetCore.Mvc.Infrastructure.ClientErrorResultFilter. |POST|https://localhost/api/Account/register|RegisterUser|
2023-08-26 19:26:49.9112|00-ec6d365638db3f40b1e79780802f32c4-dac30c8487f0df49-00|INFO|12|Microsoft.AspNetCore.Mvc.Infrastructure.ControllerActionInvoker|Executed action GreenHauseMonitor.Controllers.AccountController.RegisterUser (GreenHauseMonitor) in 324.781ms |POST|https://localhost/api/Account/register|RegisterUser|
2023-08-26 19:26:49.9112|00-ec6d365638db3f40b1e79780802f32c4-dac30c8487f0df49-00|INFO|12|Microsoft.AspNetCore.Routing.EndpointMiddleware|Executed endpoint 'GreenHauseMonitor.Controllers.AccountController.RegisterUser (GreenHauseMonitor)' |POST|https://localhost/api/Account/register|RegisterUser|
2023-08-26 19:26:49.9112|00-ec6d365638db3f40b1e79780802f32c4-dac30c8487f0df49-00|DEBUG|12|Microsoft.AspNetCore.Server.Kestrel|Connection id "0HMT6B6CL599K" completed keep alive response. |POST|https://localhost/api/Account/register|RegisterUser|
2023-08-26 19:26:49.9112|00-ec6d365638db3f40b1e79780802f32c4-dac30c8487f0df49-00|INFO|12|Microsoft.AspNetCore.Hosting.Diagnostics|Request finished HTTP/1.1 POST https://localhost:5001/api/Account/register application/json 127 - 200 0 - 381.7537ms |POST|https://localhost/api/Account/register|RegisterUser|
2023-08-26 19:27:37.8477||TRACE|5|Microsoft.AspNetCore.Server.Kestrel|Connection id "0HMT6B6CL599I" received PING frame for stream ID 0 with length 8 and flags NONE ||||
2023-08-26 19:27:37.8477||TRACE|5|Microsoft.AspNetCore.Server.Kestrel|Connection id "0HMT6B6CL599I" sending PING frame for stream ID 0 with length 8 and flags ACK ||||
2023-08-26 19:28:36.0373||TRACE|5|Microsoft.AspNetCore.Server.Kestrel|Connection id "0HMT6B6CL599I" received PING frame for stream ID 0 with length 8 and flags NONE ||||
2023-08-26 19:28:36.0373||TRACE|5|Microsoft.AspNetCore.Server.Kestrel|Connection id "0HMT6B6CL599I" sending PING frame for stream ID 0 with length 8 and flags ACK ||||
2023-08-26 19:29:29.0342||DEBUG|5|Microsoft.AspNetCore.Server.Kestrel.Transport.Sockets|Connection id "0HMT6B6CL599I" received FIN. ||||
2023-08-26 19:29:29.0358||TRACE|15|Microsoft.AspNetCore.Server.Kestrel|Connection id "0HMT6B6CL599I" received GOAWAY frame for stream ID 0 with length 8 and flags 0x0 ||||
2023-08-26 19:29:29.0358||DEBUG|5|Microsoft.AspNetCore.Server.Kestrel|Connection id "0HMT6B6CL599I" is closed. The last processed stream ID was 27. ||||
2023-08-26 19:29:29.0358||DEBUG|5|Microsoft.AspNetCore.Server.Kestrel.Transport.Sockets|Connection id "0HMT6B6CL599I" sending FIN because: "The client closed the connection." ||||
2023-08-26 19:29:29.0516||DEBUG|15|Microsoft.AspNetCore.Server.Kestrel|Connection id "0HMT6B6CL599I" stopped. ||||
2023-08-26 19:38:34.2907||DEBUG|1|Microsoft.Extensions.Hosting.Internal.Host|Hosting starting ||||
2023-08-26 19:38:35.7692||DEBUG|1|Microsoft.AspNetCore.Server.Kestrel.Core.KestrelServer|Using development certificate: CN=localhost (Thumbprint: 271FCE57A0031D4456FCBF86AC23FB6233DED546) ||||
2023-08-26 19:38:35.8316||INFO|1|Microsoft.Hosting.Lifetime|Now listening on: https://localhost:5001 ||||
2023-08-26 19:38:35.8332||INFO|1|Microsoft.Hosting.Lifetime|Now listening on: http://localhost:5000 ||||
2023-08-26 19:38:35.8332||DEBUG|1|Microsoft.AspNetCore.Hosting.Diagnostics|Loaded hosting startup assembly GreenHauseMonitor ||||
2023-08-26 19:38:35.8332||INFO|1|Microsoft.Hosting.Lifetime|Application started. Press Ctrl+C to shut down. ||||
2023-08-26 19:38:35.8332||INFO|1|Microsoft.Hosting.Lifetime|Hosting environment: Development ||||
2023-08-26 19:38:35.8332||INFO|1|Microsoft.Hosting.Lifetime|Content root path: C:\Users\Azzinoth\source\repos\GreenHauseMonitor\GreenHauseMonitor ||||
2023-08-26 19:38:35.8332||DEBUG|1|Microsoft.Extensions.Hosting.Internal.Host|Hosting started ||||
2023-08-26 19:38:36.1523||DEBUG|9|Microsoft.AspNetCore.Server.Kestrel|Connection id "0HMT6BD3B7NC3" accepted. ||||
2023-08-26 19:38:36.1523||DEBUG|12|Microsoft.AspNetCore.Server.Kestrel|Connection id "0HMT6BD3B7NC3" started. ||||
2023-08-26 19:38:36.1523||DEBUG|9|Microsoft.AspNetCore.Server.Kestrel|Connection id "0HMT6BD3B7NC4" accepted. ||||
2023-08-26 19:38:36.1523||DEBUG|4|Microsoft.AspNetCore.Server.Kestrel|Connection id "0HMT6BD3B7NC4" started. ||||
2023-08-26 19:38:36.1725||DEBUG|11|Microsoft.AspNetCore.Server.Kestrel.Transport.Sockets|Connection id "0HMT6BD3B7NC3" received FIN. ||||
2023-08-26 19:38:36.1725||DEBUG|5|Microsoft.AspNetCore.Server.Kestrel.Transport.Sockets|Connection id "0HMT6BD3B7NC4" received FIN. ||||
2023-08-26 19:38:36.1819||DEBUG|4|Microsoft.AspNetCore.Server.Kestrel.Https.Internal.HttpsConnectionMiddleware|Failed to authenticate HTTPS connection. System.IO.IOException:  Received an unexpected EOF or 0 bytes from the transport stream.
   at System.Net.Security.SslStream.<FillHandshakeBufferAsync>g__InternalFillHandshakeBufferAsync|182_0[TIOAdapter](TIOAdapter adap, ValueTask`1 task, Int32 minSize)
   at System.Net.Security.SslStream.ReceiveBlobAsync[TIOAdapter](TIOAdapter adapter)
   at System.Net.Security.SslStream.ForceAuthenticationAsync[TIOAdapter](TIOAdapter adapter, Boolean receiveFirst, Byte[] reAuthenticationData, Boolean isApm)
   at Microsoft.AspNetCore.Server.Kestrel.Https.Internal.HttpsConnectionMiddleware.OnConnectionAsync(ConnectionContext context)||||
2023-08-26 19:38:36.1819||DEBUG|12|Microsoft.AspNetCore.Server.Kestrel.Https.Internal.HttpsConnectionMiddleware|Failed to authenticate HTTPS connection. System.IO.IOException:  Received an unexpected EOF or 0 bytes from the transport stream.
   at System.Net.Security.SslStream.<FillHandshakeBufferAsync>g__InternalFillHandshakeBufferAsync|182_0[TIOAdapter](TIOAdapter adap, ValueTask`1 task, Int32 minSize)
   at System.Net.Security.SslStream.ReceiveBlobAsync[TIOAdapter](TIOAdapter adapter)
   at System.Net.Security.SslStream.ForceAuthenticationAsync[TIOAdapter](TIOAdapter adapter, Boolean receiveFirst, Byte[] reAuthenticationData, Boolean isApm)
   at Microsoft.AspNetCore.Server.Kestrel.Https.Internal.HttpsConnectionMiddleware.OnConnectionAsync(ConnectionContext context)||||
2023-08-26 19:38:36.2182||DEBUG|4|Microsoft.AspNetCore.Server.Kestrel|Connection id "0HMT6BD3B7NC3" stopped. ||||
2023-08-26 19:38:36.2182||DEBUG|12|Microsoft.AspNetCore.Server.Kestrel|Connection id "0HMT6BD3B7NC4" stopped. ||||
2023-08-26 19:38:36.2182||DEBUG|13|Microsoft.AspNetCore.Server.Kestrel.Transport.Sockets|Connection id "0HMT6BD3B7NC3" sending FIN because: "The Socket transport's send loop completed gracefully." ||||
2023-08-26 19:38:36.2182||DEBUG|11|Microsoft.AspNetCore.Server.Kestrel.Transport.Sockets|Connection id "0HMT6BD3B7NC4" sending FIN because: "The Socket transport's send loop completed gracefully." ||||
2023-08-26 19:38:39.5884||DEBUG|9|Microsoft.AspNetCore.Server.Kestrel|Connection id "0HMT6BD3B7NC5" accepted. ||||
2023-08-26 19:38:39.5884||DEBUG|13|Microsoft.AspNetCore.Server.Kestrel|Connection id "0HMT6BD3B7NC5" started. ||||
2023-08-26 19:38:39.6637||DEBUG|12|Microsoft.AspNetCore.Server.Kestrel.Https.Internal.HttpsConnectionMiddleware|Connection "0HMT6BD3B7NC5" established using the following protocol: Tls12 ||||
2023-08-26 19:38:39.6793||TRACE|12|Microsoft.AspNetCore.Server.Kestrel|Connection id "0HMT6BD3B7NC5" sending SETTINGS frame for stream ID 0 with length 18 and flags NONE ||||
2023-08-26 19:38:39.6793||TRACE|12|Microsoft.AspNetCore.Server.Kestrel|Connection id "0HMT6BD3B7NC5" sending WINDOW_UPDATE frame for stream ID 0 with length 4 and flags 0x0 ||||
2023-08-26 19:38:39.6793||TRACE|12|Microsoft.AspNetCore.Server.Kestrel|Connection id "0HMT6BD3B7NC5" received SETTINGS frame for stream ID 0 with length 18 and flags NONE ||||
2023-08-26 19:38:39.6793||TRACE|12|Microsoft.AspNetCore.Server.Kestrel|Connection id "0HMT6BD3B7NC5" sending SETTINGS frame for stream ID 0 with length 0 and flags ACK ||||
2023-08-26 19:38:39.6793||TRACE|12|Microsoft.AspNetCore.Server.Kestrel|Connection id "0HMT6BD3B7NC5" received WINDOW_UPDATE frame for stream ID 0 with length 4 and flags 0x0 ||||
2023-08-26 19:38:39.6793||TRACE|12|Microsoft.AspNetCore.Server.Kestrel|Connection id "0HMT6BD3B7NC5" received PRIORITY frame for stream ID 3 with length 5 and flags 0x0 ||||
2023-08-26 19:38:39.6793||TRACE|12|Microsoft.AspNetCore.Server.Kestrel|Connection id "0HMT6BD3B7NC5" received PRIORITY frame for stream ID 5 with length 5 and flags 0x0 ||||
2023-08-26 19:38:39.6793||TRACE|12|Microsoft.AspNetCore.Server.Kestrel|Connection id "0HMT6BD3B7NC5" received PRIORITY frame for stream ID 7 with length 5 and flags 0x0 ||||
2023-08-26 19:38:39.6793||TRACE|12|Microsoft.AspNetCore.Server.Kestrel|Connection id "0HMT6BD3B7NC5" received PRIORITY frame for stream ID 9 with length 5 and flags 0x0 ||||
2023-08-26 19:38:39.6793||TRACE|12|Microsoft.AspNetCore.Server.Kestrel|Connection id "0HMT6BD3B7NC5" received PRIORITY frame for stream ID 11 with length 5 and flags 0x0 ||||
2023-08-26 19:38:39.6793||TRACE|12|Microsoft.AspNetCore.Server.Kestrel|Connection id "0HMT6BD3B7NC5" received PRIORITY frame for stream ID 13 with length 5 and flags 0x0 ||||
2023-08-26 19:38:39.6793||TRACE|12|Microsoft.AspNetCore.Server.Kestrel|Connection id "0HMT6BD3B7NC5" received SETTINGS frame for stream ID 0 with length 0 and flags ACK ||||
2023-08-26 19:38:39.7369||TRACE|4|Microsoft.AspNetCore.Server.Kestrel|Connection id "0HMT6BD3B7NC5" received HEADERS frame for stream ID 15 with length 293 and flags END_STREAM, END_HEADERS, PRIORITY ||||
2023-08-26 19:38:39.7587||TRACE|4|Microsoft.AspNetCore.Server.Kestrel|Connection id "0HMT6BD3B7NC5" received WINDOW_UPDATE frame for stream ID 15 with length 4 and flags 0x0 ||||
2023-08-26 19:38:39.7587||TRACE|4|Microsoft.AspNetCore.Server.Kestrel|Connection id "0HMT6BD3B7NC5" received RST_STREAM frame for stream ID 15 with length 4 and flags 0x0 ||||
2023-08-26 19:38:39.7711|00-2309c7a5c3556047a90355e58a32be1f-3fc20882f8bf6646-00|INFO|5|Microsoft.AspNetCore.Hosting.Diagnostics|Request starting HTTP/2 GET https://localhost:5001/swagger - - |GET|https://localhost/swagger||
2023-08-26 19:38:39.7711|00-2309c7a5c3556047a90355e58a32be1f-3fc20882f8bf6646-00|DEBUG|5|Microsoft.AspNetCore.HostFiltering.HostFilteringMiddleware|Wildcard detected, all requests with hosts will be allowed. |GET|https://localhost/swagger||
2023-08-26 19:38:39.7711|00-2309c7a5c3556047a90355e58a32be1f-3fc20882f8bf6646-00|TRACE|5|Microsoft.AspNetCore.HostFiltering.HostFilteringMiddleware|All hosts are allowed. |GET|https://localhost/swagger||
2023-08-26 19:38:39.7977|00-2309c7a5c3556047a90355e58a32be1f-3fc20882f8bf6646-00|INFO|5|Microsoft.AspNetCore.Hosting.Diagnostics|Request finished HTTP/2 GET https://localhost:5001/swagger - - - 0 - - 27.7588ms |GET|https://localhost/swagger||
2023-08-26 19:38:39.8545||TRACE|5|Microsoft.AspNetCore.Server.Kestrel|Connection id "0HMT6BD3B7NC5" received HEADERS frame for stream ID 17 with length 34 and flags END_STREAM, END_HEADERS, PRIORITY ||||
2023-08-26 19:38:39.8545||TRACE|5|Microsoft.AspNetCore.Server.Kestrel|Connection id "0HMT6BD3B7NC5" received WINDOW_UPDATE frame for stream ID 17 with length 4 and flags 0x0 ||||
2023-08-26 19:38:39.8545|00-90955f4fb762264c8755d531943d2783-e60f89ec87acc34d-00|INFO|13|Microsoft.AspNetCore.Hosting.Diagnostics|Request starting HTTP/2 GET https://localhost:5001/swagger/index.html - - |GET|https://localhost/swagger/index.html||
2023-08-26 19:38:39.8545|00-90955f4fb762264c8755d531943d2783-e60f89ec87acc34d-00|TRACE|13|Microsoft.AspNetCore.HostFiltering.HostFilteringMiddleware|All hosts are allowed. |GET|https://localhost/swagger/index.html||
2023-08-26 19:38:39.9660|00-90955f4fb762264c8755d531943d2783-e60f89ec87acc34d-00|TRACE|13|Microsoft.AspNetCore.Server.Kestrel|Connection id "0HMT6BD3B7NC5" sending HEADERS frame for stream ID 17 with length 66 and flags END_HEADERS |GET|https://localhost/swagger/index.html||
2023-08-26 19:38:39.9660||TRACE|13|Microsoft.AspNetCore.Server.Kestrel|Connection id "0HMT6BD3B7NC5" sending DATA frame for stream ID 17 with length 3191 and flags NONE ||||
2023-08-26 19:38:39.9660||TRACE|13|Microsoft.AspNetCore.Server.Kestrel|Connection id "0HMT6BD3B7NC5" sending DATA frame for stream ID 17 with length 0 and flags END_STREAM ||||
2023-08-26 19:38:39.9660|00-90955f4fb762264c8755d531943d2783-e60f89ec87acc34d-00|INFO|13|Microsoft.AspNetCore.Hosting.Diagnostics|Request finished HTTP/2 GET https://localhost:5001/swagger/index.html - - - 200 - text/html;charset=utf-8 112.0224ms |GET|https://localhost/swagger/index.html||
2023-08-26 19:38:40.0086||TRACE|4|Microsoft.AspNetCore.Server.Kestrel|Connection id "0HMT6BD3B7NC5" received HEADERS frame for stream ID 19 with length 105 and flags END_STREAM, END_HEADERS, PRIORITY ||||
2023-08-26 19:38:40.0086||TRACE|4|Microsoft.AspNetCore.Server.Kestrel|Connection id "0HMT6BD3B7NC5" received WINDOW_UPDATE frame for stream ID 19 with length 4 and flags 0x0 ||||
2023-08-26 19:38:40.0086||TRACE|4|Microsoft.AspNetCore.Server.Kestrel|Connection id "0HMT6BD3B7NC5" received RST_STREAM frame for stream ID 19 with length 4 and flags 0x0 ||||
2023-08-26 19:38:40.0687|00-a17286389fd77c46b1671c1af47dc4ae-a86e06cb2280ac48-00|INFO|4|Microsoft.AspNetCore.Hosting.Diagnostics|Request starting HTTP/2 GET https://localhost:5001/swagger/swagger-ui.css - - |GET|https://localhost/swagger/swagger-ui.css||
2023-08-26 19:38:40.0687|00-a17286389fd77c46b1671c1af47dc4ae-a86e06cb2280ac48-00|TRACE|4|Microsoft.AspNetCore.HostFiltering.HostFilteringMiddleware|All hosts are allowed. |GET|https://localhost/swagger/swagger-ui.css||
2023-08-26 19:38:40.1814|00-a17286389fd77c46b1671c1af47dc4ae-a86e06cb2280ac48-00|TRACE|4|Microsoft.AspNetCore.StaticFiles.StaticFileMiddleware|Range header's value is empty. |GET|https://localhost/swagger/swagger-ui.css||
2023-08-26 19:38:40.2188|00-a17286389fd77c46b1671c1af47dc4ae-a86e06cb2280ac48-00|DEBUG|4|Microsoft.AspNetCore.StaticFiles.StaticFileMiddleware|The file transmission was cancelled System.OperationCanceledException: The operation was canceled.
   at System.Threading.CancellationToken.ThrowOperationCanceledException()
   at System.Threading.CancellationToken.ThrowIfCancellationRequested()
   at Microsoft.AspNetCore.Http.SendFileResponseExtensions.SendFileAsyncCore(HttpResponse response, IFileInfo file, Int64 offset, Nullable`1 count, CancellationToken cancellationToken)
   at Microsoft.AspNetCore.StaticFiles.StaticFileContext.SendAsync()|GET|https://localhost/swagger/swagger-ui.css||
2023-08-26 19:38:40.2188|00-a17286389fd77c46b1671c1af47dc4ae-a86e06cb2280ac48-00|INFO|4|Microsoft.AspNetCore.StaticFiles.StaticFileMiddleware|Sending file. Request path: '/swagger-ui.css'. Physical path: 'N/A' |GET|https://localhost/swagger/swagger-ui.css||
2023-08-26 19:38:40.2188|00-a17286389fd77c46b1671c1af47dc4ae-a86e06cb2280ac48-00|INFO|4|Microsoft.AspNetCore.Hosting.Diagnostics|Request finished HTTP/2 GET https://localhost:5001/swagger/swagger-ui.css - - - 0 142933 text/css 154.2029ms |GET|https://localhost/swagger/swagger-ui.css||
2023-08-26 19:38:40.3167||TRACE|13|Microsoft.AspNetCore.Server.Kestrel|Connection id "0HMT6BD3B7NC5" received HEADERS frame for stream ID 21 with length 65 and flags END_STREAM, END_HEADERS, PRIORITY ||||
2023-08-26 19:38:40.3367||TRACE|13|Microsoft.AspNetCore.Server.Kestrel|Connection id "0HMT6BD3B7NC5" received WINDOW_UPDATE frame for stream ID 21 with length 4 and flags 0x0 ||||
2023-08-26 19:38:40.4513|00-d221f558da56be48ac9afac96ab3dfc3-46fc191eb3d23742-00|INFO|13|Microsoft.AspNetCore.Hosting.Diagnostics|Request starting HTTP/2 GET https://localhost:5001/swagger/v1/swagger.json - - |GET|https://localhost/swagger/v1/swagger.json||
2023-08-26 19:38:40.4513|00-d221f558da56be48ac9afac96ab3dfc3-46fc191eb3d23742-00|TRACE|13|Microsoft.AspNetCore.HostFiltering.HostFilteringMiddleware|All hosts are allowed. |GET|https://localhost/swagger/v1/swagger.json||
2023-08-26 19:38:40.4513||TRACE|11|Microsoft.AspNetCore.Server.Kestrel|Connection id "0HMT6BD3B7NC5" received HEADERS frame for stream ID 23 with length 65 and flags END_STREAM, END_HEADERS, PRIORITY ||||
2023-08-26 19:38:40.4513||TRACE|11|Microsoft.AspNetCore.Server.Kestrel|Connection id "0HMT6BD3B7NC5" received WINDOW_UPDATE frame for stream ID 23 with length 4 and flags 0x0 ||||
2023-08-26 19:38:40.4654|00-9769a33b7bfe6a439aa0babb6102eb5c-d8c85c39605e7e42-00|INFO|11|Microsoft.AspNetCore.Hosting.Diagnostics|Request starting HTTP/2 GET https://localhost:5001/swagger/favicon-16x16.png - - |GET|https://localhost/swagger/favicon-16x16.png||
2023-08-26 19:38:40.4654|00-9769a33b7bfe6a439aa0babb6102eb5c-d8c85c39605e7e42-00|TRACE|11|Microsoft.AspNetCore.HostFiltering.HostFilteringMiddleware|All hosts are allowed. |GET|https://localhost/swagger/favicon-16x16.png||
2023-08-26 19:38:40.4654|00-9769a33b7bfe6a439aa0babb6102eb5c-d8c85c39605e7e42-00|TRACE|11|Microsoft.AspNetCore.StaticFiles.StaticFileMiddleware|Range header's value is empty. |GET|https://localhost/swagger/favicon-16x16.png||
2023-08-26 19:38:40.4654|00-9769a33b7bfe6a439aa0babb6102eb5c-d8c85c39605e7e42-00|TRACE|11|Microsoft.AspNetCore.Server.Kestrel|Connection id "0HMT6BD3B7NC5" sending HEADERS frame for stream ID 23 with length 77 and flags END_HEADERS |GET|https://localhost/swagger/favicon-16x16.png||
2023-08-26 19:38:40.4654||TRACE|11|Microsoft.AspNetCore.Server.Kestrel|Connection id "0HMT6BD3B7NC5" sending DATA frame for stream ID 23 with length 665 and flags NONE ||||
2023-08-26 19:38:40.4654|00-9769a33b7bfe6a439aa0babb6102eb5c-d8c85c39605e7e42-00|INFO|11|Microsoft.AspNetCore.StaticFiles.StaticFileMiddleware|Sending file. Request path: '/favicon-16x16.png'. Physical path: 'N/A' |GET|https://localhost/swagger/favicon-16x16.png||
2023-08-26 19:38:40.4654||TRACE|11|Microsoft.AspNetCore.Server.Kestrel|Connection id "0HMT6BD3B7NC5" sending DATA frame for stream ID 23 with length 0 and flags END_STREAM ||||
2023-08-26 19:38:40.4654|00-9769a33b7bfe6a439aa0babb6102eb5c-d8c85c39605e7e42-00|INFO|11|Microsoft.AspNetCore.Hosting.Diagnostics|Request finished HTTP/2 GET https://localhost:5001/swagger/favicon-16x16.png - - - 200 665 image/png 2.8599ms |GET|https://localhost/swagger/favicon-16x16.png||
2023-08-26 19:38:40.5849|00-d221f558da56be48ac9afac96ab3dfc3-46fc191eb3d23742-00|TRACE|13|Microsoft.AspNetCore.Server.Kestrel|Connection id "0HMT6BD3B7NC5" sending HEADERS frame for stream ID 21 with length 35 and flags END_HEADERS |GET|https://localhost/swagger/v1/swagger.json||
2023-08-26 19:38:40.5849||TRACE|13|Microsoft.AspNetCore.Server.Kestrel|Connection id "0HMT6BD3B7NC5" sending DATA frame for stream ID 21 with length 13872 and flags NONE ||||
2023-08-26 19:38:40.5849||TRACE|13|Microsoft.AspNetCore.Server.Kestrel|Connection id "0HMT6BD3B7NC5" sending DATA frame for stream ID 21 with length 0 and flags END_STREAM ||||
2023-08-26 19:38:40.5849|00-d221f558da56be48ac9afac96ab3dfc3-46fc191eb3d23742-00|INFO|13|Microsoft.AspNetCore.Hosting.Diagnostics|Request finished HTTP/2 GET https://localhost:5001/swagger/v1/swagger.json - - - 200 - application/json;charset=utf-8 136.0218ms |GET|https://localhost/swagger/v1/swagger.json||
2023-08-26 19:39:07.2884||DEBUG|9|Microsoft.AspNetCore.Server.Kestrel|Connection id "0HMT6BD3B7NC6" accepted. ||||
2023-08-26 19:39:07.2884||DEBUG|13|Microsoft.AspNetCore.Server.Kestrel.Transport.Sockets|Connection id "0HMT6BD3B7NC6" received FIN. ||||
2023-08-26 19:39:07.2884||DEBUG|12|Microsoft.AspNetCore.Server.Kestrel|Connection id "0HMT6BD3B7NC6" started. ||||
2023-08-26 19:39:07.2884||DEBUG|9|Microsoft.AspNetCore.Server.Kestrel|Connection id "0HMT6BD3B7NC7" accepted. ||||
2023-08-26 19:39:07.2884||DEBUG|12|Microsoft.AspNetCore.Server.Kestrel|Connection id "0HMT6BD3B7NC7" started. ||||
2023-08-26 19:39:07.2884||DEBUG|13|Microsoft.AspNetCore.Server.Kestrel.Https.Internal.HttpsConnectionMiddleware|Failed to authenticate HTTPS connection. System.IO.IOException:  Received an unexpected EOF or 0 bytes from the transport stream.
   at System.Net.Security.SslStream.ReceiveBlobAsync[TIOAdapter](TIOAdapter adapter)
   at System.Net.Security.SslStream.ForceAuthenticationAsync[TIOAdapter](TIOAdapter adapter, Boolean receiveFirst, Byte[] reAuthenticationData, Boolean isApm)
   at Microsoft.AspNetCore.Server.Kestrel.Https.Internal.HttpsConnectionMiddleware.OnConnectionAsync(ConnectionContext context)||||
2023-08-26 19:39:07.2884||DEBUG|13|Microsoft.AspNetCore.Server.Kestrel|Connection id "0HMT6BD3B7NC6" stopped. ||||
2023-08-26 19:39:07.2884||DEBUG|4|Microsoft.AspNetCore.Server.Kestrel.Transport.Sockets|Connection id "0HMT6BD3B7NC6" sending FIN because: "The Socket transport's send loop completed gracefully." ||||
2023-08-26 19:39:07.2884||DEBUG|4|Microsoft.AspNetCore.Server.Kestrel.Https.Internal.HttpsConnectionMiddleware|Connection "0HMT6BD3B7NC7" established using the following protocol: Tls12 ||||
2023-08-26 19:39:07.3101|00-d2f01633c68ebb48a4b733eab855493c-381e91c19b8d6546-00|INFO|15|Microsoft.AspNetCore.Hosting.Diagnostics|Request starting HTTP/1.1 POST https://localhost:5001/api/Account/register application/json 135 |POST|https://localhost/api/Account/register||
2023-08-26 19:39:07.3101|00-d2f01633c68ebb48a4b733eab855493c-381e91c19b8d6546-00|TRACE|15|Microsoft.AspNetCore.HostFiltering.HostFilteringMiddleware|All hosts are allowed. |POST|https://localhost/api/Account/register||
2023-08-26 19:39:07.3101|00-d2f01633c68ebb48a4b733eab855493c-381e91c19b8d6546-00|DEBUG|15|Microsoft.AspNetCore.StaticFiles.StaticFileMiddleware|POST requests are not supported |POST|https://localhost/api/Account/register||
2023-08-26 19:39:07.3374|00-d2f01633c68ebb48a4b733eab855493c-381e91c19b8d6546-00|DEBUG|15|Microsoft.AspNetCore.Routing.Matching.DfaMatcher|1 candidate(s) found for the request path '/api/Account/register' |POST|https://localhost/api/Account/register||
2023-08-26 19:39:07.3374|00-d2f01633c68ebb48a4b733eab855493c-381e91c19b8d6546-00|DEBUG|15|Microsoft.AspNetCore.Routing.Matching.DfaMatcher|Endpoint 'GreenHauseMonitor.Controllers.AccountController.RegisterUser (GreenHauseMonitor)' with route pattern 'api/account/register' is valid for the request path '/api/Account/register' |POST|https://localhost/api/Account/register||
2023-08-26 19:39:07.3374|00-d2f01633c68ebb48a4b733eab855493c-381e91c19b8d6546-00|DEBUG|15|Microsoft.AspNetCore.Routing.EndpointRoutingMiddleware|Request matched endpoint 'GreenHauseMonitor.Controllers.AccountController.RegisterUser (GreenHauseMonitor)' |POST|https://localhost/api/Account/register|RegisterUser|
2023-08-26 19:39:07.3374|00-d2f01633c68ebb48a4b733eab855493c-381e91c19b8d6546-00|INFO|15|Microsoft.AspNetCore.Routing.EndpointMiddleware|Executing endpoint 'GreenHauseMonitor.Controllers.AccountController.RegisterUser (GreenHauseMonitor)' |POST|https://localhost/api/Account/register|RegisterUser|
2023-08-26 19:39:07.3374|00-d2f01633c68ebb48a4b733eab855493c-381e91c19b8d6546-00|DEBUG|15|Microsoft.AspNetCore.Mvc.ModelBinding.ModelBinderFactory|Registered model binder providers, in the following order: Microsoft.AspNetCore.Mvc.ModelBinding.Binders.BinderTypeModelBinderProvider, Microsoft.AspNetCore.Mvc.ModelBinding.Binders.ServicesModelBinderProvider, Microsoft.AspNetCore.Mvc.ModelBinding.Binders.BodyModelBinderProvider, Microsoft.AspNetCore.Mvc.ModelBinding.Binders.HeaderModelBinderProvider, Microsoft.AspNetCore.Mvc.ModelBinding.Binders.FloatingPointTypeModelBinderProvider, Microsoft.AspNetCore.Mvc.ModelBinding.Binders.EnumTypeModelBinderProvider, Microsoft.AspNetCore.Mvc.ModelBinding.Binders.DateTimeModelBinderProvider, Microsoft.AspNetCore.Mvc.ModelBinding.Binders.SimpleTypeModelBinderProvider, Microsoft.AspNetCore.Mvc.ModelBinding.Binders.CancellationTokenModelBinderProvider, Microsoft.AspNetCore.Mvc.ModelBinding.Binders.ByteArrayModelBinderProvider, Microsoft.AspNetCore.Mvc.ModelBinding.Binders.FormFileModelBinderProvider, Microsoft.AspNetCore.Mvc.ModelBinding.Binders.FormCollectionModelBinderProvider, Microsoft.AspNetCore.Mvc.ModelBinding.Binders.KeyValuePairModelBinderProvider, Microsoft.AspNetCore.Mvc.ModelBinding.Binders.DictionaryModelBinderProvider, Microsoft.AspNetCore.Mvc.ModelBinding.Binders.ArrayModelBinderProvider, Microsoft.AspNetCore.Mvc.ModelBinding.Binders.CollectionModelBinderProvider, Microsoft.AspNetCore.Mvc.ModelBinding.Binders.ComplexObjectModelBinderProvider |POST|https://localhost/api/Account/register|RegisterUser|
2023-08-26 19:39:07.3611|00-d2f01633c68ebb48a4b733eab855493c-381e91c19b8d6546-00|INFO|15|Microsoft.AspNetCore.Mvc.Infrastructure.ControllerActionInvoker|Route matched with {action = "RegisterUser", controller = "Account"}. Executing controller action with signature Microsoft.AspNetCore.Mvc.ActionResult RegisterUser(GreenHauseMonitor.Models.RegisterUserDto) on controller GreenHauseMonitor.Controllers.AccountController (GreenHauseMonitor). |POST|https://localhost/api/Account/register|RegisterUser|
2023-08-26 19:39:07.3611|00-d2f01633c68ebb48a4b733eab855493c-381e91c19b8d6546-00|DEBUG|15|Microsoft.AspNetCore.Mvc.Infrastructure.ControllerActionInvoker|Execution plan of authorization filters (in the following order): None |POST|https://localhost/api/Account/register|RegisterUser|
2023-08-26 19:39:07.3611|00-d2f01633c68ebb48a4b733eab855493c-381e91c19b8d6546-00|DEBUG|15|Microsoft.AspNetCore.Mvc.Infrastructure.ControllerActionInvoker|Execution plan of resource filters (in the following order): None |POST|https://localhost/api/Account/register|RegisterUser|
2023-08-26 19:39:07.3611|00-d2f01633c68ebb48a4b733eab855493c-381e91c19b8d6546-00|DEBUG|15|Microsoft.AspNetCore.Mvc.Infrastructure.ControllerActionInvoker|Execution plan of action filters (in the following order): Microsoft.AspNetCore.Mvc.ModelBinding.UnsupportedContentTypeFilter (Order: -3000), Microsoft.AspNetCore.Mvc.Infrastructure.ModelStateInvalidFilter (Order: -2000) |POST|https://localhost/api/Account/register|RegisterUser|
2023-08-26 19:39:07.3611|00-d2f01633c68ebb48a4b733eab855493c-381e91c19b8d6546-00|DEBUG|15|Microsoft.AspNetCore.Mvc.Infrastructure.ControllerActionInvoker|Execution plan of exception filters (in the following order): None |POST|https://localhost/api/Account/register|RegisterUser|
2023-08-26 19:39:07.3611|00-d2f01633c68ebb48a4b733eab855493c-381e91c19b8d6546-00|DEBUG|15|Microsoft.AspNetCore.Mvc.Infrastructure.ControllerActionInvoker|Execution plan of result filters (in the following order): Microsoft.AspNetCore.Mvc.Infrastructure.ClientErrorResultFilter (Order: -2000) |POST|https://localhost/api/Account/register|RegisterUser|
2023-08-26 19:39:07.3611|00-d2f01633c68ebb48a4b733eab855493c-381e91c19b8d6546-00|DEBUG|15|Microsoft.AspNetCore.Mvc.Infrastructure.ControllerActionInvoker|Executing controller factory for controller GreenHauseMonitor.Controllers.AccountController (GreenHauseMonitor) |POST|https://localhost/api/Account/register|RegisterUser|
2023-08-26 19:39:07.4411|00-d2f01633c68ebb48a4b733eab855493c-381e91c19b8d6546-00|DEBUG|15|Microsoft.AspNetCore.Mvc.Infrastructure.ControllerActionInvoker|Executed controller factory for controller GreenHauseMonitor.Controllers.AccountController (GreenHauseMonitor) |POST|https://localhost/api/Account/register|RegisterUser|
2023-08-26 19:39:07.4536|00-d2f01633c68ebb48a4b733eab855493c-381e91c19b8d6546-00|DEBUG|15|Microsoft.AspNetCore.Mvc.ModelBinding.ParameterBinder|Attempting to bind parameter 'dto' of type 'GreenHauseMonitor.Models.RegisterUserDto' ... |POST|https://localhost/api/Account/register|RegisterUser|
2023-08-26 19:39:07.4536|00-d2f01633c68ebb48a4b733eab855493c-381e91c19b8d6546-00|DEBUG|15|Microsoft.AspNetCore.Mvc.ModelBinding.Binders.BodyModelBinder|Attempting to bind parameter 'dto' of type 'GreenHauseMonitor.Models.RegisterUserDto' using the name '' in request data ... |POST|https://localhost/api/Account/register|RegisterUser|
2023-08-26 19:39:07.4536|00-d2f01633c68ebb48a4b733eab855493c-381e91c19b8d6546-00|DEBUG|15|Microsoft.AspNetCore.Mvc.ModelBinding.Binders.BodyModelBinder|Selected input formatter 'Microsoft.AspNetCore.Mvc.Formatters.SystemTextJsonInputFormatter' for content type 'application/json'. |POST|https://localhost/api/Account/register|RegisterUser|
2023-08-26 19:39:07.4586|00-d2f01633c68ebb48a4b733eab855493c-381e91c19b8d6546-00|DEBUG|15|Microsoft.AspNetCore.Server.Kestrel|Connection id "0HMT6BD3B7NC7", Request id "0HMT6BD3B7NC7:00000002": started reading request body. |POST|https://localhost/api/Account/register|RegisterUser|
2023-08-26 19:39:07.4586|00-d2f01633c68ebb48a4b733eab855493c-381e91c19b8d6546-00|DEBUG|15|Microsoft.AspNetCore.Server.Kestrel|Connection id "0HMT6BD3B7NC7", Request id "0HMT6BD3B7NC7:00000002": done reading request body. |POST|https://localhost/api/Account/register|RegisterUser|
2023-08-26 19:39:07.4586|00-d2f01633c68ebb48a4b733eab855493c-381e91c19b8d6546-00|DEBUG|15|Microsoft.AspNetCore.Mvc.Formatters.SystemTextJsonInputFormatter|JSON input formatter succeeded, deserializing to type 'GreenHauseMonitor.Models.RegisterUserDto' |POST|https://localhost/api/Account/register|RegisterUser|
2023-08-26 19:39:07.4586|00-d2f01633c68ebb48a4b733eab855493c-381e91c19b8d6546-00|DEBUG|15|Microsoft.AspNetCore.Mvc.ModelBinding.Binders.BodyModelBinder|Done attempting to bind parameter 'dto' of type 'GreenHauseMonitor.Models.RegisterUserDto'. |POST|https://localhost/api/Account/register|RegisterUser|
2023-08-26 19:39:07.4586|00-d2f01633c68ebb48a4b733eab855493c-381e91c19b8d6546-00|DEBUG|15|Microsoft.AspNetCore.Mvc.ModelBinding.ParameterBinder|Done attempting to bind parameter 'dto' of type 'GreenHauseMonitor.Models.RegisterUserDto'. |POST|https://localhost/api/Account/register|RegisterUser|
2023-08-26 19:39:07.4586|00-d2f01633c68ebb48a4b733eab855493c-381e91c19b8d6546-00|DEBUG|15|Microsoft.AspNetCore.Mvc.ModelBinding.ParameterBinder|Attempting to validate the bound parameter 'dto' of type 'GreenHauseMonitor.Models.RegisterUserDto' ... |POST|https://localhost/api/Account/register|RegisterUser|
2023-08-26 19:39:07.4586|00-d2f01633c68ebb48a4b733eab855493c-381e91c19b8d6546-00|DEBUG|15|Microsoft.AspNetCore.Mvc.ModelBinding.ParameterBinder|Done attempting to validate the bound parameter 'dto' of type 'GreenHauseMonitor.Models.RegisterUserDto'. |POST|https://localhost/api/Account/register|RegisterUser|
2023-08-26 19:39:07.4732|00-d2f01633c68ebb48a4b733eab855493c-381e91c19b8d6546-00|TRACE|15|Microsoft.AspNetCore.Mvc.Infrastructure.ControllerActionInvoker|Action Filter: Before executing OnActionExecuting on filter Microsoft.AspNetCore.Mvc.ModelBinding.UnsupportedContentTypeFilter. |POST|https://localhost/api/Account/register|RegisterUser|
2023-08-26 19:39:07.4732|00-d2f01633c68ebb48a4b733eab855493c-381e91c19b8d6546-00|TRACE|15|Microsoft.AspNetCore.Mvc.Infrastructure.ControllerActionInvoker|Action Filter: After executing OnActionExecuting on filter Microsoft.AspNetCore.Mvc.ModelBinding.UnsupportedContentTypeFilter. |POST|https://localhost/api/Account/register|RegisterUser|
2023-08-26 19:39:07.4732|00-d2f01633c68ebb48a4b733eab855493c-381e91c19b8d6546-00|TRACE|15|Microsoft.AspNetCore.Mvc.Infrastructure.ControllerActionInvoker|Action Filter: Before executing OnActionExecuting on filter Microsoft.AspNetCore.Mvc.Infrastructure.ModelStateInvalidFilter. |POST|https://localhost/api/Account/register|RegisterUser|
2023-08-26 19:39:07.4732|00-d2f01633c68ebb48a4b733eab855493c-381e91c19b8d6546-00|TRACE|15|Microsoft.AspNetCore.Mvc.Infrastructure.ControllerActionInvoker|Action Filter: After executing OnActionExecuting on filter Microsoft.AspNetCore.Mvc.Infrastructure.ModelStateInvalidFilter. |POST|https://localhost/api/Account/register|RegisterUser|
2023-08-26 19:39:07.4732|00-d2f01633c68ebb48a4b733eab855493c-381e91c19b8d6546-00|INFO|15|Microsoft.AspNetCore.Mvc.Infrastructure.ControllerActionInvoker|Executing action method GreenHauseMonitor.Controllers.AccountController.RegisterUser (GreenHauseMonitor) - Validation state: Valid |POST|https://localhost/api/Account/register|RegisterUser|
2023-08-26 19:39:07.4732|00-d2f01633c68ebb48a4b733eab855493c-381e91c19b8d6546-00|TRACE|15|Microsoft.AspNetCore.Mvc.Infrastructure.ControllerActionInvoker|Executing action method GreenHauseMonitor.Controllers.AccountController.RegisterUser (GreenHauseMonitor) with arguments (GreenHauseMonitor.Models.RegisterUserDto) |POST|https://localhost/api/Account/register|RegisterUser|
2023-08-26 19:39:07.6796|00-d2f01633c68ebb48a4b733eab855493c-381e91c19b8d6546-00|INFO|15|Microsoft.AspNetCore.Mvc.Infrastructure.ControllerActionInvoker|Executed action method GreenHauseMonitor.Controllers.AccountController.RegisterUser (GreenHauseMonitor), returned result Microsoft.AspNetCore.Mvc.OkResult in 201.3694ms. |POST|https://localhost/api/Account/register|RegisterUser|
2023-08-26 19:39:07.6796|00-d2f01633c68ebb48a4b733eab855493c-381e91c19b8d6546-00|TRACE|15|Microsoft.AspNetCore.Mvc.Infrastructure.ControllerActionInvoker|Action Filter: Before executing OnActionExecuted on filter Microsoft.AspNetCore.Mvc.Infrastructure.ModelStateInvalidFilter. |POST|https://localhost/api/Account/register|RegisterUser|
2023-08-26 19:39:07.6796|00-d2f01633c68ebb48a4b733eab855493c-381e91c19b8d6546-00|TRACE|15|Microsoft.AspNetCore.Mvc.Infrastructure.ControllerActionInvoker|Action Filter: After executing OnActionExecuted on filter Microsoft.AspNetCore.Mvc.Infrastructure.ModelStateInvalidFilter. |POST|https://localhost/api/Account/register|RegisterUser|
2023-08-26 19:39:07.6796|00-d2f01633c68ebb48a4b733eab855493c-381e91c19b8d6546-00|TRACE|15|Microsoft.AspNetCore.Mvc.Infrastructure.ControllerActionInvoker|Action Filter: Before executing OnActionExecuted on filter Microsoft.AspNetCore.Mvc.ModelBinding.UnsupportedContentTypeFilter. |POST|https://localhost/api/Account/register|RegisterUser|
2023-08-26 19:39:07.6796|00-d2f01633c68ebb48a4b733eab855493c-381e91c19b8d6546-00|TRACE|15|Microsoft.AspNetCore.Mvc.Infrastructure.ControllerActionInvoker|Action Filter: After executing OnActionExecuted on filter Microsoft.AspNetCore.Mvc.ModelBinding.UnsupportedContentTypeFilter. |POST|https://localhost/api/Account/register|RegisterUser|
2023-08-26 19:39:07.6796|00-d2f01633c68ebb48a4b733eab855493c-381e91c19b8d6546-00|TRACE|15|Microsoft.AspNetCore.Mvc.Infrastructure.ControllerActionInvoker|Result Filter: Before executing OnResultExecuting on filter Microsoft.AspNetCore.Mvc.Infrastructure.ClientErrorResultFilter. |POST|https://localhost/api/Account/register|RegisterUser|
2023-08-26 19:39:07.6796|00-d2f01633c68ebb48a4b733eab855493c-381e91c19b8d6546-00|TRACE|15|Microsoft.AspNetCore.Mvc.Infrastructure.ControllerActionInvoker|Result Filter: After executing OnResultExecuting on filter Microsoft.AspNetCore.Mvc.Infrastructure.ClientErrorResultFilter. |POST|https://localhost/api/Account/register|RegisterUser|
2023-08-26 19:39:07.6796|00-d2f01633c68ebb48a4b733eab855493c-381e91c19b8d6546-00|TRACE|15|Microsoft.AspNetCore.Mvc.Infrastructure.ControllerActionInvoker|Before executing action result Microsoft.AspNetCore.Mvc.OkResult. |POST|https://localhost/api/Account/register|RegisterUser|
2023-08-26 19:39:07.6796|00-d2f01633c68ebb48a4b733eab855493c-381e91c19b8d6546-00|INFO|15|Microsoft.AspNetCore.Mvc.StatusCodeResult|Executing HttpStatusCodeResult, setting HTTP status code 200 |POST|https://localhost/api/Account/register|RegisterUser|
2023-08-26 19:39:07.6796|00-d2f01633c68ebb48a4b733eab855493c-381e91c19b8d6546-00|TRACE|15|Microsoft.AspNetCore.Mvc.Infrastructure.ControllerActionInvoker|After executing action result Microsoft.AspNetCore.Mvc.OkResult. |POST|https://localhost/api/Account/register|RegisterUser|
2023-08-26 19:39:07.6796|00-d2f01633c68ebb48a4b733eab855493c-381e91c19b8d6546-00|TRACE|15|Microsoft.AspNetCore.Mvc.Infrastructure.ControllerActionInvoker|Result Filter: Before executing OnResultExecuted on filter Microsoft.AspNetCore.Mvc.Infrastructure.ClientErrorResultFilter. |POST|https://localhost/api/Account/register|RegisterUser|
2023-08-26 19:39:07.6796|00-d2f01633c68ebb48a4b733eab855493c-381e91c19b8d6546-00|TRACE|15|Microsoft.AspNetCore.Mvc.Infrastructure.ControllerActionInvoker|Result Filter: After executing OnResultExecuted on filter Microsoft.AspNetCore.Mvc.Infrastructure.ClientErrorResultFilter. |POST|https://localhost/api/Account/register|RegisterUser|
2023-08-26 19:39:07.6796|00-d2f01633c68ebb48a4b733eab855493c-381e91c19b8d6546-00|INFO|15|Microsoft.AspNetCore.Mvc.Infrastructure.ControllerActionInvoker|Executed action GreenHauseMonitor.Controllers.AccountController.RegisterUser (GreenHauseMonitor) in 322.1301ms |POST|https://localhost/api/Account/register|RegisterUser|
2023-08-26 19:39:07.6796|00-d2f01633c68ebb48a4b733eab855493c-381e91c19b8d6546-00|INFO|15|Microsoft.AspNetCore.Routing.EndpointMiddleware|Executed endpoint 'GreenHauseMonitor.Controllers.AccountController.RegisterUser (GreenHauseMonitor)' |POST|https://localhost/api/Account/register|RegisterUser|
2023-08-26 19:39:07.6796|00-d2f01633c68ebb48a4b733eab855493c-381e91c19b8d6546-00|DEBUG|15|Microsoft.AspNetCore.Server.Kestrel|Connection id "0HMT6BD3B7NC7" completed keep alive response. |POST|https://localhost/api/Account/register|RegisterUser|
2023-08-26 19:39:07.6796|00-d2f01633c68ebb48a4b733eab855493c-381e91c19b8d6546-00|INFO|15|Microsoft.AspNetCore.Hosting.Diagnostics|Request finished HTTP/1.1 POST https://localhost:5001/api/Account/register application/json 135 - 200 0 - 378.1106ms |POST|https://localhost/api/Account/register|RegisterUser|
2023-08-26 19:39:41.7750||TRACE|11|Microsoft.AspNetCore.Server.Kestrel|Connection id "0HMT6BD3B7NC5" received PING frame for stream ID 0 with length 8 and flags NONE ||||
2023-08-26 19:39:41.7750||TRACE|11|Microsoft.AspNetCore.Server.Kestrel|Connection id "0HMT6BD3B7NC5" sending PING frame for stream ID 0 with length 8 and flags ACK ||||
2023-08-26 19:40:41.7799||TRACE|4|Microsoft.AspNetCore.Server.Kestrel|Connection id "0HMT6BD3B7NC5" received PING frame for stream ID 0 with length 8 and flags NONE ||||
2023-08-26 19:40:41.7952||TRACE|4|Microsoft.AspNetCore.Server.Kestrel|Connection id "0HMT6BD3B7NC5" sending PING frame for stream ID 0 with length 8 and flags ACK ||||
2023-08-26 19:41:30.7781||TRACE|14|Microsoft.AspNetCore.Server.Kestrel|Connection id "0HMT6BD3B7NC5" received GOAWAY frame for stream ID 0 with length 8 and flags 0x0 ||||
2023-08-26 19:41:30.7781||DEBUG|4|Microsoft.AspNetCore.Server.Kestrel.Transport.Sockets|Connection id "0HMT6BD3B7NC5" received FIN. ||||
2023-08-26 19:41:30.7781||DEBUG|14|Microsoft.AspNetCore.Server.Kestrel|Connection id "0HMT6BD3B7NC5" is closing. ||||
2023-08-26 19:41:30.7781||DEBUG|4|Microsoft.AspNetCore.Server.Kestrel|Connection id "0HMT6BD3B7NC5" is closed. The last processed stream ID was 23. ||||
2023-08-26 19:41:30.7781||DEBUG|4|Microsoft.AspNetCore.Server.Kestrel.Transport.Sockets|Connection id "0HMT6BD3B7NC5" sending FIN because: "The client closed the connection." ||||
2023-08-26 19:41:30.7781||DEBUG|14|Microsoft.AspNetCore.Server.Kestrel|Connection id "0HMT6BD3B7NC5" stopped. ||||
