2023-04-08 17:10:04.7239||DEBUG|1|Microsoft.Extensions.Hosting.Internal.Host|Hosting starting ||||
2023-04-08 17:10:06.8949||DEBUG|1|Microsoft.AspNetCore.Server.Kestrel.Core.KestrelServer|Using development certificate: CN=localhost (Thumbprint: 271FCE57A0031D4456FCBF86AC23FB6233DED546) ||||
2023-04-08 17:10:06.9968||INFO|1|Microsoft.Hosting.Lifetime|Now listening on: https://localhost:5001 ||||
2023-04-08 17:10:06.9968||INFO|1|Microsoft.Hosting.Lifetime|Now listening on: http://localhost:5000 ||||
2023-04-08 17:10:06.9968||DEBUG|1|Microsoft.AspNetCore.Hosting.Diagnostics|Loaded hosting startup assembly GreenHauseMonitor ||||
2023-04-08 17:10:06.9968||INFO|1|Microsoft.Hosting.Lifetime|Application started. Press Ctrl+C to shut down. ||||
2023-04-08 17:10:06.9968||INFO|1|Microsoft.Hosting.Lifetime|Hosting environment: Development ||||
2023-04-08 17:10:07.0310||INFO|1|Microsoft.Hosting.Lifetime|Content root path: C:\Users\Azzinoth\source\repos\GreenHauseMonitor\GreenHauseMonitor ||||
2023-04-08 17:10:07.0310||DEBUG|1|Microsoft.Extensions.Hosting.Internal.Host|Hosting started ||||
2023-04-08 17:10:07.2857||DEBUG|6|Microsoft.AspNetCore.Server.Kestrel|Connection id "0HMPO8DBCB7PD" accepted. ||||
2023-04-08 17:10:07.2857||DEBUG|9|Microsoft.AspNetCore.Server.Kestrel|Connection id "0HMPO8DBCB7PC" accepted. ||||
2023-04-08 17:10:07.2857||DEBUG|5|Microsoft.AspNetCore.Server.Kestrel.Transport.Sockets|Connection id "0HMPO8DBCB7PC" received FIN. ||||
2023-04-08 17:10:07.2857||DEBUG|13|Microsoft.AspNetCore.Server.Kestrel|Connection id "0HMPO8DBCB7PD" started. ||||
2023-04-08 17:10:07.2857||DEBUG|12|Microsoft.AspNetCore.Server.Kestrel|Connection id "0HMPO8DBCB7PC" started. ||||
2023-04-08 17:10:07.2857||DEBUG|7|Microsoft.AspNetCore.Server.Kestrel.Transport.Sockets|Connection id "0HMPO8DBCB7PD" received FIN. ||||
2023-04-08 17:10:07.3141||DEBUG|7|Microsoft.AspNetCore.Server.Kestrel.Https.Internal.HttpsConnectionMiddleware|Failed to authenticate HTTPS connection. System.IO.IOException:  Received an unexpected EOF or 0 bytes from the transport stream.
   at System.Net.Security.SslStream.ReceiveBlobAsync[TIOAdapter](TIOAdapter adapter)
   at System.Net.Security.SslStream.ForceAuthenticationAsync[TIOAdapter](TIOAdapter adapter, Boolean receiveFirst, Byte[] reAuthenticationData, Boolean isApm)
   at Microsoft.AspNetCore.Server.Kestrel.Https.Internal.HttpsConnectionMiddleware.OnConnectionAsync(ConnectionContext context)||||
2023-04-08 17:10:07.3141||DEBUG|4|Microsoft.AspNetCore.Server.Kestrel.Https.Internal.HttpsConnectionMiddleware|Failed to authenticate HTTPS connection. System.IO.IOException:  Received an unexpected EOF or 0 bytes from the transport stream.
   at System.Net.Security.SslStream.ReceiveBlobAsync[TIOAdapter](TIOAdapter adapter)
   at System.Net.Security.SslStream.ForceAuthenticationAsync[TIOAdapter](TIOAdapter adapter, Boolean receiveFirst, Byte[] reAuthenticationData, Boolean isApm)
   at Microsoft.AspNetCore.Server.Kestrel.Https.Internal.HttpsConnectionMiddleware.OnConnectionAsync(ConnectionContext context)||||
2023-04-08 17:10:07.3862||DEBUG|4|Microsoft.AspNetCore.Server.Kestrel|Connection id "0HMPO8DBCB7PC" stopped. ||||
2023-04-08 17:10:07.3864||DEBUG|7|Microsoft.AspNetCore.Server.Kestrel|Connection id "0HMPO8DBCB7PD" stopped. ||||
2023-04-08 17:10:07.3864||DEBUG|12|Microsoft.AspNetCore.Server.Kestrel.Transport.Sockets|Connection id "0HMPO8DBCB7PC" sending FIN because: "The Socket transport's send loop completed gracefully." ||||
2023-04-08 17:10:07.3864||DEBUG|13|Microsoft.AspNetCore.Server.Kestrel.Transport.Sockets|Connection id "0HMPO8DBCB7PD" sending FIN because: "The Socket transport's send loop completed gracefully." ||||
2023-04-08 17:10:09.6724||DEBUG|6|Microsoft.AspNetCore.Server.Kestrel|Connection id "0HMPO8DBCB7PE" accepted. ||||
2023-04-08 17:10:09.8630||DEBUG|6|Microsoft.AspNetCore.Server.Kestrel|Connection id "0HMPO8DBCB7PF" accepted. ||||
2023-04-08 17:10:09.9557||DEBUG|13|Microsoft.AspNetCore.Server.Kestrel|Connection id "0HMPO8DBCB7PE" started. ||||
2023-04-08 17:10:10.0768||DEBUG|7|Microsoft.AspNetCore.Server.Kestrel|Connection id "0HMPO8DBCB7PF" started. ||||
2023-04-08 17:10:10.0768||DEBUG|12|Microsoft.AspNetCore.Server.Kestrel.Transport.Sockets|Connection id "0HMPO8DBCB7PE" received FIN. ||||
2023-04-08 17:10:10.1651||DEBUG|5|Microsoft.AspNetCore.Server.Kestrel.Https.Internal.HttpsConnectionMiddleware|Failed to authenticate HTTPS connection. System.IO.IOException:  Received an unexpected EOF or 0 bytes from the transport stream.
   at System.Net.Security.SslStream.ReceiveBlobAsync[TIOAdapter](TIOAdapter adapter)
   at System.Net.Security.SslStream.ForceAuthenticationAsync[TIOAdapter](TIOAdapter adapter, Boolean receiveFirst, Byte[] reAuthenticationData, Boolean isApm)
   at Microsoft.AspNetCore.Server.Kestrel.Https.Internal.HttpsConnectionMiddleware.OnConnectionAsync(ConnectionContext context)||||
2023-04-08 17:10:10.1712||DEBUG|5|Microsoft.AspNetCore.Server.Kestrel|Connection id "0HMPO8DBCB7PE" stopped. ||||
2023-04-08 17:10:10.2156||DEBUG|5|Microsoft.AspNetCore.Server.Kestrel.Transport.Sockets|Connection id "0HMPO8DBCB7PE" sending FIN because: "The Socket transport's send loop completed gracefully." ||||
2023-04-08 17:10:10.3642||DEBUG|12|Microsoft.AspNetCore.Server.Kestrel.Https.Internal.HttpsConnectionMiddleware|Connection "0HMPO8DBCB7PF" established using the following protocol: Tls12 ||||
2023-04-08 17:10:10.3809||TRACE|12|Microsoft.AspNetCore.Server.Kestrel|Connection id "0HMPO8DBCB7PF" sending SETTINGS frame for stream ID 0 with length 18 and flags NONE ||||
2023-04-08 17:10:10.3809||TRACE|12|Microsoft.AspNetCore.Server.Kestrel|Connection id "0HMPO8DBCB7PF" sending WINDOW_UPDATE frame for stream ID 0 with length 4 and flags 0x0 ||||
2023-04-08 17:10:10.3809||TRACE|12|Microsoft.AspNetCore.Server.Kestrel|Connection id "0HMPO8DBCB7PF" received SETTINGS frame for stream ID 0 with length 18 and flags NONE ||||
2023-04-08 17:10:10.3809||TRACE|12|Microsoft.AspNetCore.Server.Kestrel|Connection id "0HMPO8DBCB7PF" sending SETTINGS frame for stream ID 0 with length 0 and flags ACK ||||
2023-04-08 17:10:10.3809||TRACE|12|Microsoft.AspNetCore.Server.Kestrel|Connection id "0HMPO8DBCB7PF" received WINDOW_UPDATE frame for stream ID 0 with length 4 and flags 0x0 ||||
2023-04-08 17:10:10.3866||TRACE|12|Microsoft.AspNetCore.Server.Kestrel|Connection id "0HMPO8DBCB7PF" received PRIORITY frame for stream ID 3 with length 5 and flags 0x0 ||||
2023-04-08 17:10:10.3866||TRACE|12|Microsoft.AspNetCore.Server.Kestrel|Connection id "0HMPO8DBCB7PF" received PRIORITY frame for stream ID 5 with length 5 and flags 0x0 ||||
2023-04-08 17:10:10.3866||TRACE|12|Microsoft.AspNetCore.Server.Kestrel|Connection id "0HMPO8DBCB7PF" received PRIORITY frame for stream ID 7 with length 5 and flags 0x0 ||||
2023-04-08 17:10:10.3866||TRACE|12|Microsoft.AspNetCore.Server.Kestrel|Connection id "0HMPO8DBCB7PF" received PRIORITY frame for stream ID 9 with length 5 and flags 0x0 ||||
2023-04-08 17:10:10.3866||TRACE|12|Microsoft.AspNetCore.Server.Kestrel|Connection id "0HMPO8DBCB7PF" received PRIORITY frame for stream ID 11 with length 5 and flags 0x0 ||||
2023-04-08 17:10:10.3866||TRACE|12|Microsoft.AspNetCore.Server.Kestrel|Connection id "0HMPO8DBCB7PF" received PRIORITY frame for stream ID 13 with length 5 and flags 0x0 ||||
2023-04-08 17:10:10.3866||TRACE|12|Microsoft.AspNetCore.Server.Kestrel|Connection id "0HMPO8DBCB7PF" received HEADERS frame for stream ID 15 with length 301 and flags END_STREAM, END_HEADERS, PRIORITY ||||
2023-04-08 17:10:10.4123||TRACE|12|Microsoft.AspNetCore.Server.Kestrel|Connection id "0HMPO8DBCB7PF" received WINDOW_UPDATE frame for stream ID 15 with length 4 and flags 0x0 ||||
2023-04-08 17:10:10.4123||TRACE|12|Microsoft.AspNetCore.Server.Kestrel|Connection id "0HMPO8DBCB7PF" received SETTINGS frame for stream ID 0 with length 0 and flags ACK ||||
2023-04-08 17:10:10.4266|00-b1d3f558ac25f04bb916b8396cd94887-2e415d2ea1695c49-00|INFO|4|Microsoft.AspNetCore.Hosting.Diagnostics|Request starting HTTP/2 GET https://localhost:5001/swagger/index.html - - |GET|https://localhost/swagger/index.html||
2023-04-08 17:10:10.4266|00-b1d3f558ac25f04bb916b8396cd94887-2e415d2ea1695c49-00|DEBUG|4|Microsoft.AspNetCore.HostFiltering.HostFilteringMiddleware|Wildcard detected, all requests with hosts will be allowed. |GET|https://localhost/swagger/index.html||
2023-04-08 17:10:10.4266|00-b1d3f558ac25f04bb916b8396cd94887-2e415d2ea1695c49-00|TRACE|4|Microsoft.AspNetCore.HostFiltering.HostFilteringMiddleware|All hosts are allowed. |GET|https://localhost/swagger/index.html||
2023-04-08 17:10:10.5370|00-b1d3f558ac25f04bb916b8396cd94887-2e415d2ea1695c49-00|TRACE|4|Microsoft.AspNetCore.Server.Kestrel|Connection id "0HMPO8DBCB7PF" sending HEADERS frame for stream ID 15 with length 66 and flags END_HEADERS |GET|https://localhost/swagger/index.html||
2023-04-08 17:10:10.5370||TRACE|4|Microsoft.AspNetCore.Server.Kestrel|Connection id "0HMPO8DBCB7PF" sending DATA frame for stream ID 15 with length 3191 and flags NONE ||||
2023-04-08 17:10:10.5370||TRACE|4|Microsoft.AspNetCore.Server.Kestrel|Connection id "0HMPO8DBCB7PF" sending DATA frame for stream ID 15 with length 0 and flags END_STREAM ||||
2023-04-08 17:10:10.5370|00-b1d3f558ac25f04bb916b8396cd94887-2e415d2ea1695c49-00|INFO|4|Microsoft.AspNetCore.Hosting.Diagnostics|Request finished HTTP/2 GET https://localhost:5001/swagger/index.html - - - 200 - text/html;charset=utf-8 115.9372ms |GET|https://localhost/swagger/index.html||
2023-04-08 17:10:10.6530||TRACE|7|Microsoft.AspNetCore.Server.Kestrel|Connection id "0HMPO8DBCB7PF" received HEADERS frame for stream ID 17 with length 105 and flags END_STREAM, END_HEADERS, PRIORITY ||||
2023-04-08 17:10:10.6530||TRACE|7|Microsoft.AspNetCore.Server.Kestrel|Connection id "0HMPO8DBCB7PF" received WINDOW_UPDATE frame for stream ID 17 with length 4 and flags 0x0 ||||
2023-04-08 17:10:10.6530||TRACE|7|Microsoft.AspNetCore.Server.Kestrel|Connection id "0HMPO8DBCB7PF" received HEADERS frame for stream ID 19 with length 99 and flags END_STREAM, END_HEADERS, PRIORITY ||||
2023-04-08 17:10:10.6530||TRACE|7|Microsoft.AspNetCore.Server.Kestrel|Connection id "0HMPO8DBCB7PF" received WINDOW_UPDATE frame for stream ID 19 with length 4 and flags 0x0 ||||
2023-04-08 17:10:10.6530||TRACE|7|Microsoft.AspNetCore.Server.Kestrel|Connection id "0HMPO8DBCB7PF" received HEADERS frame for stream ID 21 with length 56 and flags END_STREAM, END_HEADERS, PRIORITY ||||
2023-04-08 17:10:10.6530||TRACE|7|Microsoft.AspNetCore.Server.Kestrel|Connection id "0HMPO8DBCB7PF" received WINDOW_UPDATE frame for stream ID 21 with length 4 and flags 0x0 ||||
2023-04-08 17:10:10.6530|00-b180f1bcfce7a74191b59f7287ff1325-93a0da4ee6744945-00|INFO|7|Microsoft.AspNetCore.Hosting.Diagnostics|Request starting HTTP/2 GET https://localhost:5001/swagger/swagger-ui-standalone-preset.js - - |GET|https://localhost/swagger/swagger-ui-standalone-preset.js||
2023-04-08 17:10:10.6530|00-b180f1bcfce7a74191b59f7287ff1325-93a0da4ee6744945-00|TRACE|7|Microsoft.AspNetCore.HostFiltering.HostFilteringMiddleware|All hosts are allowed. |GET|https://localhost/swagger/swagger-ui-standalone-preset.js||
2023-04-08 17:10:10.6530|00-d7d42d12dcaefa458685eca9dd962e98-6e528b4c5786d944-00|INFO|12|Microsoft.AspNetCore.Hosting.Diagnostics|Request starting HTTP/2 GET https://localhost:5001/swagger/swagger-ui-bundle.js - - |GET|https://localhost/swagger/swagger-ui-bundle.js||
2023-04-08 17:10:10.6530|00-d7d42d12dcaefa458685eca9dd962e98-6e528b4c5786d944-00|TRACE|12|Microsoft.AspNetCore.HostFiltering.HostFilteringMiddleware|All hosts are allowed. |GET|https://localhost/swagger/swagger-ui-bundle.js||
2023-04-08 17:10:10.6530|00-c3fd1bf24c54ea429a553bb7487c0ddc-fbfcebf4fa630c44-00|INFO|5|Microsoft.AspNetCore.Hosting.Diagnostics|Request starting HTTP/2 GET https://localhost:5001/swagger/swagger-ui.css - - |GET|https://localhost/swagger/swagger-ui.css||
2023-04-08 17:10:10.6530|00-c3fd1bf24c54ea429a553bb7487c0ddc-fbfcebf4fa630c44-00|TRACE|5|Microsoft.AspNetCore.HostFiltering.HostFilteringMiddleware|All hosts are allowed. |GET|https://localhost/swagger/swagger-ui.css||
2023-04-08 17:10:10.7084|00-c3fd1bf24c54ea429a553bb7487c0ddc-fbfcebf4fa630c44-00|TRACE|5|Microsoft.AspNetCore.StaticFiles.StaticFileMiddleware|Range header's value is empty. |GET|https://localhost/swagger/swagger-ui.css||
2023-04-08 17:10:10.7084|00-d7d42d12dcaefa458685eca9dd962e98-6e528b4c5786d944-00|TRACE|12|Microsoft.AspNetCore.StaticFiles.StaticFileMiddleware|Range header's value is empty. |GET|https://localhost/swagger/swagger-ui-bundle.js||
2023-04-08 17:10:10.7084|00-b180f1bcfce7a74191b59f7287ff1325-93a0da4ee6744945-00|TRACE|7|Microsoft.AspNetCore.StaticFiles.StaticFileMiddleware|Range header's value is empty. |GET|https://localhost/swagger/swagger-ui-standalone-preset.js||
2023-04-08 17:10:10.7084|00-d7d42d12dcaefa458685eca9dd962e98-6e528b4c5786d944-00|INFO|12|Microsoft.AspNetCore.StaticFiles.StaticFileMiddleware|The file /swagger-ui-bundle.js was not modified |GET|https://localhost/swagger/swagger-ui-bundle.js||
2023-04-08 17:10:10.7084|00-b180f1bcfce7a74191b59f7287ff1325-93a0da4ee6744945-00|INFO|7|Microsoft.AspNetCore.StaticFiles.StaticFileMiddleware|The file /swagger-ui-standalone-preset.js was not modified |GET|https://localhost/swagger/swagger-ui-standalone-preset.js||
2023-04-08 17:10:10.7084|00-c3fd1bf24c54ea429a553bb7487c0ddc-fbfcebf4fa630c44-00|TRACE|5|Microsoft.AspNetCore.Server.Kestrel|Connection id "0HMPO8DBCB7PF" sending HEADERS frame for stream ID 17 with length 79 and flags END_HEADERS |GET|https://localhost/swagger/swagger-ui.css||
2023-04-08 17:10:10.7084||TRACE|5|Microsoft.AspNetCore.Server.Kestrel|Connection id "0HMPO8DBCB7PF" sending DATA frame for stream ID 17 with length 16384 and flags NONE ||||
2023-04-08 17:10:10.7084||TRACE|5|Microsoft.AspNetCore.Server.Kestrel|Connection id "0HMPO8DBCB7PF" sending DATA frame for stream ID 17 with length 16384 and flags NONE ||||
2023-04-08 17:10:10.7084||TRACE|5|Microsoft.AspNetCore.Server.Kestrel|Connection id "0HMPO8DBCB7PF" sending DATA frame for stream ID 17 with length 16384 and flags NONE ||||
2023-04-08 17:10:10.7084||TRACE|5|Microsoft.AspNetCore.Server.Kestrel|Connection id "0HMPO8DBCB7PF" sending DATA frame for stream ID 17 with length 16384 and flags NONE ||||
2023-04-08 17:10:10.7084|00-b180f1bcfce7a74191b59f7287ff1325-93a0da4ee6744945-00|DEBUG|7|Microsoft.AspNetCore.StaticFiles.StaticFileMiddleware|Handled. Status code: 304 File: /swagger-ui-standalone-preset.js |GET|https://localhost/swagger/swagger-ui-standalone-preset.js||
2023-04-08 17:10:10.7084|00-d7d42d12dcaefa458685eca9dd962e98-6e528b4c5786d944-00|DEBUG|12|Microsoft.AspNetCore.StaticFiles.StaticFileMiddleware|Handled. Status code: 304 File: /swagger-ui-bundle.js |GET|https://localhost/swagger/swagger-ui-bundle.js||
2023-04-08 17:10:10.7353|00-b180f1bcfce7a74191b59f7287ff1325-93a0da4ee6744945-00|TRACE|7|Microsoft.AspNetCore.Server.Kestrel|Connection id "0HMPO8DBCB7PF" sending HEADERS frame for stream ID 19 with length 48 and flags END_STREAM, END_HEADERS |GET|https://localhost/swagger/swagger-ui-standalone-preset.js||
2023-04-08 17:10:10.7353|00-d7d42d12dcaefa458685eca9dd962e98-6e528b4c5786d944-00|TRACE|12|Microsoft.AspNetCore.Server.Kestrel|Connection id "0HMPO8DBCB7PF" sending HEADERS frame for stream ID 21 with length 25 and flags END_STREAM, END_HEADERS |GET|https://localhost/swagger/swagger-ui-bundle.js||
2023-04-08 17:10:10.7677||TRACE|5|Microsoft.AspNetCore.Server.Kestrel|Connection id "0HMPO8DBCB7PF" sending DATA frame for stream ID 17 with length 16384 and flags NONE ||||
2023-04-08 17:10:10.7677||TRACE|5|Microsoft.AspNetCore.Server.Kestrel|Connection id "0HMPO8DBCB7PF" sending DATA frame for stream ID 17 with length 16384 and flags NONE ||||
2023-04-08 17:10:10.7677||TRACE|5|Microsoft.AspNetCore.Server.Kestrel|Connection id "0HMPO8DBCB7PF" sending DATA frame for stream ID 17 with length 16384 and flags NONE ||||
2023-04-08 17:10:10.7677||TRACE|5|Microsoft.AspNetCore.Server.Kestrel|Connection id "0HMPO8DBCB7PF" sending DATA frame for stream ID 17 with length 16384 and flags NONE ||||
2023-04-08 17:10:10.8060||TRACE|5|Microsoft.AspNetCore.Server.Kestrel|Connection id "0HMPO8DBCB7PF" sending DATA frame for stream ID 17 with length 11861 and flags NONE ||||
2023-04-08 17:10:10.8090|00-c3fd1bf24c54ea429a553bb7487c0ddc-fbfcebf4fa630c44-00|INFO|5|Microsoft.AspNetCore.StaticFiles.StaticFileMiddleware|Sending file. Request path: '/swagger-ui.css'. Physical path: 'N/A' |GET|https://localhost/swagger/swagger-ui.css||
2023-04-08 17:10:10.8090||TRACE|5|Microsoft.AspNetCore.Server.Kestrel|Connection id "0HMPO8DBCB7PF" sending DATA frame for stream ID 17 with length 0 and flags END_STREAM ||||
2023-04-08 17:10:10.8090|00-c3fd1bf24c54ea429a553bb7487c0ddc-fbfcebf4fa630c44-00|INFO|5|Microsoft.AspNetCore.Hosting.Diagnostics|Request finished HTTP/2 GET https://localhost:5001/swagger/swagger-ui.css - - - 200 142933 text/css 147.4628ms |GET|https://localhost/swagger/swagger-ui.css||
2023-04-08 17:10:10.8090|00-b180f1bcfce7a74191b59f7287ff1325-93a0da4ee6744945-00|INFO|5|Microsoft.AspNetCore.Hosting.Diagnostics|Request finished HTTP/2 GET https://localhost:5001/swagger/swagger-ui-standalone-preset.js - - - 304 - application/javascript 151.4544ms |GET|https://localhost/swagger/swagger-ui-standalone-preset.js||
2023-04-08 17:10:10.8090|00-d7d42d12dcaefa458685eca9dd962e98-6e528b4c5786d944-00|INFO|4|Microsoft.AspNetCore.Hosting.Diagnostics|Request finished HTTP/2 GET https://localhost:5001/swagger/swagger-ui-bundle.js - - - 304 - application/javascript 154.7271ms |GET|https://localhost/swagger/swagger-ui-bundle.js||
2023-04-08 17:10:10.9285||TRACE|4|Microsoft.AspNetCore.Server.Kestrel|Connection id "0HMPO8DBCB7PF" received HEADERS frame for stream ID 23 with length 65 and flags END_STREAM, END_HEADERS, PRIORITY ||||
2023-04-08 17:10:10.9285||TRACE|4|Microsoft.AspNetCore.Server.Kestrel|Connection id "0HMPO8DBCB7PF" received WINDOW_UPDATE frame for stream ID 23 with length 4 and flags 0x0 ||||
2023-04-08 17:10:10.9285|00-f992b4712fb21c409003defa6473c48f-cefabf6bb7f85244-00|INFO|4|Microsoft.AspNetCore.Hosting.Diagnostics|Request starting HTTP/2 GET https://localhost:5001/swagger/favicon-16x16.png - - |GET|https://localhost/swagger/favicon-16x16.png||
2023-04-08 17:10:10.9285|00-f992b4712fb21c409003defa6473c48f-cefabf6bb7f85244-00|TRACE|4|Microsoft.AspNetCore.HostFiltering.HostFilteringMiddleware|All hosts are allowed. |GET|https://localhost/swagger/favicon-16x16.png||
2023-04-08 17:10:10.9342|00-f992b4712fb21c409003defa6473c48f-cefabf6bb7f85244-00|TRACE|4|Microsoft.AspNetCore.StaticFiles.StaticFileMiddleware|Range header's value is empty. |GET|https://localhost/swagger/favicon-16x16.png||
2023-04-08 17:10:10.9342||TRACE|13|Microsoft.AspNetCore.Server.Kestrel|Connection id "0HMPO8DBCB7PF" received RST_STREAM frame for stream ID 23 with length 4 and flags 0x0 ||||
2023-04-08 17:10:10.9342|00-f992b4712fb21c409003defa6473c48f-cefabf6bb7f85244-00|INFO|4|Microsoft.AspNetCore.StaticFiles.StaticFileMiddleware|Sending file. Request path: '/favicon-16x16.png'. Physical path: 'N/A' |GET|https://localhost/swagger/favicon-16x16.png||
2023-04-08 17:10:10.9342|00-f992b4712fb21c409003defa6473c48f-cefabf6bb7f85244-00|INFO|4|Microsoft.AspNetCore.Hosting.Diagnostics|Request finished HTTP/2 GET https://localhost:5001/swagger/favicon-16x16.png - - - 200 665 image/png 1.2613ms |GET|https://localhost/swagger/favicon-16x16.png||
2023-04-08 17:10:10.9686||TRACE|13|Microsoft.AspNetCore.Server.Kestrel|Connection id "0HMPO8DBCB7PF" received HEADERS frame for stream ID 25 with length 65 and flags END_STREAM, END_HEADERS, PRIORITY ||||
2023-04-08 17:10:10.9686||TRACE|13|Microsoft.AspNetCore.Server.Kestrel|Connection id "0HMPO8DBCB7PF" received WINDOW_UPDATE frame for stream ID 25 with length 4 and flags 0x0 ||||
2023-04-08 17:10:10.9686|00-908e8c9c5cc34a4e8b1eb374647816be-7894423bd7b1ff4c-00|INFO|13|Microsoft.AspNetCore.Hosting.Diagnostics|Request starting HTTP/2 GET https://localhost:5001/swagger/v1/swagger.json - - |GET|https://localhost/swagger/v1/swagger.json||
2023-04-08 17:10:10.9686|00-908e8c9c5cc34a4e8b1eb374647816be-7894423bd7b1ff4c-00|TRACE|13|Microsoft.AspNetCore.HostFiltering.HostFilteringMiddleware|All hosts are allowed. |GET|https://localhost/swagger/v1/swagger.json||
2023-04-08 17:10:11.1787|00-908e8c9c5cc34a4e8b1eb374647816be-7894423bd7b1ff4c-00|TRACE|13|Microsoft.AspNetCore.Server.Kestrel|Connection id "0HMPO8DBCB7PF" sending HEADERS frame for stream ID 25 with length 35 and flags END_HEADERS |GET|https://localhost/swagger/v1/swagger.json||
2023-04-08 17:10:11.1787||TRACE|13|Microsoft.AspNetCore.Server.Kestrel|Connection id "0HMPO8DBCB7PF" sending DATA frame for stream ID 25 with length 12247 and flags NONE ||||
2023-04-08 17:10:11.1787||TRACE|13|Microsoft.AspNetCore.Server.Kestrel|Connection id "0HMPO8DBCB7PF" sending DATA frame for stream ID 25 with length 0 and flags END_STREAM ||||
2023-04-08 17:10:11.1787|00-908e8c9c5cc34a4e8b1eb374647816be-7894423bd7b1ff4c-00|INFO|13|Microsoft.AspNetCore.Hosting.Diagnostics|Request finished HTTP/2 GET https://localhost:5001/swagger/v1/swagger.json - - - 200 - application/json;charset=utf-8 207.8385ms |GET|https://localhost/swagger/v1/swagger.json||
2023-04-08 17:43:28.1711||DEBUG|1|Microsoft.Extensions.Hosting.Internal.Host|Hosting starting ||||
2023-04-08 17:43:29.8857||DEBUG|1|Microsoft.AspNetCore.Server.Kestrel.Core.KestrelServer|Using development certificate: CN=localhost (Thumbprint: 271FCE57A0031D4456FCBF86AC23FB6233DED546) ||||
2023-04-08 17:43:29.9538||INFO|1|Microsoft.Hosting.Lifetime|Now listening on: https://localhost:5001 ||||
2023-04-08 17:43:29.9538||INFO|1|Microsoft.Hosting.Lifetime|Now listening on: http://localhost:5000 ||||
2023-04-08 17:43:29.9538||DEBUG|1|Microsoft.AspNetCore.Hosting.Diagnostics|Loaded hosting startup assembly GreenHauseMonitor ||||
2023-04-08 17:43:29.9538||INFO|1|Microsoft.Hosting.Lifetime|Application started. Press Ctrl+C to shut down. ||||
2023-04-08 17:43:29.9538||INFO|1|Microsoft.Hosting.Lifetime|Hosting environment: Development ||||
2023-04-08 17:43:29.9538||INFO|1|Microsoft.Hosting.Lifetime|Content root path: C:\Users\Azzinoth\source\repos\GreenHauseMonitor\GreenHauseMonitor ||||
2023-04-08 17:43:29.9538||DEBUG|1|Microsoft.Extensions.Hosting.Internal.Host|Hosting started ||||
2023-04-08 17:43:30.0062||DEBUG|9|Microsoft.AspNetCore.Server.Kestrel|Connection id "0HMPO9007P3MQ" accepted. ||||
2023-04-08 17:43:30.0062||DEBUG|5|Microsoft.AspNetCore.Server.Kestrel|Connection id "0HMPO9007P3MQ" started. ||||
2023-04-08 17:43:30.0384||DEBUG|7|Microsoft.AspNetCore.Server.Kestrel|Connection id "0HMPO9007P3MR" accepted. ||||
2023-04-08 17:43:30.0384||DEBUG|4|Microsoft.AspNetCore.Server.Kestrel|Connection id "0HMPO9007P3MR" started. ||||
2023-04-08 17:43:30.0384||DEBUG|5|Microsoft.AspNetCore.Server.Kestrel.Transport.Sockets|Connection id "0HMPO9007P3MR" received FIN. ||||
2023-04-08 17:43:30.0384||DEBUG|6|Microsoft.AspNetCore.Server.Kestrel.Transport.Sockets|Connection id "0HMPO9007P3MQ" received FIN. ||||
2023-04-08 17:43:30.0513||DEBUG|13|Microsoft.AspNetCore.Server.Kestrel.Https.Internal.HttpsConnectionMiddleware|Failed to authenticate HTTPS connection. System.IO.IOException:  Received an unexpected EOF or 0 bytes from the transport stream.
   at System.Net.Security.SslStream.<FillHandshakeBufferAsync>g__InternalFillHandshakeBufferAsync|182_0[TIOAdapter](TIOAdapter adap, ValueTask`1 task, Int32 minSize)
   at System.Net.Security.SslStream.ReceiveBlobAsync[TIOAdapter](TIOAdapter adapter)
   at System.Net.Security.SslStream.ForceAuthenticationAsync[TIOAdapter](TIOAdapter adapter, Boolean receiveFirst, Byte[] reAuthenticationData, Boolean isApm)
   at Microsoft.AspNetCore.Server.Kestrel.Https.Internal.HttpsConnectionMiddleware.OnConnectionAsync(ConnectionContext context)||||
2023-04-08 17:43:30.0513||DEBUG|4|Microsoft.AspNetCore.Server.Kestrel.Https.Internal.HttpsConnectionMiddleware|Failed to authenticate HTTPS connection. System.IO.IOException:  Received an unexpected EOF or 0 bytes from the transport stream.
   at System.Net.Security.SslStream.<FillHandshakeBufferAsync>g__InternalFillHandshakeBufferAsync|182_0[TIOAdapter](TIOAdapter adap, ValueTask`1 task, Int32 minSize)
   at System.Net.Security.SslStream.ReceiveBlobAsync[TIOAdapter](TIOAdapter adapter)
   at System.Net.Security.SslStream.ForceAuthenticationAsync[TIOAdapter](TIOAdapter adapter, Boolean receiveFirst, Byte[] reAuthenticationData, Boolean isApm)
   at Microsoft.AspNetCore.Server.Kestrel.Https.Internal.HttpsConnectionMiddleware.OnConnectionAsync(ConnectionContext context)||||
2023-04-08 17:43:30.1057||DEBUG|4|Microsoft.AspNetCore.Server.Kestrel|Connection id "0HMPO9007P3MQ" stopped. ||||
2023-04-08 17:43:30.1057||DEBUG|13|Microsoft.AspNetCore.Server.Kestrel|Connection id "0HMPO9007P3MR" stopped. ||||
2023-04-08 17:43:30.1057||DEBUG|13|Microsoft.AspNetCore.Server.Kestrel.Transport.Sockets|Connection id "0HMPO9007P3MR" sending FIN because: "The Socket transport's send loop completed gracefully." ||||
2023-04-08 17:43:30.1057||DEBUG|6|Microsoft.AspNetCore.Server.Kestrel.Transport.Sockets|Connection id "0HMPO9007P3MQ" sending FIN because: "The Socket transport's send loop completed gracefully." ||||
2023-04-08 17:43:31.0827||DEBUG|9|Microsoft.AspNetCore.Server.Kestrel|Connection id "0HMPO9007P3MS" accepted. ||||
2023-04-08 17:43:31.0827||DEBUG|12|Microsoft.AspNetCore.Server.Kestrel.Transport.Sockets|Connection id "0HMPO9007P3MS" received FIN. ||||
2023-04-08 17:43:31.0827||DEBUG|13|Microsoft.AspNetCore.Server.Kestrel|Connection id "0HMPO9007P3MS" started. ||||
2023-04-08 17:43:31.1225||DEBUG|9|Microsoft.AspNetCore.Server.Kestrel|Connection id "0HMPO9007P3MT" accepted. ||||
2023-04-08 17:43:31.1225||DEBUG|12|Microsoft.AspNetCore.Server.Kestrel|Connection id "0HMPO9007P3MT" started. ||||
2023-04-08 17:43:31.1766||DEBUG|13|Microsoft.AspNetCore.Server.Kestrel.Https.Internal.HttpsConnectionMiddleware|Failed to authenticate HTTPS connection. System.IO.IOException:  Received an unexpected EOF or 0 bytes from the transport stream.
   at System.Net.Security.SslStream.ReceiveBlobAsync[TIOAdapter](TIOAdapter adapter)
   at System.Net.Security.SslStream.ForceAuthenticationAsync[TIOAdapter](TIOAdapter adapter, Boolean receiveFirst, Byte[] reAuthenticationData, Boolean isApm)
   at Microsoft.AspNetCore.Server.Kestrel.Https.Internal.HttpsConnectionMiddleware.OnConnectionAsync(ConnectionContext context)||||
2023-04-08 17:43:31.1766||DEBUG|13|Microsoft.AspNetCore.Server.Kestrel|Connection id "0HMPO9007P3MS" stopped. ||||
2023-04-08 17:43:31.1766||DEBUG|13|Microsoft.AspNetCore.Server.Kestrel.Transport.Sockets|Connection id "0HMPO9007P3MS" sending FIN because: "The Socket transport's send loop completed gracefully." ||||
2023-04-08 17:43:31.2528||DEBUG|6|Microsoft.AspNetCore.Server.Kestrel.Https.Internal.HttpsConnectionMiddleware|Connection "0HMPO9007P3MT" established using the following protocol: Tls12 ||||
2023-04-08 17:43:31.3443||TRACE|6|Microsoft.AspNetCore.Server.Kestrel|Connection id "0HMPO9007P3MT" sending SETTINGS frame for stream ID 0 with length 18 and flags NONE ||||
2023-04-08 17:43:31.3443||TRACE|6|Microsoft.AspNetCore.Server.Kestrel|Connection id "0HMPO9007P3MT" sending WINDOW_UPDATE frame for stream ID 0 with length 4 and flags 0x0 ||||
2023-04-08 17:43:31.3443||TRACE|6|Microsoft.AspNetCore.Server.Kestrel|Connection id "0HMPO9007P3MT" received SETTINGS frame for stream ID 0 with length 18 and flags NONE ||||
2023-04-08 17:43:31.3443||TRACE|6|Microsoft.AspNetCore.Server.Kestrel|Connection id "0HMPO9007P3MT" sending SETTINGS frame for stream ID 0 with length 0 and flags ACK ||||
2023-04-08 17:43:31.3443||TRACE|6|Microsoft.AspNetCore.Server.Kestrel|Connection id "0HMPO9007P3MT" received WINDOW_UPDATE frame for stream ID 0 with length 4 and flags 0x0 ||||
2023-04-08 17:43:31.3443||TRACE|6|Microsoft.AspNetCore.Server.Kestrel|Connection id "0HMPO9007P3MT" received PRIORITY frame for stream ID 3 with length 5 and flags 0x0 ||||
2023-04-08 17:43:31.3443||TRACE|6|Microsoft.AspNetCore.Server.Kestrel|Connection id "0HMPO9007P3MT" received PRIORITY frame for stream ID 5 with length 5 and flags 0x0 ||||
2023-04-08 17:43:31.3443||TRACE|6|Microsoft.AspNetCore.Server.Kestrel|Connection id "0HMPO9007P3MT" received PRIORITY frame for stream ID 7 with length 5 and flags 0x0 ||||
2023-04-08 17:43:31.3443||TRACE|6|Microsoft.AspNetCore.Server.Kestrel|Connection id "0HMPO9007P3MT" received PRIORITY frame for stream ID 9 with length 5 and flags 0x0 ||||
2023-04-08 17:43:31.3443||TRACE|6|Microsoft.AspNetCore.Server.Kestrel|Connection id "0HMPO9007P3MT" received PRIORITY frame for stream ID 11 with length 5 and flags 0x0 ||||
2023-04-08 17:43:31.3443||TRACE|6|Microsoft.AspNetCore.Server.Kestrel|Connection id "0HMPO9007P3MT" received PRIORITY frame for stream ID 13 with length 5 and flags 0x0 ||||
2023-04-08 17:43:31.3443||TRACE|6|Microsoft.AspNetCore.Server.Kestrel|Connection id "0HMPO9007P3MT" received HEADERS frame for stream ID 15 with length 301 and flags END_STREAM, END_HEADERS, PRIORITY ||||
2023-04-08 17:43:31.3788||TRACE|6|Microsoft.AspNetCore.Server.Kestrel|Connection id "0HMPO9007P3MT" received WINDOW_UPDATE frame for stream ID 15 with length 4 and flags 0x0 ||||
2023-04-08 17:43:31.3788||TRACE|6|Microsoft.AspNetCore.Server.Kestrel|Connection id "0HMPO9007P3MT" received SETTINGS frame for stream ID 0 with length 0 and flags ACK ||||
2023-04-08 17:43:31.4117|00-a751d5069427eb4aa73570cec73b10ff-69cb3284ac13fe48-00|INFO|13|Microsoft.AspNetCore.Hosting.Diagnostics|Request starting HTTP/2 GET https://localhost:5001/swagger/index.html - - |GET|https://localhost/swagger/index.html||
2023-04-08 17:43:31.4187|00-a751d5069427eb4aa73570cec73b10ff-69cb3284ac13fe48-00|DEBUG|13|Microsoft.AspNetCore.HostFiltering.HostFilteringMiddleware|Wildcard detected, all requests with hosts will be allowed. |GET|https://localhost/swagger/index.html||
2023-04-08 17:43:31.4187|00-a751d5069427eb4aa73570cec73b10ff-69cb3284ac13fe48-00|TRACE|13|Microsoft.AspNetCore.HostFiltering.HostFilteringMiddleware|All hosts are allowed. |GET|https://localhost/swagger/index.html||
2023-04-08 17:43:31.5872|00-a751d5069427eb4aa73570cec73b10ff-69cb3284ac13fe48-00|TRACE|13|Microsoft.AspNetCore.Server.Kestrel|Connection id "0HMPO9007P3MT" sending HEADERS frame for stream ID 15 with length 66 and flags END_HEADERS |GET|https://localhost/swagger/index.html||
2023-04-08 17:43:31.5872||TRACE|13|Microsoft.AspNetCore.Server.Kestrel|Connection id "0HMPO9007P3MT" sending DATA frame for stream ID 15 with length 3191 and flags NONE ||||
2023-04-08 17:43:31.5872||TRACE|13|Microsoft.AspNetCore.Server.Kestrel|Connection id "0HMPO9007P3MT" sending DATA frame for stream ID 15 with length 0 and flags END_STREAM ||||
2023-04-08 17:43:31.5929|00-a751d5069427eb4aa73570cec73b10ff-69cb3284ac13fe48-00|INFO|13|Microsoft.AspNetCore.Hosting.Diagnostics|Request finished HTTP/2 GET https://localhost:5001/swagger/index.html - - - 200 - text/html;charset=utf-8 181.3898ms |GET|https://localhost/swagger/index.html||
2023-04-08 17:43:31.6995||TRACE|13|Microsoft.AspNetCore.Server.Kestrel|Connection id "0HMPO9007P3MT" received HEADERS frame for stream ID 17 with length 105 and flags END_STREAM, END_HEADERS, PRIORITY ||||
2023-04-08 17:43:31.6995||TRACE|13|Microsoft.AspNetCore.Server.Kestrel|Connection id "0HMPO9007P3MT" received WINDOW_UPDATE frame for stream ID 17 with length 4 and flags 0x0 ||||
2023-04-08 17:43:31.6995||TRACE|13|Microsoft.AspNetCore.Server.Kestrel|Connection id "0HMPO9007P3MT" received RST_STREAM frame for stream ID 17 with length 4 and flags 0x0 ||||
2023-04-08 17:43:31.7146|00-32c3dc274ae917439c7f211655703ed9-6042cbb9d31e204e-00|INFO|13|Microsoft.AspNetCore.Hosting.Diagnostics|Request starting HTTP/2 GET https://localhost:5001/swagger/swagger-ui.css - - |GET|https://localhost/swagger/swagger-ui.css||
2023-04-08 17:43:31.7146|00-32c3dc274ae917439c7f211655703ed9-6042cbb9d31e204e-00|TRACE|13|Microsoft.AspNetCore.HostFiltering.HostFilteringMiddleware|All hosts are allowed. |GET|https://localhost/swagger/swagger-ui.css||
2023-04-08 17:43:31.7368|00-32c3dc274ae917439c7f211655703ed9-6042cbb9d31e204e-00|TRACE|13|Microsoft.AspNetCore.StaticFiles.StaticFileMiddleware|Range header's value is empty. |GET|https://localhost/swagger/swagger-ui.css||
2023-04-08 17:43:31.7368|00-32c3dc274ae917439c7f211655703ed9-6042cbb9d31e204e-00|DEBUG|13|Microsoft.AspNetCore.StaticFiles.StaticFileMiddleware|The file transmission was cancelled System.OperationCanceledException: The operation was canceled.
   at System.Threading.CancellationToken.ThrowOperationCanceledException()
   at System.Threading.CancellationToken.ThrowIfCancellationRequested()
   at Microsoft.AspNetCore.Http.SendFileResponseExtensions.SendFileAsyncCore(HttpResponse response, IFileInfo file, Int64 offset, Nullable`1 count, CancellationToken cancellationToken)
   at Microsoft.AspNetCore.StaticFiles.StaticFileContext.SendAsync()|GET|https://localhost/swagger/swagger-ui.css||
2023-04-08 17:43:31.7368|00-32c3dc274ae917439c7f211655703ed9-6042cbb9d31e204e-00|INFO|13|Microsoft.AspNetCore.StaticFiles.StaticFileMiddleware|Sending file. Request path: '/swagger-ui.css'. Physical path: 'N/A' |GET|https://localhost/swagger/swagger-ui.css||
2023-04-08 17:43:31.7368|00-32c3dc274ae917439c7f211655703ed9-6042cbb9d31e204e-00|INFO|13|Microsoft.AspNetCore.Hosting.Diagnostics|Request finished HTTP/2 GET https://localhost:5001/swagger/swagger-ui.css - - - 0 142933 text/css 30.9313ms |GET|https://localhost/swagger/swagger-ui.css||
2023-04-08 17:43:31.8542||TRACE|4|Microsoft.AspNetCore.Server.Kestrel|Connection id "0HMPO9007P3MT" received HEADERS frame for stream ID 19 with length 65 and flags END_STREAM, END_HEADERS, PRIORITY ||||
2023-04-08 17:43:31.9005||TRACE|4|Microsoft.AspNetCore.Server.Kestrel|Connection id "0HMPO9007P3MT" received WINDOW_UPDATE frame for stream ID 19 with length 4 and flags 0x0 ||||
2023-04-08 17:43:31.9053|00-f878f9880737d54aaf3f70f78d670fcf-a03af364aa9c2449-00|INFO|4|Microsoft.AspNetCore.Hosting.Diagnostics|Request starting HTTP/2 GET https://localhost:5001/swagger/v1/swagger.json - - |GET|https://localhost/swagger/v1/swagger.json||
2023-04-08 17:43:31.9053|00-f878f9880737d54aaf3f70f78d670fcf-a03af364aa9c2449-00|TRACE|4|Microsoft.AspNetCore.HostFiltering.HostFilteringMiddleware|All hosts are allowed. |GET|https://localhost/swagger/v1/swagger.json||
2023-04-08 17:43:32.0097|00-f878f9880737d54aaf3f70f78d670fcf-a03af364aa9c2449-00|TRACE|4|Microsoft.AspNetCore.Server.Kestrel|Connection id "0HMPO9007P3MT" sending HEADERS frame for stream ID 19 with length 65 and flags END_HEADERS |GET|https://localhost/swagger/v1/swagger.json||
2023-04-08 17:43:32.0097||TRACE|4|Microsoft.AspNetCore.Server.Kestrel|Connection id "0HMPO9007P3MT" sending DATA frame for stream ID 19 with length 13872 and flags NONE ||||
2023-04-08 17:43:32.0115||TRACE|4|Microsoft.AspNetCore.Server.Kestrel|Connection id "0HMPO9007P3MT" sending DATA frame for stream ID 19 with length 0 and flags END_STREAM ||||
2023-04-08 17:43:32.0115|00-f878f9880737d54aaf3f70f78d670fcf-a03af364aa9c2449-00|INFO|4|Microsoft.AspNetCore.Hosting.Diagnostics|Request finished HTTP/2 GET https://localhost:5001/swagger/v1/swagger.json - - - 200 - application/json;charset=utf-8 106.4603ms |GET|https://localhost/swagger/v1/swagger.json||
2023-04-08 17:44:30.3119||TRACE|4|Microsoft.AspNetCore.Server.Kestrel|Connection id "0HMPO9007P3MT" received PING frame for stream ID 0 with length 8 and flags NONE ||||
2023-04-08 17:44:30.3119||TRACE|4|Microsoft.AspNetCore.Server.Kestrel|Connection id "0HMPO9007P3MT" sending PING frame for stream ID 0 with length 8 and flags ACK ||||
2023-04-08 17:45:28.3339||TRACE|14|Microsoft.AspNetCore.Server.Kestrel|Connection id "0HMPO9007P3MT" received PING frame for stream ID 0 with length 8 and flags NONE ||||
2023-04-08 17:45:28.3339||TRACE|14|Microsoft.AspNetCore.Server.Kestrel|Connection id "0HMPO9007P3MT" sending PING frame for stream ID 0 with length 8 and flags ACK ||||
2023-04-08 17:45:30.9154||DEBUG|9|Microsoft.AspNetCore.Server.Kestrel|Connection id "0HMPO9007P3MU" accepted. ||||
2023-04-08 17:45:30.9207||DEBUG|5|Microsoft.AspNetCore.Server.Kestrel|Connection id "0HMPO9007P3MU" started. ||||
2023-04-08 17:45:30.9207||DEBUG|15|Microsoft.AspNetCore.Server.Kestrel.Transport.Sockets|Connection id "0HMPO9007P3MU" received FIN. ||||
2023-04-08 17:45:30.9207||DEBUG|17|Microsoft.AspNetCore.Server.Kestrel|Connection id "0HMPO9007P3MV" accepted. ||||
2023-04-08 17:45:30.9207||DEBUG|15|Microsoft.AspNetCore.Server.Kestrel|Connection id "0HMPO9007P3MV" started. ||||
2023-04-08 17:45:30.9207||DEBUG|5|Microsoft.AspNetCore.Server.Kestrel.Https.Internal.HttpsConnectionMiddleware|Failed to authenticate HTTPS connection. System.IO.IOException:  Received an unexpected EOF or 0 bytes from the transport stream.
   at System.Net.Security.SslStream.ReceiveBlobAsync[TIOAdapter](TIOAdapter adapter)
   at System.Net.Security.SslStream.ForceAuthenticationAsync[TIOAdapter](TIOAdapter adapter, Boolean receiveFirst, Byte[] reAuthenticationData, Boolean isApm)
   at Microsoft.AspNetCore.Server.Kestrel.Https.Internal.HttpsConnectionMiddleware.OnConnectionAsync(ConnectionContext context)||||
2023-04-08 17:45:30.9207||DEBUG|5|Microsoft.AspNetCore.Server.Kestrel|Connection id "0HMPO9007P3MU" stopped. ||||
2023-04-08 17:45:30.9207||DEBUG|4|Microsoft.AspNetCore.Server.Kestrel.Transport.Sockets|Connection id "0HMPO9007P3MU" sending FIN because: "The Socket transport's send loop completed gracefully." ||||
2023-04-08 17:45:30.9207||DEBUG|15|Microsoft.AspNetCore.Server.Kestrel.Https.Internal.HttpsConnectionMiddleware|Connection "0HMPO9007P3MV" established using the following protocol: Tls12 ||||
2023-04-08 17:45:30.9375|00-4ba70a1edcc5624a9137094fee13d74d-cf195077d8021b47-00|INFO|15|Microsoft.AspNetCore.Hosting.Diagnostics|Request starting HTTP/1.1 POST https://localhost:5001/api/Account/register application/json 126 |POST|https://localhost/api/Account/register||
2023-04-08 17:45:30.9375|00-4ba70a1edcc5624a9137094fee13d74d-cf195077d8021b47-00|TRACE|15|Microsoft.AspNetCore.HostFiltering.HostFilteringMiddleware|All hosts are allowed. |POST|https://localhost/api/Account/register||
2023-04-08 17:45:30.9375|00-4ba70a1edcc5624a9137094fee13d74d-cf195077d8021b47-00|DEBUG|15|Microsoft.AspNetCore.StaticFiles.StaticFileMiddleware|POST requests are not supported |POST|https://localhost/api/Account/register||
2023-04-08 17:45:30.9661|00-4ba70a1edcc5624a9137094fee13d74d-cf195077d8021b47-00|DEBUG|15|Microsoft.AspNetCore.Routing.Matching.DfaMatcher|1 candidate(s) found for the request path '/api/Account/register' |POST|https://localhost/api/Account/register||
2023-04-08 17:45:30.9661|00-4ba70a1edcc5624a9137094fee13d74d-cf195077d8021b47-00|DEBUG|15|Microsoft.AspNetCore.Routing.Matching.DfaMatcher|Endpoint 'GreenHauseMonitor.Controllers.AccountController.RegisterUser (GreenHauseMonitor)' with route pattern 'api/account/register' is valid for the request path '/api/Account/register' |POST|https://localhost/api/Account/register||
2023-04-08 17:45:30.9661|00-4ba70a1edcc5624a9137094fee13d74d-cf195077d8021b47-00|DEBUG|15|Microsoft.AspNetCore.Routing.EndpointRoutingMiddleware|Request matched endpoint 'GreenHauseMonitor.Controllers.AccountController.RegisterUser (GreenHauseMonitor)' |POST|https://localhost/api/Account/register|RegisterUser|
2023-04-08 17:45:30.9661|00-4ba70a1edcc5624a9137094fee13d74d-cf195077d8021b47-00|INFO|15|Microsoft.AspNetCore.Routing.EndpointMiddleware|Executing endpoint 'GreenHauseMonitor.Controllers.AccountController.RegisterUser (GreenHauseMonitor)' |POST|https://localhost/api/Account/register|RegisterUser|
2023-04-08 17:45:30.9661|00-4ba70a1edcc5624a9137094fee13d74d-cf195077d8021b47-00|DEBUG|15|Microsoft.AspNetCore.Mvc.ModelBinding.ModelBinderFactory|Registered model binder providers, in the following order: Microsoft.AspNetCore.Mvc.ModelBinding.Binders.BinderTypeModelBinderProvider, Microsoft.AspNetCore.Mvc.ModelBinding.Binders.ServicesModelBinderProvider, Microsoft.AspNetCore.Mvc.ModelBinding.Binders.BodyModelBinderProvider, Microsoft.AspNetCore.Mvc.ModelBinding.Binders.HeaderModelBinderProvider, Microsoft.AspNetCore.Mvc.ModelBinding.Binders.FloatingPointTypeModelBinderProvider, Microsoft.AspNetCore.Mvc.ModelBinding.Binders.EnumTypeModelBinderProvider, Microsoft.AspNetCore.Mvc.ModelBinding.Binders.DateTimeModelBinderProvider, Microsoft.AspNetCore.Mvc.ModelBinding.Binders.SimpleTypeModelBinderProvider, Microsoft.AspNetCore.Mvc.ModelBinding.Binders.CancellationTokenModelBinderProvider, Microsoft.AspNetCore.Mvc.ModelBinding.Binders.ByteArrayModelBinderProvider, Microsoft.AspNetCore.Mvc.ModelBinding.Binders.FormFileModelBinderProvider, Microsoft.AspNetCore.Mvc.ModelBinding.Binders.FormCollectionModelBinderProvider, Microsoft.AspNetCore.Mvc.ModelBinding.Binders.KeyValuePairModelBinderProvider, Microsoft.AspNetCore.Mvc.ModelBinding.Binders.DictionaryModelBinderProvider, Microsoft.AspNetCore.Mvc.ModelBinding.Binders.ArrayModelBinderProvider, Microsoft.AspNetCore.Mvc.ModelBinding.Binders.CollectionModelBinderProvider, Microsoft.AspNetCore.Mvc.ModelBinding.Binders.ComplexObjectModelBinderProvider |POST|https://localhost/api/Account/register|RegisterUser|
2023-04-08 17:45:30.9910|00-4ba70a1edcc5624a9137094fee13d74d-cf195077d8021b47-00|INFO|15|Microsoft.AspNetCore.Mvc.Infrastructure.ControllerActionInvoker|Route matched with {action = "RegisterUser", controller = "Account"}. Executing controller action with signature Microsoft.AspNetCore.Mvc.ActionResult RegisterUser(GreenHauseMonitor.Models.RegisterUserDto) on controller GreenHauseMonitor.Controllers.AccountController (GreenHauseMonitor). |POST|https://localhost/api/Account/register|RegisterUser|
2023-04-08 17:45:30.9910|00-4ba70a1edcc5624a9137094fee13d74d-cf195077d8021b47-00|DEBUG|15|Microsoft.AspNetCore.Mvc.Infrastructure.ControllerActionInvoker|Execution plan of authorization filters (in the following order): None |POST|https://localhost/api/Account/register|RegisterUser|
2023-04-08 17:45:30.9910|00-4ba70a1edcc5624a9137094fee13d74d-cf195077d8021b47-00|DEBUG|15|Microsoft.AspNetCore.Mvc.Infrastructure.ControllerActionInvoker|Execution plan of resource filters (in the following order): None |POST|https://localhost/api/Account/register|RegisterUser|
2023-04-08 17:45:30.9910|00-4ba70a1edcc5624a9137094fee13d74d-cf195077d8021b47-00|DEBUG|15|Microsoft.AspNetCore.Mvc.Infrastructure.ControllerActionInvoker|Execution plan of action filters (in the following order): Microsoft.AspNetCore.Mvc.ModelBinding.UnsupportedContentTypeFilter (Order: -3000), Microsoft.AspNetCore.Mvc.Infrastructure.ModelStateInvalidFilter (Order: -2000) |POST|https://localhost/api/Account/register|RegisterUser|
2023-04-08 17:45:30.9910|00-4ba70a1edcc5624a9137094fee13d74d-cf195077d8021b47-00|DEBUG|15|Microsoft.AspNetCore.Mvc.Infrastructure.ControllerActionInvoker|Execution plan of exception filters (in the following order): None |POST|https://localhost/api/Account/register|RegisterUser|
2023-04-08 17:45:30.9910|00-4ba70a1edcc5624a9137094fee13d74d-cf195077d8021b47-00|DEBUG|15|Microsoft.AspNetCore.Mvc.Infrastructure.ControllerActionInvoker|Execution plan of result filters (in the following order): Microsoft.AspNetCore.Mvc.Infrastructure.ClientErrorResultFilter (Order: -2000) |POST|https://localhost/api/Account/register|RegisterUser|
2023-04-08 17:45:30.9910|00-4ba70a1edcc5624a9137094fee13d74d-cf195077d8021b47-00|DEBUG|15|Microsoft.AspNetCore.Mvc.Infrastructure.ControllerActionInvoker|Executing controller factory for controller GreenHauseMonitor.Controllers.AccountController (GreenHauseMonitor) |POST|https://localhost/api/Account/register|RegisterUser|
2023-04-08 17:45:31.0721|00-4ba70a1edcc5624a9137094fee13d74d-cf195077d8021b47-00|DEBUG|15|Microsoft.AspNetCore.Mvc.Infrastructure.ControllerActionInvoker|Executed controller factory for controller GreenHauseMonitor.Controllers.AccountController (GreenHauseMonitor) |POST|https://localhost/api/Account/register|RegisterUser|
2023-04-08 17:45:31.0884|00-4ba70a1edcc5624a9137094fee13d74d-cf195077d8021b47-00|DEBUG|15|Microsoft.AspNetCore.Mvc.ModelBinding.ParameterBinder|Attempting to bind parameter 'dto' of type 'GreenHauseMonitor.Models.RegisterUserDto' ... |POST|https://localhost/api/Account/register|RegisterUser|
2023-04-08 17:45:31.0884|00-4ba70a1edcc5624a9137094fee13d74d-cf195077d8021b47-00|DEBUG|15|Microsoft.AspNetCore.Mvc.ModelBinding.Binders.BodyModelBinder|Attempting to bind parameter 'dto' of type 'GreenHauseMonitor.Models.RegisterUserDto' using the name '' in request data ... |POST|https://localhost/api/Account/register|RegisterUser|
2023-04-08 17:45:31.0906|00-4ba70a1edcc5624a9137094fee13d74d-cf195077d8021b47-00|DEBUG|15|Microsoft.AspNetCore.Mvc.ModelBinding.Binders.BodyModelBinder|Selected input formatter 'Microsoft.AspNetCore.Mvc.Formatters.SystemTextJsonInputFormatter' for content type 'application/json'. |POST|https://localhost/api/Account/register|RegisterUser|
2023-04-08 17:45:31.0906|00-4ba70a1edcc5624a9137094fee13d74d-cf195077d8021b47-00|DEBUG|15|Microsoft.AspNetCore.Server.Kestrel|Connection id "0HMPO9007P3MV", Request id "0HMPO9007P3MV:00000002": started reading request body. |POST|https://localhost/api/Account/register|RegisterUser|
2023-04-08 17:45:31.0906|00-4ba70a1edcc5624a9137094fee13d74d-cf195077d8021b47-00|DEBUG|15|Microsoft.AspNetCore.Server.Kestrel|Connection id "0HMPO9007P3MV", Request id "0HMPO9007P3MV:00000002": done reading request body. |POST|https://localhost/api/Account/register|RegisterUser|
2023-04-08 17:45:31.0906|00-4ba70a1edcc5624a9137094fee13d74d-cf195077d8021b47-00|DEBUG|15|Microsoft.AspNetCore.Mvc.Formatters.SystemTextJsonInputFormatter|JSON input formatter succeeded, deserializing to type 'GreenHauseMonitor.Models.RegisterUserDto' |POST|https://localhost/api/Account/register|RegisterUser|
2023-04-08 17:45:31.0906|00-4ba70a1edcc5624a9137094fee13d74d-cf195077d8021b47-00|DEBUG|15|Microsoft.AspNetCore.Mvc.ModelBinding.Binders.BodyModelBinder|Done attempting to bind parameter 'dto' of type 'GreenHauseMonitor.Models.RegisterUserDto'. |POST|https://localhost/api/Account/register|RegisterUser|
2023-04-08 17:45:31.0906|00-4ba70a1edcc5624a9137094fee13d74d-cf195077d8021b47-00|DEBUG|15|Microsoft.AspNetCore.Mvc.ModelBinding.ParameterBinder|Done attempting to bind parameter 'dto' of type 'GreenHauseMonitor.Models.RegisterUserDto'. |POST|https://localhost/api/Account/register|RegisterUser|
2023-04-08 17:45:31.0906|00-4ba70a1edcc5624a9137094fee13d74d-cf195077d8021b47-00|DEBUG|15|Microsoft.AspNetCore.Mvc.ModelBinding.ParameterBinder|Attempting to validate the bound parameter 'dto' of type 'GreenHauseMonitor.Models.RegisterUserDto' ... |POST|https://localhost/api/Account/register|RegisterUser|
2023-04-08 17:45:31.1087|00-4ba70a1edcc5624a9137094fee13d74d-cf195077d8021b47-00|DEBUG|15|Microsoft.AspNetCore.Mvc.ModelBinding.ParameterBinder|Done attempting to validate the bound parameter 'dto' of type 'GreenHauseMonitor.Models.RegisterUserDto'. |POST|https://localhost/api/Account/register|RegisterUser|
2023-04-08 17:45:31.1087|00-4ba70a1edcc5624a9137094fee13d74d-cf195077d8021b47-00|TRACE|15|Microsoft.AspNetCore.Mvc.Infrastructure.ControllerActionInvoker|Action Filter: Before executing OnActionExecuting on filter Microsoft.AspNetCore.Mvc.ModelBinding.UnsupportedContentTypeFilter. |POST|https://localhost/api/Account/register|RegisterUser|
2023-04-08 17:45:31.1087|00-4ba70a1edcc5624a9137094fee13d74d-cf195077d8021b47-00|TRACE|15|Microsoft.AspNetCore.Mvc.Infrastructure.ControllerActionInvoker|Action Filter: After executing OnActionExecuting on filter Microsoft.AspNetCore.Mvc.ModelBinding.UnsupportedContentTypeFilter. |POST|https://localhost/api/Account/register|RegisterUser|
2023-04-08 17:45:31.1087|00-4ba70a1edcc5624a9137094fee13d74d-cf195077d8021b47-00|TRACE|15|Microsoft.AspNetCore.Mvc.Infrastructure.ControllerActionInvoker|Action Filter: Before executing OnActionExecuting on filter Microsoft.AspNetCore.Mvc.Infrastructure.ModelStateInvalidFilter. |POST|https://localhost/api/Account/register|RegisterUser|
2023-04-08 17:45:31.1087|00-4ba70a1edcc5624a9137094fee13d74d-cf195077d8021b47-00|TRACE|15|Microsoft.AspNetCore.Mvc.Infrastructure.ControllerActionInvoker|Action Filter: After executing OnActionExecuting on filter Microsoft.AspNetCore.Mvc.Infrastructure.ModelStateInvalidFilter. |POST|https://localhost/api/Account/register|RegisterUser|
2023-04-08 17:45:31.1087|00-4ba70a1edcc5624a9137094fee13d74d-cf195077d8021b47-00|INFO|15|Microsoft.AspNetCore.Mvc.Infrastructure.ControllerActionInvoker|Executing action method GreenHauseMonitor.Controllers.AccountController.RegisterUser (GreenHauseMonitor) - Validation state: Valid |POST|https://localhost/api/Account/register|RegisterUser|
2023-04-08 17:45:31.1087|00-4ba70a1edcc5624a9137094fee13d74d-cf195077d8021b47-00|TRACE|15|Microsoft.AspNetCore.Mvc.Infrastructure.ControllerActionInvoker|Executing action method GreenHauseMonitor.Controllers.AccountController.RegisterUser (GreenHauseMonitor) with arguments (GreenHauseMonitor.Models.RegisterUserDto) |POST|https://localhost/api/Account/register|RegisterUser|
2023-04-08 17:45:31.2914|00-4ba70a1edcc5624a9137094fee13d74d-cf195077d8021b47-00|INFO|15|Microsoft.AspNetCore.Mvc.Infrastructure.ControllerActionInvoker|Executed action method GreenHauseMonitor.Controllers.AccountController.RegisterUser (GreenHauseMonitor), returned result Microsoft.AspNetCore.Mvc.OkResult in 176.2867ms. |POST|https://localhost/api/Account/register|RegisterUser|
2023-04-08 17:45:31.2914|00-4ba70a1edcc5624a9137094fee13d74d-cf195077d8021b47-00|TRACE|15|Microsoft.AspNetCore.Mvc.Infrastructure.ControllerActionInvoker|Action Filter: Before executing OnActionExecuted on filter Microsoft.AspNetCore.Mvc.Infrastructure.ModelStateInvalidFilter. |POST|https://localhost/api/Account/register|RegisterUser|
2023-04-08 17:45:31.2914|00-4ba70a1edcc5624a9137094fee13d74d-cf195077d8021b47-00|TRACE|15|Microsoft.AspNetCore.Mvc.Infrastructure.ControllerActionInvoker|Action Filter: After executing OnActionExecuted on filter Microsoft.AspNetCore.Mvc.Infrastructure.ModelStateInvalidFilter. |POST|https://localhost/api/Account/register|RegisterUser|
2023-04-08 17:45:31.2914|00-4ba70a1edcc5624a9137094fee13d74d-cf195077d8021b47-00|TRACE|15|Microsoft.AspNetCore.Mvc.Infrastructure.ControllerActionInvoker|Action Filter: Before executing OnActionExecuted on filter Microsoft.AspNetCore.Mvc.ModelBinding.UnsupportedContentTypeFilter. |POST|https://localhost/api/Account/register|RegisterUser|
2023-04-08 17:45:31.2914|00-4ba70a1edcc5624a9137094fee13d74d-cf195077d8021b47-00|TRACE|15|Microsoft.AspNetCore.Mvc.Infrastructure.ControllerActionInvoker|Action Filter: After executing OnActionExecuted on filter Microsoft.AspNetCore.Mvc.ModelBinding.UnsupportedContentTypeFilter. |POST|https://localhost/api/Account/register|RegisterUser|
2023-04-08 17:45:31.2914|00-4ba70a1edcc5624a9137094fee13d74d-cf195077d8021b47-00|TRACE|15|Microsoft.AspNetCore.Mvc.Infrastructure.ControllerActionInvoker|Result Filter: Before executing OnResultExecuting on filter Microsoft.AspNetCore.Mvc.Infrastructure.ClientErrorResultFilter. |POST|https://localhost/api/Account/register|RegisterUser|
2023-04-08 17:45:31.2914|00-4ba70a1edcc5624a9137094fee13d74d-cf195077d8021b47-00|TRACE|15|Microsoft.AspNetCore.Mvc.Infrastructure.ControllerActionInvoker|Result Filter: After executing OnResultExecuting on filter Microsoft.AspNetCore.Mvc.Infrastructure.ClientErrorResultFilter. |POST|https://localhost/api/Account/register|RegisterUser|
2023-04-08 17:45:31.2928|00-4ba70a1edcc5624a9137094fee13d74d-cf195077d8021b47-00|TRACE|15|Microsoft.AspNetCore.Mvc.Infrastructure.ControllerActionInvoker|Before executing action result Microsoft.AspNetCore.Mvc.OkResult. |POST|https://localhost/api/Account/register|RegisterUser|
2023-04-08 17:45:31.2928|00-4ba70a1edcc5624a9137094fee13d74d-cf195077d8021b47-00|INFO|15|Microsoft.AspNetCore.Mvc.StatusCodeResult|Executing HttpStatusCodeResult, setting HTTP status code 200 |POST|https://localhost/api/Account/register|RegisterUser|
2023-04-08 17:45:31.2928|00-4ba70a1edcc5624a9137094fee13d74d-cf195077d8021b47-00|TRACE|15|Microsoft.AspNetCore.Mvc.Infrastructure.ControllerActionInvoker|After executing action result Microsoft.AspNetCore.Mvc.OkResult. |POST|https://localhost/api/Account/register|RegisterUser|
2023-04-08 17:45:31.2928|00-4ba70a1edcc5624a9137094fee13d74d-cf195077d8021b47-00|TRACE|15|Microsoft.AspNetCore.Mvc.Infrastructure.ControllerActionInvoker|Result Filter: Before executing OnResultExecuted on filter Microsoft.AspNetCore.Mvc.Infrastructure.ClientErrorResultFilter. |POST|https://localhost/api/Account/register|RegisterUser|
2023-04-08 17:45:31.2928|00-4ba70a1edcc5624a9137094fee13d74d-cf195077d8021b47-00|TRACE|15|Microsoft.AspNetCore.Mvc.Infrastructure.ControllerActionInvoker|Result Filter: After executing OnResultExecuted on filter Microsoft.AspNetCore.Mvc.Infrastructure.ClientErrorResultFilter. |POST|https://localhost/api/Account/register|RegisterUser|
2023-04-08 17:45:31.2928|00-4ba70a1edcc5624a9137094fee13d74d-cf195077d8021b47-00|INFO|15|Microsoft.AspNetCore.Mvc.Infrastructure.ControllerActionInvoker|Executed action GreenHauseMonitor.Controllers.AccountController.RegisterUser (GreenHauseMonitor) in 303.2676ms |POST|https://localhost/api/Account/register|RegisterUser|
2023-04-08 17:45:31.2928|00-4ba70a1edcc5624a9137094fee13d74d-cf195077d8021b47-00|INFO|15|Microsoft.AspNetCore.Routing.EndpointMiddleware|Executed endpoint 'GreenHauseMonitor.Controllers.AccountController.RegisterUser (GreenHauseMonitor)' |POST|https://localhost/api/Account/register|RegisterUser|
2023-04-08 17:45:31.2928|00-4ba70a1edcc5624a9137094fee13d74d-cf195077d8021b47-00|DEBUG|15|Microsoft.AspNetCore.Server.Kestrel|Connection id "0HMPO9007P3MV" completed keep alive response. |POST|https://localhost/api/Account/register|RegisterUser|
2023-04-08 17:45:31.2928|00-4ba70a1edcc5624a9137094fee13d74d-cf195077d8021b47-00|INFO|15|Microsoft.AspNetCore.Hosting.Diagnostics|Request finished HTTP/1.1 POST https://localhost:5001/api/Account/register application/json 126 - 200 0 - 362.9972ms |POST|https://localhost/api/Account/register|RegisterUser|
2023-04-08 17:46:22.4846||TRACE|5|Microsoft.AspNetCore.Server.Kestrel|Connection id "0HMPO9007P3MT" received GOAWAY frame for stream ID 0 with length 8 and flags 0x0 ||||
2023-04-08 17:46:22.4846||DEBUG|5|Microsoft.AspNetCore.Server.Kestrel|Connection id "0HMPO9007P3MT" is closing. ||||
2023-04-08 17:46:22.4846||DEBUG|4|Microsoft.AspNetCore.Server.Kestrel.Transport.Sockets|Connection id "0HMPO9007P3MT" received FIN. ||||
2023-04-08 17:46:22.4846||DEBUG|4|Microsoft.AspNetCore.Server.Kestrel.Transport.Sockets|Connection id "0HMPO9007P3MT" sending FIN because: "The client closed the connection." ||||
2023-04-08 17:46:22.5030||DEBUG|5|Microsoft.AspNetCore.Server.Kestrel|Connection id "0HMPO9007P3MT" is closed. The last processed stream ID was 19. ||||
2023-04-08 17:46:22.5030||DEBUG|5|Microsoft.AspNetCore.Server.Kestrel|Connection id "0HMPO9007P3MT" stopped. ||||
