2023-08-28 20:53:23.0200||DEBUG|1|Microsoft.Extensions.Hosting.Internal.Host|Hosting starting ||||
2023-08-28 20:53:24.6451||DEBUG|1|Microsoft.AspNetCore.Server.Kestrel.Core.KestrelServer|Using development certificate: CN=localhost (Thumbprint: 271FCE57A0031D4456FCBF86AC23FB6233DED546) ||||
2023-08-28 20:53:24.7212||INFO|1|Microsoft.Hosting.Lifetime|Now listening on: https://localhost:5001 ||||
2023-08-28 20:53:24.7237||INFO|1|Microsoft.Hosting.Lifetime|Now listening on: http://localhost:5000 ||||
2023-08-28 20:53:24.7237||DEBUG|1|Microsoft.AspNetCore.Hosting.Diagnostics|Loaded hosting startup assembly GreenHauseMonitor ||||
2023-08-28 20:53:24.7237||INFO|1|Microsoft.Hosting.Lifetime|Application started. Press Ctrl+C to shut down. ||||
2023-08-28 20:53:24.7237||INFO|1|Microsoft.Hosting.Lifetime|Hosting environment: Development ||||
2023-08-28 20:53:24.7382||INFO|1|Microsoft.Hosting.Lifetime|Content root path: C:\Users\Azzinoth\source\repos\GreenHauseMonitor\GreenHauseMonitor ||||
2023-08-28 20:53:24.7382||DEBUG|1|Microsoft.Extensions.Hosting.Internal.Host|Hosting started ||||
2023-08-28 20:53:25.1433||DEBUG|6|Microsoft.AspNetCore.Server.Kestrel|Connection id "0HMT7V07IPPO3" accepted. ||||
2023-08-28 20:53:25.1433||DEBUG|9|Microsoft.AspNetCore.Server.Kestrel|Connection id "0HMT7V07IPPO2" accepted. ||||
2023-08-28 20:53:25.1452||DEBUG|8|Microsoft.AspNetCore.Server.Kestrel|Connection id "0HMT7V07IPPO3" started. ||||
2023-08-28 20:53:25.1452||DEBUG|5|Microsoft.AspNetCore.Server.Kestrel|Connection id "0HMT7V07IPPO2" started. ||||
2023-08-28 20:53:25.1952||DEBUG|4|Microsoft.AspNetCore.Server.Kestrel.Transport.Sockets|Connection id "0HMT7V07IPPO3" received FIN. ||||
2023-08-28 20:53:25.1952||DEBUG|13|Microsoft.AspNetCore.Server.Kestrel.Transport.Sockets|Connection id "0HMT7V07IPPO2" received FIN. ||||
2023-08-28 20:53:25.1952||DEBUG|12|Microsoft.AspNetCore.Server.Kestrel.Https.Internal.HttpsConnectionMiddleware|Failed to authenticate HTTPS connection. System.IO.IOException:  Received an unexpected EOF or 0 bytes from the transport stream.
   at System.Net.Security.SslStream.<FillHandshakeBufferAsync>g__InternalFillHandshakeBufferAsync|182_0[TIOAdapter](TIOAdapter adap, ValueTask`1 task, Int32 minSize)
   at System.Net.Security.SslStream.ReceiveBlobAsync[TIOAdapter](TIOAdapter adapter)
   at System.Net.Security.SslStream.ForceAuthenticationAsync[TIOAdapter](TIOAdapter adapter, Boolean receiveFirst, Byte[] reAuthenticationData, Boolean isApm)
   at Microsoft.AspNetCore.Server.Kestrel.Https.Internal.HttpsConnectionMiddleware.OnConnectionAsync(ConnectionContext context)||||
2023-08-28 20:53:25.1952||DEBUG|5|Microsoft.AspNetCore.Server.Kestrel.Https.Internal.HttpsConnectionMiddleware|Failed to authenticate HTTPS connection. System.IO.IOException:  Received an unexpected EOF or 0 bytes from the transport stream.
   at System.Net.Security.SslStream.<FillHandshakeBufferAsync>g__InternalFillHandshakeBufferAsync|182_0[TIOAdapter](TIOAdapter adap, ValueTask`1 task, Int32 minSize)
   at System.Net.Security.SslStream.ReceiveBlobAsync[TIOAdapter](TIOAdapter adapter)
   at System.Net.Security.SslStream.ForceAuthenticationAsync[TIOAdapter](TIOAdapter adapter, Boolean receiveFirst, Byte[] reAuthenticationData, Boolean isApm)
   at Microsoft.AspNetCore.Server.Kestrel.Https.Internal.HttpsConnectionMiddleware.OnConnectionAsync(ConnectionContext context)||||
2023-08-28 20:53:25.2613||DEBUG|12|Microsoft.AspNetCore.Server.Kestrel|Connection id "0HMT7V07IPPO2" stopped. ||||
2023-08-28 20:53:25.2613||DEBUG|5|Microsoft.AspNetCore.Server.Kestrel|Connection id "0HMT7V07IPPO3" stopped. ||||
2023-08-28 20:53:25.2613||DEBUG|4|Microsoft.AspNetCore.Server.Kestrel.Transport.Sockets|Connection id "0HMT7V07IPPO3" sending FIN because: "The Socket transport's send loop completed gracefully." ||||
2023-08-28 20:53:25.2613||DEBUG|8|Microsoft.AspNetCore.Server.Kestrel.Transport.Sockets|Connection id "0HMT7V07IPPO2" sending FIN because: "The Socket transport's send loop completed gracefully." ||||
2023-08-28 20:53:47.7481||DEBUG|6|Microsoft.AspNetCore.Server.Kestrel|Connection id "0HMT7V07IPPO4" accepted. ||||
2023-08-28 20:53:47.7555||DEBUG|5|Microsoft.AspNetCore.Server.Kestrel.Transport.Sockets|Connection id "0HMT7V07IPPO4" received FIN. ||||
2023-08-28 20:53:47.7555||DEBUG|10|Microsoft.AspNetCore.Server.Kestrel|Connection id "0HMT7V07IPPO5" accepted. ||||
2023-08-28 20:53:47.7555||DEBUG|12|Microsoft.AspNetCore.Server.Kestrel|Connection id "0HMT7V07IPPO4" started. ||||
2023-08-28 20:53:47.7555||DEBUG|4|Microsoft.AspNetCore.Server.Kestrel|Connection id "0HMT7V07IPPO5" started. ||||
2023-08-28 20:53:47.7555||DEBUG|12|Microsoft.AspNetCore.Server.Kestrel.Https.Internal.HttpsConnectionMiddleware|Failed to authenticate HTTPS connection. System.IO.IOException:  Received an unexpected EOF or 0 bytes from the transport stream.
   at System.Net.Security.SslStream.ReceiveBlobAsync[TIOAdapter](TIOAdapter adapter)
   at System.Net.Security.SslStream.ForceAuthenticationAsync[TIOAdapter](TIOAdapter adapter, Boolean receiveFirst, Byte[] reAuthenticationData, Boolean isApm)
   at Microsoft.AspNetCore.Server.Kestrel.Https.Internal.HttpsConnectionMiddleware.OnConnectionAsync(ConnectionContext context)||||
2023-08-28 20:53:47.7555||DEBUG|12|Microsoft.AspNetCore.Server.Kestrel|Connection id "0HMT7V07IPPO4" stopped. ||||
2023-08-28 20:53:47.7555||DEBUG|5|Microsoft.AspNetCore.Server.Kestrel.Transport.Sockets|Connection id "0HMT7V07IPPO4" sending FIN because: "The Socket transport's send loop completed gracefully." ||||
2023-08-28 20:53:47.8005||DEBUG|4|Microsoft.AspNetCore.Server.Kestrel.Https.Internal.HttpsConnectionMiddleware|Connection "0HMT7V07IPPO5" established using the following protocol: Tls12 ||||
2023-08-28 20:53:47.8342|00-c6dec777649680488b826aa17e75c5e2-538d3898256f114d-00|INFO|4|Microsoft.AspNetCore.Hosting.Diagnostics|Request starting HTTP/1.1 POST https://localhost:5001/api/Account/register application/json 174 |POST|https://localhost/api/Account/register||
2023-08-28 20:53:47.8342|00-c6dec777649680488b826aa17e75c5e2-538d3898256f114d-00|DEBUG|4|Microsoft.AspNetCore.HostFiltering.HostFilteringMiddleware|Wildcard detected, all requests with hosts will be allowed. |POST|https://localhost/api/Account/register||
2023-08-28 20:53:47.8342|00-c6dec777649680488b826aa17e75c5e2-538d3898256f114d-00|TRACE|4|Microsoft.AspNetCore.HostFiltering.HostFilteringMiddleware|All hosts are allowed. |POST|https://localhost/api/Account/register||
2023-08-28 20:53:47.8481|00-c6dec777649680488b826aa17e75c5e2-538d3898256f114d-00|DEBUG|4|Microsoft.AspNetCore.StaticFiles.StaticFileMiddleware|POST requests are not supported |POST|https://localhost/api/Account/register||
2023-08-28 20:53:47.8762|00-c6dec777649680488b826aa17e75c5e2-538d3898256f114d-00|DEBUG|4|Microsoft.AspNetCore.Routing.Matching.DfaMatcher|1 candidate(s) found for the request path '/api/Account/register' |POST|https://localhost/api/Account/register||
2023-08-28 20:53:47.8762|00-c6dec777649680488b826aa17e75c5e2-538d3898256f114d-00|DEBUG|4|Microsoft.AspNetCore.Routing.Matching.DfaMatcher|Endpoint 'GreenHauseMonitor.Controllers.AccountController.RegisterUser (GreenHauseMonitor)' with route pattern 'api/account/register' is valid for the request path '/api/Account/register' |POST|https://localhost/api/Account/register||
2023-08-28 20:53:47.8762|00-c6dec777649680488b826aa17e75c5e2-538d3898256f114d-00|DEBUG|4|Microsoft.AspNetCore.Routing.EndpointRoutingMiddleware|Request matched endpoint 'GreenHauseMonitor.Controllers.AccountController.RegisterUser (GreenHauseMonitor)' |POST|https://localhost/api/Account/register|RegisterUser|
2023-08-28 20:53:47.8798|00-c6dec777649680488b826aa17e75c5e2-538d3898256f114d-00|INFO|4|Microsoft.AspNetCore.Routing.EndpointMiddleware|Executing endpoint 'GreenHauseMonitor.Controllers.AccountController.RegisterUser (GreenHauseMonitor)' |POST|https://localhost/api/Account/register|RegisterUser|
2023-08-28 20:53:47.8798|00-c6dec777649680488b826aa17e75c5e2-538d3898256f114d-00|DEBUG|4|Microsoft.AspNetCore.Mvc.ModelBinding.ModelBinderFactory|Registered model binder providers, in the following order: Microsoft.AspNetCore.Mvc.ModelBinding.Binders.BinderTypeModelBinderProvider, Microsoft.AspNetCore.Mvc.ModelBinding.Binders.ServicesModelBinderProvider, Microsoft.AspNetCore.Mvc.ModelBinding.Binders.BodyModelBinderProvider, Microsoft.AspNetCore.Mvc.ModelBinding.Binders.HeaderModelBinderProvider, Microsoft.AspNetCore.Mvc.ModelBinding.Binders.FloatingPointTypeModelBinderProvider, Microsoft.AspNetCore.Mvc.ModelBinding.Binders.EnumTypeModelBinderProvider, Microsoft.AspNetCore.Mvc.ModelBinding.Binders.DateTimeModelBinderProvider, Microsoft.AspNetCore.Mvc.ModelBinding.Binders.SimpleTypeModelBinderProvider, Microsoft.AspNetCore.Mvc.ModelBinding.Binders.CancellationTokenModelBinderProvider, Microsoft.AspNetCore.Mvc.ModelBinding.Binders.ByteArrayModelBinderProvider, Microsoft.AspNetCore.Mvc.ModelBinding.Binders.FormFileModelBinderProvider, Microsoft.AspNetCore.Mvc.ModelBinding.Binders.FormCollectionModelBinderProvider, Microsoft.AspNetCore.Mvc.ModelBinding.Binders.KeyValuePairModelBinderProvider, Microsoft.AspNetCore.Mvc.ModelBinding.Binders.DictionaryModelBinderProvider, Microsoft.AspNetCore.Mvc.ModelBinding.Binders.ArrayModelBinderProvider, Microsoft.AspNetCore.Mvc.ModelBinding.Binders.CollectionModelBinderProvider, Microsoft.AspNetCore.Mvc.ModelBinding.Binders.ComplexObjectModelBinderProvider |POST|https://localhost/api/Account/register|RegisterUser|
2023-08-28 20:53:47.9029|00-c6dec777649680488b826aa17e75c5e2-538d3898256f114d-00|INFO|4|Microsoft.AspNetCore.Mvc.Infrastructure.ControllerActionInvoker|Route matched with {action = "RegisterUser", controller = "Account"}. Executing controller action with signature Microsoft.AspNetCore.Mvc.ActionResult RegisterUser(GreenHauseMonitor.Models.RegisterUserDto) on controller GreenHauseMonitor.Controllers.AccountController (GreenHauseMonitor). |POST|https://localhost/api/Account/register|RegisterUser|
2023-08-28 20:53:47.9029|00-c6dec777649680488b826aa17e75c5e2-538d3898256f114d-00|DEBUG|4|Microsoft.AspNetCore.Mvc.Infrastructure.ControllerActionInvoker|Execution plan of authorization filters (in the following order): None |POST|https://localhost/api/Account/register|RegisterUser|
2023-08-28 20:53:47.9029|00-c6dec777649680488b826aa17e75c5e2-538d3898256f114d-00|DEBUG|4|Microsoft.AspNetCore.Mvc.Infrastructure.ControllerActionInvoker|Execution plan of resource filters (in the following order): None |POST|https://localhost/api/Account/register|RegisterUser|
2023-08-28 20:53:47.9029|00-c6dec777649680488b826aa17e75c5e2-538d3898256f114d-00|DEBUG|4|Microsoft.AspNetCore.Mvc.Infrastructure.ControllerActionInvoker|Execution plan of action filters (in the following order): Microsoft.AspNetCore.Mvc.ModelBinding.UnsupportedContentTypeFilter (Order: -3000), Microsoft.AspNetCore.Mvc.Infrastructure.ModelStateInvalidFilter (Order: -2000) |POST|https://localhost/api/Account/register|RegisterUser|
2023-08-28 20:53:47.9029|00-c6dec777649680488b826aa17e75c5e2-538d3898256f114d-00|DEBUG|4|Microsoft.AspNetCore.Mvc.Infrastructure.ControllerActionInvoker|Execution plan of exception filters (in the following order): None |POST|https://localhost/api/Account/register|RegisterUser|
2023-08-28 20:53:47.9029|00-c6dec777649680488b826aa17e75c5e2-538d3898256f114d-00|DEBUG|4|Microsoft.AspNetCore.Mvc.Infrastructure.ControllerActionInvoker|Execution plan of result filters (in the following order): Microsoft.AspNetCore.Mvc.Infrastructure.ClientErrorResultFilter (Order: -2000) |POST|https://localhost/api/Account/register|RegisterUser|
2023-08-28 20:53:47.9029|00-c6dec777649680488b826aa17e75c5e2-538d3898256f114d-00|DEBUG|4|Microsoft.AspNetCore.Mvc.Infrastructure.ControllerActionInvoker|Executing controller factory for controller GreenHauseMonitor.Controllers.AccountController (GreenHauseMonitor) |POST|https://localhost/api/Account/register|RegisterUser|
2023-08-28 20:53:47.9923|00-c6dec777649680488b826aa17e75c5e2-538d3898256f114d-00|DEBUG|4|Microsoft.AspNetCore.Mvc.Infrastructure.ControllerActionInvoker|Executed controller factory for controller GreenHauseMonitor.Controllers.AccountController (GreenHauseMonitor) |POST|https://localhost/api/Account/register|RegisterUser|
2023-08-28 20:53:48.0096|00-c6dec777649680488b826aa17e75c5e2-538d3898256f114d-00|DEBUG|4|Microsoft.AspNetCore.Mvc.ModelBinding.ParameterBinder|Attempting to bind parameter 'dto' of type 'GreenHauseMonitor.Models.RegisterUserDto' ... |POST|https://localhost/api/Account/register|RegisterUser|
2023-08-28 20:53:48.0096|00-c6dec777649680488b826aa17e75c5e2-538d3898256f114d-00|DEBUG|4|Microsoft.AspNetCore.Mvc.ModelBinding.Binders.BodyModelBinder|Attempting to bind parameter 'dto' of type 'GreenHauseMonitor.Models.RegisterUserDto' using the name '' in request data ... |POST|https://localhost/api/Account/register|RegisterUser|
2023-08-28 20:53:48.0096|00-c6dec777649680488b826aa17e75c5e2-538d3898256f114d-00|DEBUG|4|Microsoft.AspNetCore.Mvc.ModelBinding.Binders.BodyModelBinder|Selected input formatter 'Microsoft.AspNetCore.Mvc.Formatters.SystemTextJsonInputFormatter' for content type 'application/json'. |POST|https://localhost/api/Account/register|RegisterUser|
2023-08-28 20:53:48.0255|00-c6dec777649680488b826aa17e75c5e2-538d3898256f114d-00|DEBUG|4|Microsoft.AspNetCore.Server.Kestrel|Connection id "0HMT7V07IPPO5", Request id "0HMT7V07IPPO5:00000002": started reading request body. |POST|https://localhost/api/Account/register|RegisterUser|
2023-08-28 20:53:48.0255|00-c6dec777649680488b826aa17e75c5e2-538d3898256f114d-00|DEBUG|4|Microsoft.AspNetCore.Server.Kestrel|Connection id "0HMT7V07IPPO5", Request id "0HMT7V07IPPO5:00000002": done reading request body. |POST|https://localhost/api/Account/register|RegisterUser|
2023-08-28 20:53:48.0255|00-c6dec777649680488b826aa17e75c5e2-538d3898256f114d-00|DEBUG|4|Microsoft.AspNetCore.Mvc.Formatters.SystemTextJsonInputFormatter|JSON input formatter succeeded, deserializing to type 'GreenHauseMonitor.Models.RegisterUserDto' |POST|https://localhost/api/Account/register|RegisterUser|
2023-08-28 20:53:48.0255|00-c6dec777649680488b826aa17e75c5e2-538d3898256f114d-00|DEBUG|4|Microsoft.AspNetCore.Mvc.ModelBinding.Binders.BodyModelBinder|Done attempting to bind parameter 'dto' of type 'GreenHauseMonitor.Models.RegisterUserDto'. |POST|https://localhost/api/Account/register|RegisterUser|
2023-08-28 20:53:48.0255|00-c6dec777649680488b826aa17e75c5e2-538d3898256f114d-00|DEBUG|4|Microsoft.AspNetCore.Mvc.ModelBinding.ParameterBinder|Done attempting to bind parameter 'dto' of type 'GreenHauseMonitor.Models.RegisterUserDto'. |POST|https://localhost/api/Account/register|RegisterUser|
2023-08-28 20:53:48.0255|00-c6dec777649680488b826aa17e75c5e2-538d3898256f114d-00|DEBUG|4|Microsoft.AspNetCore.Mvc.ModelBinding.ParameterBinder|Attempting to validate the bound parameter 'dto' of type 'GreenHauseMonitor.Models.RegisterUserDto' ... |POST|https://localhost/api/Account/register|RegisterUser|
2023-08-28 20:53:48.1464|00-c6dec777649680488b826aa17e75c5e2-538d3898256f114d-00|DEBUG|4|Microsoft.AspNetCore.Mvc.ModelBinding.ParameterBinder|Done attempting to validate the bound parameter 'dto' of type 'GreenHauseMonitor.Models.RegisterUserDto'. |POST|https://localhost/api/Account/register|RegisterUser|
2023-08-28 20:53:48.1464|00-c6dec777649680488b826aa17e75c5e2-538d3898256f114d-00|TRACE|4|Microsoft.AspNetCore.Mvc.Infrastructure.ControllerActionInvoker|Action Filter: Before executing OnActionExecuting on filter Microsoft.AspNetCore.Mvc.ModelBinding.UnsupportedContentTypeFilter. |POST|https://localhost/api/Account/register|RegisterUser|
2023-08-28 20:53:48.1464|00-c6dec777649680488b826aa17e75c5e2-538d3898256f114d-00|TRACE|4|Microsoft.AspNetCore.Mvc.Infrastructure.ControllerActionInvoker|Action Filter: After executing OnActionExecuting on filter Microsoft.AspNetCore.Mvc.ModelBinding.UnsupportedContentTypeFilter. |POST|https://localhost/api/Account/register|RegisterUser|
2023-08-28 20:53:48.1464|00-c6dec777649680488b826aa17e75c5e2-538d3898256f114d-00|TRACE|4|Microsoft.AspNetCore.Mvc.Infrastructure.ControllerActionInvoker|Action Filter: Before executing OnActionExecuting on filter Microsoft.AspNetCore.Mvc.Infrastructure.ModelStateInvalidFilter. |POST|https://localhost/api/Account/register|RegisterUser|
2023-08-28 20:53:48.1464|00-c6dec777649680488b826aa17e75c5e2-538d3898256f114d-00|DEBUG|4|Microsoft.AspNetCore.Mvc.Infrastructure.ModelStateInvalidFilter|The request has model state errors, returning an error response. |POST|https://localhost/api/Account/register|RegisterUser|
2023-08-28 20:53:48.1464|00-c6dec777649680488b826aa17e75c5e2-538d3898256f114d-00|TRACE|4|Microsoft.AspNetCore.Mvc.Infrastructure.ControllerActionInvoker|Action Filter: After executing OnActionExecuting on filter Microsoft.AspNetCore.Mvc.Infrastructure.ModelStateInvalidFilter. |POST|https://localhost/api/Account/register|RegisterUser|
2023-08-28 20:53:48.1464|00-c6dec777649680488b826aa17e75c5e2-538d3898256f114d-00|DEBUG|4|Microsoft.AspNetCore.Mvc.Infrastructure.ControllerActionInvoker|Request was short circuited at action filter 'Microsoft.AspNetCore.Mvc.Infrastructure.ModelStateInvalidFilter'. |POST|https://localhost/api/Account/register|RegisterUser|
2023-08-28 20:53:48.1464|00-c6dec777649680488b826aa17e75c5e2-538d3898256f114d-00|TRACE|4|Microsoft.AspNetCore.Mvc.Infrastructure.ControllerActionInvoker|Action Filter: Before executing OnActionExecuted on filter Microsoft.AspNetCore.Mvc.ModelBinding.UnsupportedContentTypeFilter. |POST|https://localhost/api/Account/register|RegisterUser|
2023-08-28 20:53:48.1464|00-c6dec777649680488b826aa17e75c5e2-538d3898256f114d-00|TRACE|4|Microsoft.AspNetCore.Mvc.Infrastructure.ControllerActionInvoker|Action Filter: After executing OnActionExecuted on filter Microsoft.AspNetCore.Mvc.ModelBinding.UnsupportedContentTypeFilter. |POST|https://localhost/api/Account/register|RegisterUser|
2023-08-28 20:53:48.1464|00-c6dec777649680488b826aa17e75c5e2-538d3898256f114d-00|TRACE|4|Microsoft.AspNetCore.Mvc.Infrastructure.ControllerActionInvoker|Result Filter: Before executing OnResultExecuting on filter Microsoft.AspNetCore.Mvc.Infrastructure.ClientErrorResultFilter. |POST|https://localhost/api/Account/register|RegisterUser|
2023-08-28 20:53:48.1464|00-c6dec777649680488b826aa17e75c5e2-538d3898256f114d-00|TRACE|4|Microsoft.AspNetCore.Mvc.Infrastructure.ControllerActionInvoker|Result Filter: After executing OnResultExecuting on filter Microsoft.AspNetCore.Mvc.Infrastructure.ClientErrorResultFilter. |POST|https://localhost/api/Account/register|RegisterUser|
2023-08-28 20:53:48.1464|00-c6dec777649680488b826aa17e75c5e2-538d3898256f114d-00|TRACE|4|Microsoft.AspNetCore.Mvc.Infrastructure.ControllerActionInvoker|Before executing action result Microsoft.AspNetCore.Mvc.BadRequestObjectResult. |POST|https://localhost/api/Account/register|RegisterUser|
2023-08-28 20:53:48.1464|00-c6dec777649680488b826aa17e75c5e2-538d3898256f114d-00|DEBUG|4|Microsoft.AspNetCore.Mvc.Infrastructure.DefaultOutputFormatterSelector|List of registered output formatters, in the following order: Microsoft.AspNetCore.Mvc.Formatters.HttpNoContentOutputFormatter, Microsoft.AspNetCore.Mvc.Formatters.StringOutputFormatter, Microsoft.AspNetCore.Mvc.Formatters.StreamOutputFormatter, Microsoft.AspNetCore.Mvc.Formatters.SystemTextJsonOutputFormatter |POST|https://localhost/api/Account/register|RegisterUser|
2023-08-28 20:53:48.1464|00-c6dec777649680488b826aa17e75c5e2-538d3898256f114d-00|DEBUG|4|Microsoft.AspNetCore.Mvc.Infrastructure.DefaultOutputFormatterSelector|No information found on request to perform content negotiation. |POST|https://localhost/api/Account/register|RegisterUser|
2023-08-28 20:53:48.1464|00-c6dec777649680488b826aa17e75c5e2-538d3898256f114d-00|DEBUG|4|Microsoft.AspNetCore.Mvc.Infrastructure.DefaultOutputFormatterSelector|Attempting to select the first output formatter in the output formatters list which supports a content type from the explicitly specified content types 'application/problem+json, application/problem+xml'. |POST|https://localhost/api/Account/register|RegisterUser|
2023-08-28 20:53:48.1464|00-c6dec777649680488b826aa17e75c5e2-538d3898256f114d-00|DEBUG|4|Microsoft.AspNetCore.Mvc.Infrastructure.DefaultOutputFormatterSelector|Selected output formatter 'Microsoft.AspNetCore.Mvc.Formatters.SystemTextJsonOutputFormatter' and content type 'application/problem+json' to write the response. |POST|https://localhost/api/Account/register|RegisterUser|
2023-08-28 20:53:48.1464|00-c6dec777649680488b826aa17e75c5e2-538d3898256f114d-00|INFO|4|Microsoft.AspNetCore.Mvc.Infrastructure.ObjectResultExecutor|Executing BadRequestObjectResult, writing value of type 'Microsoft.AspNetCore.Mvc.ValidationProblemDetails'. |POST|https://localhost/api/Account/register|RegisterUser|
2023-08-28 20:53:48.1759|00-c6dec777649680488b826aa17e75c5e2-538d3898256f114d-00|TRACE|4|Microsoft.AspNetCore.Mvc.Infrastructure.ControllerActionInvoker|After executing action result Microsoft.AspNetCore.Mvc.BadRequestObjectResult. |POST|https://localhost/api/Account/register|RegisterUser|
2023-08-28 20:53:48.1759|00-c6dec777649680488b826aa17e75c5e2-538d3898256f114d-00|TRACE|4|Microsoft.AspNetCore.Mvc.Infrastructure.ControllerActionInvoker|Result Filter: Before executing OnResultExecuted on filter Microsoft.AspNetCore.Mvc.Infrastructure.ClientErrorResultFilter. |POST|https://localhost/api/Account/register|RegisterUser|
2023-08-28 20:53:48.1759|00-c6dec777649680488b826aa17e75c5e2-538d3898256f114d-00|TRACE|4|Microsoft.AspNetCore.Mvc.Infrastructure.ControllerActionInvoker|Result Filter: After executing OnResultExecuted on filter Microsoft.AspNetCore.Mvc.Infrastructure.ClientErrorResultFilter. |POST|https://localhost/api/Account/register|RegisterUser|
2023-08-28 20:53:48.1759|00-c6dec777649680488b826aa17e75c5e2-538d3898256f114d-00|INFO|4|Microsoft.AspNetCore.Mvc.Infrastructure.ControllerActionInvoker|Executed action GreenHauseMonitor.Controllers.AccountController.RegisterUser (GreenHauseMonitor) in 272.3876ms |POST|https://localhost/api/Account/register|RegisterUser|
2023-08-28 20:53:48.1759|00-c6dec777649680488b826aa17e75c5e2-538d3898256f114d-00|INFO|4|Microsoft.AspNetCore.Routing.EndpointMiddleware|Executed endpoint 'GreenHauseMonitor.Controllers.AccountController.RegisterUser (GreenHauseMonitor)' |POST|https://localhost/api/Account/register|RegisterUser|
2023-08-28 20:53:48.1759|00-c6dec777649680488b826aa17e75c5e2-538d3898256f114d-00|DEBUG|4|Microsoft.AspNetCore.Server.Kestrel|Connection id "0HMT7V07IPPO5" completed keep alive response. |POST|https://localhost/api/Account/register|RegisterUser|
2023-08-28 20:53:48.1759|00-c6dec777649680488b826aa17e75c5e2-538d3898256f114d-00|INFO|4|Microsoft.AspNetCore.Hosting.Diagnostics|Request finished HTTP/1.1 POST https://localhost:5001/api/Account/register application/json 174 - 400 - application/problem+json;+charset=utf-8 351.1398ms |POST|https://localhost/api/Account/register|RegisterUser|
2023-08-28 20:54:27.6385||DEBUG|14|Microsoft.AspNetCore.Server.Kestrel|Connection id "0HMT7V07IPPO6" accepted. ||||
2023-08-28 20:54:27.6385||DEBUG|16|Microsoft.AspNetCore.Server.Kestrel|Connection id "0HMT7V07IPPO6" started. ||||
2023-08-28 20:54:27.6680||DEBUG|20|Microsoft.AspNetCore.Server.Kestrel.Https.Internal.HttpsConnectionMiddleware|Connection "0HMT7V07IPPO6" established using the following protocol: Tls12 ||||
2023-08-28 20:54:27.7401||TRACE|16|Microsoft.AspNetCore.Server.Kestrel|Connection id "0HMT7V07IPPO6" sending SETTINGS frame for stream ID 0 with length 18 and flags NONE ||||
2023-08-28 20:54:27.7401||TRACE|16|Microsoft.AspNetCore.Server.Kestrel|Connection id "0HMT7V07IPPO6" sending WINDOW_UPDATE frame for stream ID 0 with length 4 and flags 0x0 ||||
2023-08-28 20:54:27.7401||TRACE|16|Microsoft.AspNetCore.Server.Kestrel|Connection id "0HMT7V07IPPO6" received SETTINGS frame for stream ID 0 with length 18 and flags NONE ||||
2023-08-28 20:54:27.7401||TRACE|16|Microsoft.AspNetCore.Server.Kestrel|Connection id "0HMT7V07IPPO6" sending SETTINGS frame for stream ID 0 with length 0 and flags ACK ||||
2023-08-28 20:54:27.7401||TRACE|16|Microsoft.AspNetCore.Server.Kestrel|Connection id "0HMT7V07IPPO6" received WINDOW_UPDATE frame for stream ID 0 with length 4 and flags 0x0 ||||
2023-08-28 20:54:27.7401||TRACE|16|Microsoft.AspNetCore.Server.Kestrel|Connection id "0HMT7V07IPPO6" received PRIORITY frame for stream ID 3 with length 5 and flags 0x0 ||||
2023-08-28 20:54:27.7401||TRACE|16|Microsoft.AspNetCore.Server.Kestrel|Connection id "0HMT7V07IPPO6" received PRIORITY frame for stream ID 5 with length 5 and flags 0x0 ||||
2023-08-28 20:54:27.7401||TRACE|16|Microsoft.AspNetCore.Server.Kestrel|Connection id "0HMT7V07IPPO6" received PRIORITY frame for stream ID 7 with length 5 and flags 0x0 ||||
2023-08-28 20:54:27.7401||TRACE|16|Microsoft.AspNetCore.Server.Kestrel|Connection id "0HMT7V07IPPO6" received PRIORITY frame for stream ID 9 with length 5 and flags 0x0 ||||
2023-08-28 20:54:27.7401||TRACE|16|Microsoft.AspNetCore.Server.Kestrel|Connection id "0HMT7V07IPPO6" received PRIORITY frame for stream ID 11 with length 5 and flags 0x0 ||||
2023-08-28 20:54:27.7401||TRACE|16|Microsoft.AspNetCore.Server.Kestrel|Connection id "0HMT7V07IPPO6" received PRIORITY frame for stream ID 13 with length 5 and flags 0x0 ||||
2023-08-28 20:54:27.7401||TRACE|21|Microsoft.AspNetCore.Server.Kestrel|Connection id "0HMT7V07IPPO6" received SETTINGS frame for stream ID 0 with length 0 and flags ACK ||||
2023-08-28 20:54:27.7997||TRACE|4|Microsoft.AspNetCore.Server.Kestrel|Connection id "0HMT7V07IPPO6" received HEADERS frame for stream ID 15 with length 293 and flags END_STREAM, END_HEADERS, PRIORITY ||||
2023-08-28 20:54:27.8060||TRACE|4|Microsoft.AspNetCore.Server.Kestrel|Connection id "0HMT7V07IPPO6" received WINDOW_UPDATE frame for stream ID 15 with length 4 and flags 0x0 ||||
2023-08-28 20:54:27.8060||TRACE|4|Microsoft.AspNetCore.Server.Kestrel|Connection id "0HMT7V07IPPO6" received RST_STREAM frame for stream ID 15 with length 4 and flags 0x0 ||||
2023-08-28 20:54:27.8060|00-3f1a56223f12f943814ff3dfeb18655a-6c1b6be0cd27214d-00|INFO|16|Microsoft.AspNetCore.Hosting.Diagnostics|Request starting HTTP/2 GET https://localhost:5001/swagger - - |GET|https://localhost/swagger||
2023-08-28 20:54:27.8060|00-3f1a56223f12f943814ff3dfeb18655a-6c1b6be0cd27214d-00|TRACE|16|Microsoft.AspNetCore.HostFiltering.HostFilteringMiddleware|All hosts are allowed. |GET|https://localhost/swagger||
2023-08-28 20:54:27.8060|00-3f1a56223f12f943814ff3dfeb18655a-6c1b6be0cd27214d-00|INFO|16|Microsoft.AspNetCore.Hosting.Diagnostics|Request finished HTTP/2 GET https://localhost:5001/swagger - - - 0 - - 9.8249ms |GET|https://localhost/swagger||
2023-08-28 20:54:27.8343||TRACE|16|Microsoft.AspNetCore.Server.Kestrel|Connection id "0HMT7V07IPPO6" received HEADERS frame for stream ID 17 with length 34 and flags END_STREAM, END_HEADERS, PRIORITY ||||
2023-08-28 20:54:27.8343||TRACE|16|Microsoft.AspNetCore.Server.Kestrel|Connection id "0HMT7V07IPPO6" received WINDOW_UPDATE frame for stream ID 17 with length 4 and flags 0x0 ||||
2023-08-28 20:54:27.8699|00-c80f72f1d2a9b949b192b683d34aa61a-68189a9472d3fa4c-00|INFO|16|Microsoft.AspNetCore.Hosting.Diagnostics|Request starting HTTP/2 GET https://localhost:5001/swagger/index.html - - |GET|https://localhost/swagger/index.html||
2023-08-28 20:54:27.8699|00-c80f72f1d2a9b949b192b683d34aa61a-68189a9472d3fa4c-00|TRACE|16|Microsoft.AspNetCore.HostFiltering.HostFilteringMiddleware|All hosts are allowed. |GET|https://localhost/swagger/index.html||
2023-08-28 20:54:28.0097|00-c80f72f1d2a9b949b192b683d34aa61a-68189a9472d3fa4c-00|TRACE|16|Microsoft.AspNetCore.Server.Kestrel|Connection id "0HMT7V07IPPO6" sending HEADERS frame for stream ID 17 with length 66 and flags END_HEADERS |GET|https://localhost/swagger/index.html||
2023-08-28 20:54:28.0097||TRACE|16|Microsoft.AspNetCore.Server.Kestrel|Connection id "0HMT7V07IPPO6" sending DATA frame for stream ID 17 with length 3191 and flags NONE ||||
2023-08-28 20:54:28.0097||TRACE|16|Microsoft.AspNetCore.Server.Kestrel|Connection id "0HMT7V07IPPO6" sending DATA frame for stream ID 17 with length 0 and flags END_STREAM ||||
2023-08-28 20:54:28.0097|00-c80f72f1d2a9b949b192b683d34aa61a-68189a9472d3fa4c-00|INFO|16|Microsoft.AspNetCore.Hosting.Diagnostics|Request finished HTTP/2 GET https://localhost:5001/swagger/index.html - - - 200 - text/html;charset=utf-8 141.9497ms |GET|https://localhost/swagger/index.html||
2023-08-28 20:54:28.4106||TRACE|19|Microsoft.AspNetCore.Server.Kestrel|Connection id "0HMT7V07IPPO6" received HEADERS frame for stream ID 19 with length 112 and flags END_STREAM, END_HEADERS, PRIORITY ||||
2023-08-28 20:54:28.4106||TRACE|19|Microsoft.AspNetCore.Server.Kestrel|Connection id "0HMT7V07IPPO6" received WINDOW_UPDATE frame for stream ID 19 with length 4 and flags 0x0 ||||
2023-08-28 20:54:28.4106|00-f3c359c420f76d418158d567a0e77b6b-985e758380a48b44-00|INFO|4|Microsoft.AspNetCore.Hosting.Diagnostics|Request starting HTTP/2 GET https://localhost:5001/swagger/favicon-16x16.png - - |GET|https://localhost/swagger/favicon-16x16.png||
2023-08-28 20:54:28.4106||TRACE|19|Microsoft.AspNetCore.Server.Kestrel|Connection id "0HMT7V07IPPO6" received RST_STREAM frame for stream ID 19 with length 4 and flags 0x0 ||||
2023-08-28 20:54:28.4106|00-f3c359c420f76d418158d567a0e77b6b-985e758380a48b44-00|TRACE|4|Microsoft.AspNetCore.HostFiltering.HostFilteringMiddleware|All hosts are allowed. |GET|https://localhost/swagger/favicon-16x16.png||
2023-08-28 20:54:28.4268|00-f3c359c420f76d418158d567a0e77b6b-985e758380a48b44-00|TRACE|4|Microsoft.AspNetCore.StaticFiles.StaticFileMiddleware|Range header's value is empty. |GET|https://localhost/swagger/favicon-16x16.png||
2023-08-28 20:54:28.4268|00-f3c359c420f76d418158d567a0e77b6b-985e758380a48b44-00|DEBUG|4|Microsoft.AspNetCore.StaticFiles.StaticFileMiddleware|The file transmission was cancelled System.OperationCanceledException: The operation was canceled.
   at System.Threading.CancellationToken.ThrowOperationCanceledException()
   at Microsoft.AspNetCore.Http.SendFileResponseExtensions.SendFileAsyncCore(HttpResponse response, IFileInfo file, Int64 offset, Nullable`1 count, CancellationToken cancellationToken)
   at Microsoft.AspNetCore.StaticFiles.StaticFileContext.SendAsync()|GET|https://localhost/swagger/favicon-16x16.png||
2023-08-28 20:54:28.4268|00-f3c359c420f76d418158d567a0e77b6b-985e758380a48b44-00|INFO|4|Microsoft.AspNetCore.StaticFiles.StaticFileMiddleware|Sending file. Request path: '/favicon-16x16.png'. Physical path: 'N/A' |GET|https://localhost/swagger/favicon-16x16.png||
2023-08-28 20:54:28.4268|00-f3c359c420f76d418158d567a0e77b6b-985e758380a48b44-00|INFO|4|Microsoft.AspNetCore.Hosting.Diagnostics|Request finished HTTP/2 GET https://localhost:5001/swagger/favicon-16x16.png - - - 0 665 image/png 18.0278ms |GET|https://localhost/swagger/favicon-16x16.png||
2023-08-28 20:54:28.4432||TRACE|4|Microsoft.AspNetCore.Server.Kestrel|Connection id "0HMT7V07IPPO6" received HEADERS frame for stream ID 21 with length 65 and flags END_STREAM, END_HEADERS, PRIORITY ||||
2023-08-28 20:54:28.4432||TRACE|4|Microsoft.AspNetCore.Server.Kestrel|Connection id "0HMT7V07IPPO6" received WINDOW_UPDATE frame for stream ID 21 with length 4 and flags 0x0 ||||
2023-08-28 20:54:28.4432|00-88f0463a919d9149878fb00f60e3366f-f8a895dad66f2a4d-00|INFO|19|Microsoft.AspNetCore.Hosting.Diagnostics|Request starting HTTP/2 GET https://localhost:5001/swagger/v1/swagger.json - - |GET|https://localhost/swagger/v1/swagger.json||
2023-08-28 20:54:28.4432|00-88f0463a919d9149878fb00f60e3366f-f8a895dad66f2a4d-00|TRACE|19|Microsoft.AspNetCore.HostFiltering.HostFilteringMiddleware|All hosts are allowed. |GET|https://localhost/swagger/v1/swagger.json||
2023-08-28 20:54:28.5099|00-88f0463a919d9149878fb00f60e3366f-f8a895dad66f2a4d-00|TRACE|19|Microsoft.AspNetCore.Server.Kestrel|Connection id "0HMT7V07IPPO6" sending HEADERS frame for stream ID 21 with length 65 and flags END_HEADERS |GET|https://localhost/swagger/v1/swagger.json||
2023-08-28 20:54:28.5099||TRACE|19|Microsoft.AspNetCore.Server.Kestrel|Connection id "0HMT7V07IPPO6" sending DATA frame for stream ID 21 with length 13936 and flags NONE ||||
2023-08-28 20:54:28.5099||TRACE|19|Microsoft.AspNetCore.Server.Kestrel|Connection id "0HMT7V07IPPO6" sending DATA frame for stream ID 21 with length 0 and flags END_STREAM ||||
2023-08-28 20:54:28.5099|00-88f0463a919d9149878fb00f60e3366f-f8a895dad66f2a4d-00|INFO|19|Microsoft.AspNetCore.Hosting.Diagnostics|Request finished HTTP/2 GET https://localhost:5001/swagger/v1/swagger.json - - - 200 - application/json;charset=utf-8 68.2390ms |GET|https://localhost/swagger/v1/swagger.json||
2023-08-28 20:54:50.0265|00-642a44fdc44b2840a8495e5dfe299de6-bf7a7d3d404e8348-00|INFO|19|Microsoft.AspNetCore.Hosting.Diagnostics|Request starting HTTP/1.1 POST https://localhost:5001/api/Account/register application/json 174 |POST|https://localhost/api/Account/register||
2023-08-28 20:54:50.0265|00-642a44fdc44b2840a8495e5dfe299de6-bf7a7d3d404e8348-00|TRACE|19|Microsoft.AspNetCore.HostFiltering.HostFilteringMiddleware|All hosts are allowed. |POST|https://localhost/api/Account/register||
2023-08-28 20:54:50.0265|00-642a44fdc44b2840a8495e5dfe299de6-bf7a7d3d404e8348-00|DEBUG|19|Microsoft.AspNetCore.StaticFiles.StaticFileMiddleware|POST requests are not supported |POST|https://localhost/api/Account/register||
2023-08-28 20:54:50.0265|00-642a44fdc44b2840a8495e5dfe299de6-bf7a7d3d404e8348-00|DEBUG|19|Microsoft.AspNetCore.Routing.Matching.DfaMatcher|1 candidate(s) found for the request path '/api/Account/register' |POST|https://localhost/api/Account/register||
2023-08-28 20:54:50.0265|00-642a44fdc44b2840a8495e5dfe299de6-bf7a7d3d404e8348-00|DEBUG|19|Microsoft.AspNetCore.Routing.Matching.DfaMatcher|Endpoint 'GreenHauseMonitor.Controllers.AccountController.RegisterUser (GreenHauseMonitor)' with route pattern 'api/account/register' is valid for the request path '/api/Account/register' |POST|https://localhost/api/Account/register||
2023-08-28 20:54:50.0265|00-642a44fdc44b2840a8495e5dfe299de6-bf7a7d3d404e8348-00|DEBUG|19|Microsoft.AspNetCore.Routing.EndpointRoutingMiddleware|Request matched endpoint 'GreenHauseMonitor.Controllers.AccountController.RegisterUser (GreenHauseMonitor)' |POST|https://localhost/api/Account/register|RegisterUser|
2023-08-28 20:54:50.0265|00-642a44fdc44b2840a8495e5dfe299de6-bf7a7d3d404e8348-00|INFO|19|Microsoft.AspNetCore.Routing.EndpointMiddleware|Executing endpoint 'GreenHauseMonitor.Controllers.AccountController.RegisterUser (GreenHauseMonitor)' |POST|https://localhost/api/Account/register|RegisterUser|
2023-08-28 20:54:50.0265|00-642a44fdc44b2840a8495e5dfe299de6-bf7a7d3d404e8348-00|INFO|19|Microsoft.AspNetCore.Mvc.Infrastructure.ControllerActionInvoker|Route matched with {action = "RegisterUser", controller = "Account"}. Executing controller action with signature Microsoft.AspNetCore.Mvc.ActionResult RegisterUser(GreenHauseMonitor.Models.RegisterUserDto) on controller GreenHauseMonitor.Controllers.AccountController (GreenHauseMonitor). |POST|https://localhost/api/Account/register|RegisterUser|
2023-08-28 20:54:50.0265|00-642a44fdc44b2840a8495e5dfe299de6-bf7a7d3d404e8348-00|DEBUG|19|Microsoft.AspNetCore.Mvc.Infrastructure.ControllerActionInvoker|Execution plan of authorization filters (in the following order): None |POST|https://localhost/api/Account/register|RegisterUser|
2023-08-28 20:54:50.0265|00-642a44fdc44b2840a8495e5dfe299de6-bf7a7d3d404e8348-00|DEBUG|19|Microsoft.AspNetCore.Mvc.Infrastructure.ControllerActionInvoker|Execution plan of resource filters (in the following order): None |POST|https://localhost/api/Account/register|RegisterUser|
2023-08-28 20:54:50.0265|00-642a44fdc44b2840a8495e5dfe299de6-bf7a7d3d404e8348-00|DEBUG|19|Microsoft.AspNetCore.Mvc.Infrastructure.ControllerActionInvoker|Execution plan of action filters (in the following order): Microsoft.AspNetCore.Mvc.ModelBinding.UnsupportedContentTypeFilter (Order: -3000), Microsoft.AspNetCore.Mvc.Infrastructure.ModelStateInvalidFilter (Order: -2000) |POST|https://localhost/api/Account/register|RegisterUser|
2023-08-28 20:54:50.0265|00-642a44fdc44b2840a8495e5dfe299de6-bf7a7d3d404e8348-00|DEBUG|19|Microsoft.AspNetCore.Mvc.Infrastructure.ControllerActionInvoker|Execution plan of exception filters (in the following order): None |POST|https://localhost/api/Account/register|RegisterUser|
2023-08-28 20:54:50.0265|00-642a44fdc44b2840a8495e5dfe299de6-bf7a7d3d404e8348-00|DEBUG|19|Microsoft.AspNetCore.Mvc.Infrastructure.ControllerActionInvoker|Execution plan of result filters (in the following order): Microsoft.AspNetCore.Mvc.Infrastructure.ClientErrorResultFilter (Order: -2000) |POST|https://localhost/api/Account/register|RegisterUser|
2023-08-28 20:54:50.0265|00-642a44fdc44b2840a8495e5dfe299de6-bf7a7d3d404e8348-00|DEBUG|19|Microsoft.AspNetCore.Mvc.Infrastructure.ControllerActionInvoker|Executing controller factory for controller GreenHauseMonitor.Controllers.AccountController (GreenHauseMonitor) |POST|https://localhost/api/Account/register|RegisterUser|
2023-08-28 20:54:50.0265|00-642a44fdc44b2840a8495e5dfe299de6-bf7a7d3d404e8348-00|DEBUG|19|Microsoft.AspNetCore.Mvc.Infrastructure.ControllerActionInvoker|Executed controller factory for controller GreenHauseMonitor.Controllers.AccountController (GreenHauseMonitor) |POST|https://localhost/api/Account/register|RegisterUser|
2023-08-28 20:54:50.0265|00-642a44fdc44b2840a8495e5dfe299de6-bf7a7d3d404e8348-00|DEBUG|19|Microsoft.AspNetCore.Mvc.ModelBinding.ParameterBinder|Attempting to bind parameter 'dto' of type 'GreenHauseMonitor.Models.RegisterUserDto' ... |POST|https://localhost/api/Account/register|RegisterUser|
2023-08-28 20:54:50.0360|00-642a44fdc44b2840a8495e5dfe299de6-bf7a7d3d404e8348-00|DEBUG|19|Microsoft.AspNetCore.Mvc.ModelBinding.Binders.BodyModelBinder|Attempting to bind parameter 'dto' of type 'GreenHauseMonitor.Models.RegisterUserDto' using the name '' in request data ... |POST|https://localhost/api/Account/register|RegisterUser|
2023-08-28 20:54:50.0360|00-642a44fdc44b2840a8495e5dfe299de6-bf7a7d3d404e8348-00|DEBUG|19|Microsoft.AspNetCore.Mvc.ModelBinding.Binders.BodyModelBinder|Selected input formatter 'Microsoft.AspNetCore.Mvc.Formatters.SystemTextJsonInputFormatter' for content type 'application/json'. |POST|https://localhost/api/Account/register|RegisterUser|
2023-08-28 20:54:50.0360|00-642a44fdc44b2840a8495e5dfe299de6-bf7a7d3d404e8348-00|DEBUG|19|Microsoft.AspNetCore.Server.Kestrel|Connection id "0HMT7V07IPPO5", Request id "0HMT7V07IPPO5:00000003": started reading request body. |POST|https://localhost/api/Account/register|RegisterUser|
2023-08-28 20:54:50.0360|00-642a44fdc44b2840a8495e5dfe299de6-bf7a7d3d404e8348-00|DEBUG|19|Microsoft.AspNetCore.Server.Kestrel|Connection id "0HMT7V07IPPO5", Request id "0HMT7V07IPPO5:00000003": done reading request body. |POST|https://localhost/api/Account/register|RegisterUser|
2023-08-28 20:54:50.0360|00-642a44fdc44b2840a8495e5dfe299de6-bf7a7d3d404e8348-00|DEBUG|19|Microsoft.AspNetCore.Mvc.Formatters.SystemTextJsonInputFormatter|JSON input formatter succeeded, deserializing to type 'GreenHauseMonitor.Models.RegisterUserDto' |POST|https://localhost/api/Account/register|RegisterUser|
2023-08-28 20:54:50.0360|00-642a44fdc44b2840a8495e5dfe299de6-bf7a7d3d404e8348-00|DEBUG|19|Microsoft.AspNetCore.Mvc.ModelBinding.Binders.BodyModelBinder|Done attempting to bind parameter 'dto' of type 'GreenHauseMonitor.Models.RegisterUserDto'. |POST|https://localhost/api/Account/register|RegisterUser|
2023-08-28 20:54:50.0360|00-642a44fdc44b2840a8495e5dfe299de6-bf7a7d3d404e8348-00|DEBUG|19|Microsoft.AspNetCore.Mvc.ModelBinding.ParameterBinder|Done attempting to bind parameter 'dto' of type 'GreenHauseMonitor.Models.RegisterUserDto'. |POST|https://localhost/api/Account/register|RegisterUser|
2023-08-28 20:54:50.0360|00-642a44fdc44b2840a8495e5dfe299de6-bf7a7d3d404e8348-00|DEBUG|19|Microsoft.AspNetCore.Mvc.ModelBinding.ParameterBinder|Attempting to validate the bound parameter 'dto' of type 'GreenHauseMonitor.Models.RegisterUserDto' ... |POST|https://localhost/api/Account/register|RegisterUser|
2023-08-28 20:54:50.0651|00-642a44fdc44b2840a8495e5dfe299de6-bf7a7d3d404e8348-00|DEBUG|19|Microsoft.AspNetCore.Mvc.ModelBinding.ParameterBinder|Done attempting to validate the bound parameter 'dto' of type 'GreenHauseMonitor.Models.RegisterUserDto'. |POST|https://localhost/api/Account/register|RegisterUser|
2023-08-28 20:54:50.0651|00-642a44fdc44b2840a8495e5dfe299de6-bf7a7d3d404e8348-00|TRACE|19|Microsoft.AspNetCore.Mvc.Infrastructure.ControllerActionInvoker|Action Filter: Before executing OnActionExecuting on filter Microsoft.AspNetCore.Mvc.ModelBinding.UnsupportedContentTypeFilter. |POST|https://localhost/api/Account/register|RegisterUser|
2023-08-28 20:54:50.0651|00-642a44fdc44b2840a8495e5dfe299de6-bf7a7d3d404e8348-00|TRACE|19|Microsoft.AspNetCore.Mvc.Infrastructure.ControllerActionInvoker|Action Filter: After executing OnActionExecuting on filter Microsoft.AspNetCore.Mvc.ModelBinding.UnsupportedContentTypeFilter. |POST|https://localhost/api/Account/register|RegisterUser|
2023-08-28 20:54:50.0651|00-642a44fdc44b2840a8495e5dfe299de6-bf7a7d3d404e8348-00|TRACE|19|Microsoft.AspNetCore.Mvc.Infrastructure.ControllerActionInvoker|Action Filter: Before executing OnActionExecuting on filter Microsoft.AspNetCore.Mvc.Infrastructure.ModelStateInvalidFilter. |POST|https://localhost/api/Account/register|RegisterUser|
2023-08-28 20:54:50.0651|00-642a44fdc44b2840a8495e5dfe299de6-bf7a7d3d404e8348-00|DEBUG|19|Microsoft.AspNetCore.Mvc.Infrastructure.ModelStateInvalidFilter|The request has model state errors, returning an error response. |POST|https://localhost/api/Account/register|RegisterUser|
2023-08-28 20:54:50.0651|00-642a44fdc44b2840a8495e5dfe299de6-bf7a7d3d404e8348-00|TRACE|19|Microsoft.AspNetCore.Mvc.Infrastructure.ControllerActionInvoker|Action Filter: After executing OnActionExecuting on filter Microsoft.AspNetCore.Mvc.Infrastructure.ModelStateInvalidFilter. |POST|https://localhost/api/Account/register|RegisterUser|
2023-08-28 20:54:50.0651|00-642a44fdc44b2840a8495e5dfe299de6-bf7a7d3d404e8348-00|DEBUG|19|Microsoft.AspNetCore.Mvc.Infrastructure.ControllerActionInvoker|Request was short circuited at action filter 'Microsoft.AspNetCore.Mvc.Infrastructure.ModelStateInvalidFilter'. |POST|https://localhost/api/Account/register|RegisterUser|
2023-08-28 20:54:50.0651|00-642a44fdc44b2840a8495e5dfe299de6-bf7a7d3d404e8348-00|TRACE|19|Microsoft.AspNetCore.Mvc.Infrastructure.ControllerActionInvoker|Action Filter: Before executing OnActionExecuted on filter Microsoft.AspNetCore.Mvc.ModelBinding.UnsupportedContentTypeFilter. |POST|https://localhost/api/Account/register|RegisterUser|
2023-08-28 20:54:50.0651|00-642a44fdc44b2840a8495e5dfe299de6-bf7a7d3d404e8348-00|TRACE|19|Microsoft.AspNetCore.Mvc.Infrastructure.ControllerActionInvoker|Action Filter: After executing OnActionExecuted on filter Microsoft.AspNetCore.Mvc.ModelBinding.UnsupportedContentTypeFilter. |POST|https://localhost/api/Account/register|RegisterUser|
2023-08-28 20:54:50.0651|00-642a44fdc44b2840a8495e5dfe299de6-bf7a7d3d404e8348-00|TRACE|19|Microsoft.AspNetCore.Mvc.Infrastructure.ControllerActionInvoker|Result Filter: Before executing OnResultExecuting on filter Microsoft.AspNetCore.Mvc.Infrastructure.ClientErrorResultFilter. |POST|https://localhost/api/Account/register|RegisterUser|
2023-08-28 20:54:50.0651|00-642a44fdc44b2840a8495e5dfe299de6-bf7a7d3d404e8348-00|TRACE|19|Microsoft.AspNetCore.Mvc.Infrastructure.ControllerActionInvoker|Result Filter: After executing OnResultExecuting on filter Microsoft.AspNetCore.Mvc.Infrastructure.ClientErrorResultFilter. |POST|https://localhost/api/Account/register|RegisterUser|
2023-08-28 20:54:50.0651|00-642a44fdc44b2840a8495e5dfe299de6-bf7a7d3d404e8348-00|TRACE|19|Microsoft.AspNetCore.Mvc.Infrastructure.ControllerActionInvoker|Before executing action result Microsoft.AspNetCore.Mvc.BadRequestObjectResult. |POST|https://localhost/api/Account/register|RegisterUser|
2023-08-28 20:54:50.0651|00-642a44fdc44b2840a8495e5dfe299de6-bf7a7d3d404e8348-00|DEBUG|19|Microsoft.AspNetCore.Mvc.Infrastructure.DefaultOutputFormatterSelector|List of registered output formatters, in the following order: Microsoft.AspNetCore.Mvc.Formatters.HttpNoContentOutputFormatter, Microsoft.AspNetCore.Mvc.Formatters.StringOutputFormatter, Microsoft.AspNetCore.Mvc.Formatters.StreamOutputFormatter, Microsoft.AspNetCore.Mvc.Formatters.SystemTextJsonOutputFormatter |POST|https://localhost/api/Account/register|RegisterUser|
2023-08-28 20:54:50.0651|00-642a44fdc44b2840a8495e5dfe299de6-bf7a7d3d404e8348-00|DEBUG|19|Microsoft.AspNetCore.Mvc.Infrastructure.DefaultOutputFormatterSelector|No information found on request to perform content negotiation. |POST|https://localhost/api/Account/register|RegisterUser|
2023-08-28 20:54:50.0651|00-642a44fdc44b2840a8495e5dfe299de6-bf7a7d3d404e8348-00|DEBUG|19|Microsoft.AspNetCore.Mvc.Infrastructure.DefaultOutputFormatterSelector|Attempting to select the first output formatter in the output formatters list which supports a content type from the explicitly specified content types 'application/problem+json, application/problem+xml'. |POST|https://localhost/api/Account/register|RegisterUser|
2023-08-28 20:54:50.0651|00-642a44fdc44b2840a8495e5dfe299de6-bf7a7d3d404e8348-00|DEBUG|19|Microsoft.AspNetCore.Mvc.Infrastructure.DefaultOutputFormatterSelector|Selected output formatter 'Microsoft.AspNetCore.Mvc.Formatters.SystemTextJsonOutputFormatter' and content type 'application/problem+json' to write the response. |POST|https://localhost/api/Account/register|RegisterUser|
2023-08-28 20:54:50.0651|00-642a44fdc44b2840a8495e5dfe299de6-bf7a7d3d404e8348-00|INFO|19|Microsoft.AspNetCore.Mvc.Infrastructure.ObjectResultExecutor|Executing BadRequestObjectResult, writing value of type 'Microsoft.AspNetCore.Mvc.ValidationProblemDetails'. |POST|https://localhost/api/Account/register|RegisterUser|
2023-08-28 20:54:50.0651|00-642a44fdc44b2840a8495e5dfe299de6-bf7a7d3d404e8348-00|TRACE|19|Microsoft.AspNetCore.Mvc.Infrastructure.ControllerActionInvoker|After executing action result Microsoft.AspNetCore.Mvc.BadRequestObjectResult. |POST|https://localhost/api/Account/register|RegisterUser|
2023-08-28 20:54:50.0651|00-642a44fdc44b2840a8495e5dfe299de6-bf7a7d3d404e8348-00|TRACE|19|Microsoft.AspNetCore.Mvc.Infrastructure.ControllerActionInvoker|Result Filter: Before executing OnResultExecuted on filter Microsoft.AspNetCore.Mvc.Infrastructure.ClientErrorResultFilter. |POST|https://localhost/api/Account/register|RegisterUser|
2023-08-28 20:54:50.0651|00-642a44fdc44b2840a8495e5dfe299de6-bf7a7d3d404e8348-00|TRACE|19|Microsoft.AspNetCore.Mvc.Infrastructure.ControllerActionInvoker|Result Filter: After executing OnResultExecuted on filter Microsoft.AspNetCore.Mvc.Infrastructure.ClientErrorResultFilter. |POST|https://localhost/api/Account/register|RegisterUser|
2023-08-28 20:54:50.0651|00-642a44fdc44b2840a8495e5dfe299de6-bf7a7d3d404e8348-00|INFO|19|Microsoft.AspNetCore.Mvc.Infrastructure.ControllerActionInvoker|Executed action GreenHauseMonitor.Controllers.AccountController.RegisterUser (GreenHauseMonitor) in 33.7457ms |POST|https://localhost/api/Account/register|RegisterUser|
2023-08-28 20:54:50.0651|00-642a44fdc44b2840a8495e5dfe299de6-bf7a7d3d404e8348-00|INFO|19|Microsoft.AspNetCore.Routing.EndpointMiddleware|Executed endpoint 'GreenHauseMonitor.Controllers.AccountController.RegisterUser (GreenHauseMonitor)' |POST|https://localhost/api/Account/register|RegisterUser|
2023-08-28 20:54:50.0651|00-642a44fdc44b2840a8495e5dfe299de6-bf7a7d3d404e8348-00|DEBUG|19|Microsoft.AspNetCore.Server.Kestrel|Connection id "0HMT7V07IPPO5" completed keep alive response. |POST|https://localhost/api/Account/register|RegisterUser|
2023-08-28 20:54:50.0651|00-642a44fdc44b2840a8495e5dfe299de6-bf7a7d3d404e8348-00|INFO|19|Microsoft.AspNetCore.Hosting.Diagnostics|Request finished HTTP/1.1 POST https://localhost:5001/api/Account/register application/json 174 - 400 - application/problem+json;+charset=utf-8 39.9567ms |POST|https://localhost/api/Account/register|RegisterUser|
2023-08-28 20:55:29.4657||TRACE|4|Microsoft.AspNetCore.Server.Kestrel|Connection id "0HMT7V07IPPO6" received PING frame for stream ID 0 with length 8 and flags NONE ||||
2023-08-28 20:55:29.4657||TRACE|4|Microsoft.AspNetCore.Server.Kestrel|Connection id "0HMT7V07IPPO6" sending PING frame for stream ID 0 with length 8 and flags ACK ||||
2023-08-28 20:55:45.1652|00-aefdab9288ae4b4c8487dd85a64e2545-9634e1fcc46e554a-00|INFO|4|Microsoft.AspNetCore.Hosting.Diagnostics|Request starting HTTP/1.1 POST https://localhost:5001/api/Account/register application/json 176 |POST|https://localhost/api/Account/register||
2023-08-28 20:55:45.1652|00-aefdab9288ae4b4c8487dd85a64e2545-9634e1fcc46e554a-00|TRACE|4|Microsoft.AspNetCore.HostFiltering.HostFilteringMiddleware|All hosts are allowed. |POST|https://localhost/api/Account/register||
2023-08-28 20:55:45.1652|00-aefdab9288ae4b4c8487dd85a64e2545-9634e1fcc46e554a-00|DEBUG|4|Microsoft.AspNetCore.StaticFiles.StaticFileMiddleware|POST requests are not supported |POST|https://localhost/api/Account/register||
2023-08-28 20:55:45.1652|00-aefdab9288ae4b4c8487dd85a64e2545-9634e1fcc46e554a-00|DEBUG|4|Microsoft.AspNetCore.Routing.Matching.DfaMatcher|1 candidate(s) found for the request path '/api/Account/register' |POST|https://localhost/api/Account/register||
2023-08-28 20:55:45.1652|00-aefdab9288ae4b4c8487dd85a64e2545-9634e1fcc46e554a-00|DEBUG|4|Microsoft.AspNetCore.Routing.Matching.DfaMatcher|Endpoint 'GreenHauseMonitor.Controllers.AccountController.RegisterUser (GreenHauseMonitor)' with route pattern 'api/account/register' is valid for the request path '/api/Account/register' |POST|https://localhost/api/Account/register||
2023-08-28 20:55:45.1652|00-aefdab9288ae4b4c8487dd85a64e2545-9634e1fcc46e554a-00|DEBUG|4|Microsoft.AspNetCore.Routing.EndpointRoutingMiddleware|Request matched endpoint 'GreenHauseMonitor.Controllers.AccountController.RegisterUser (GreenHauseMonitor)' |POST|https://localhost/api/Account/register|RegisterUser|
2023-08-28 20:55:45.1652|00-aefdab9288ae4b4c8487dd85a64e2545-9634e1fcc46e554a-00|INFO|4|Microsoft.AspNetCore.Routing.EndpointMiddleware|Executing endpoint 'GreenHauseMonitor.Controllers.AccountController.RegisterUser (GreenHauseMonitor)' |POST|https://localhost/api/Account/register|RegisterUser|
2023-08-28 20:55:45.1652|00-aefdab9288ae4b4c8487dd85a64e2545-9634e1fcc46e554a-00|INFO|4|Microsoft.AspNetCore.Mvc.Infrastructure.ControllerActionInvoker|Route matched with {action = "RegisterUser", controller = "Account"}. Executing controller action with signature Microsoft.AspNetCore.Mvc.ActionResult RegisterUser(GreenHauseMonitor.Models.RegisterUserDto) on controller GreenHauseMonitor.Controllers.AccountController (GreenHauseMonitor). |POST|https://localhost/api/Account/register|RegisterUser|
2023-08-28 20:55:45.1652|00-aefdab9288ae4b4c8487dd85a64e2545-9634e1fcc46e554a-00|DEBUG|4|Microsoft.AspNetCore.Mvc.Infrastructure.ControllerActionInvoker|Execution plan of authorization filters (in the following order): None |POST|https://localhost/api/Account/register|RegisterUser|
2023-08-28 20:55:45.1652|00-aefdab9288ae4b4c8487dd85a64e2545-9634e1fcc46e554a-00|DEBUG|4|Microsoft.AspNetCore.Mvc.Infrastructure.ControllerActionInvoker|Execution plan of resource filters (in the following order): None |POST|https://localhost/api/Account/register|RegisterUser|
2023-08-28 20:55:45.1652|00-aefdab9288ae4b4c8487dd85a64e2545-9634e1fcc46e554a-00|DEBUG|4|Microsoft.AspNetCore.Mvc.Infrastructure.ControllerActionInvoker|Execution plan of action filters (in the following order): Microsoft.AspNetCore.Mvc.ModelBinding.UnsupportedContentTypeFilter (Order: -3000), Microsoft.AspNetCore.Mvc.Infrastructure.ModelStateInvalidFilter (Order: -2000) |POST|https://localhost/api/Account/register|RegisterUser|
2023-08-28 20:55:45.1652|00-aefdab9288ae4b4c8487dd85a64e2545-9634e1fcc46e554a-00|DEBUG|4|Microsoft.AspNetCore.Mvc.Infrastructure.ControllerActionInvoker|Execution plan of exception filters (in the following order): None |POST|https://localhost/api/Account/register|RegisterUser|
2023-08-28 20:55:45.1652|00-aefdab9288ae4b4c8487dd85a64e2545-9634e1fcc46e554a-00|DEBUG|4|Microsoft.AspNetCore.Mvc.Infrastructure.ControllerActionInvoker|Execution plan of result filters (in the following order): Microsoft.AspNetCore.Mvc.Infrastructure.ClientErrorResultFilter (Order: -2000) |POST|https://localhost/api/Account/register|RegisterUser|
2023-08-28 20:55:45.1652|00-aefdab9288ae4b4c8487dd85a64e2545-9634e1fcc46e554a-00|DEBUG|4|Microsoft.AspNetCore.Mvc.Infrastructure.ControllerActionInvoker|Executing controller factory for controller GreenHauseMonitor.Controllers.AccountController (GreenHauseMonitor) |POST|https://localhost/api/Account/register|RegisterUser|
2023-08-28 20:55:45.1652|00-aefdab9288ae4b4c8487dd85a64e2545-9634e1fcc46e554a-00|DEBUG|4|Microsoft.AspNetCore.Mvc.Infrastructure.ControllerActionInvoker|Executed controller factory for controller GreenHauseMonitor.Controllers.AccountController (GreenHauseMonitor) |POST|https://localhost/api/Account/register|RegisterUser|
2023-08-28 20:55:45.1652|00-aefdab9288ae4b4c8487dd85a64e2545-9634e1fcc46e554a-00|DEBUG|4|Microsoft.AspNetCore.Mvc.ModelBinding.ParameterBinder|Attempting to bind parameter 'dto' of type 'GreenHauseMonitor.Models.RegisterUserDto' ... |POST|https://localhost/api/Account/register|RegisterUser|
2023-08-28 20:55:45.1652|00-aefdab9288ae4b4c8487dd85a64e2545-9634e1fcc46e554a-00|DEBUG|4|Microsoft.AspNetCore.Mvc.ModelBinding.Binders.BodyModelBinder|Attempting to bind parameter 'dto' of type 'GreenHauseMonitor.Models.RegisterUserDto' using the name '' in request data ... |POST|https://localhost/api/Account/register|RegisterUser|
2023-08-28 20:55:45.1652|00-aefdab9288ae4b4c8487dd85a64e2545-9634e1fcc46e554a-00|DEBUG|4|Microsoft.AspNetCore.Mvc.ModelBinding.Binders.BodyModelBinder|Selected input formatter 'Microsoft.AspNetCore.Mvc.Formatters.SystemTextJsonInputFormatter' for content type 'application/json'. |POST|https://localhost/api/Account/register|RegisterUser|
2023-08-28 20:55:45.1652|00-aefdab9288ae4b4c8487dd85a64e2545-9634e1fcc46e554a-00|DEBUG|4|Microsoft.AspNetCore.Server.Kestrel|Connection id "0HMT7V07IPPO5", Request id "0HMT7V07IPPO5:00000004": started reading request body. |POST|https://localhost/api/Account/register|RegisterUser|
2023-08-28 20:55:45.1652|00-aefdab9288ae4b4c8487dd85a64e2545-9634e1fcc46e554a-00|DEBUG|4|Microsoft.AspNetCore.Server.Kestrel|Connection id "0HMT7V07IPPO5", Request id "0HMT7V07IPPO5:00000004": done reading request body. |POST|https://localhost/api/Account/register|RegisterUser|
2023-08-28 20:55:45.1652|00-aefdab9288ae4b4c8487dd85a64e2545-9634e1fcc46e554a-00|DEBUG|4|Microsoft.AspNetCore.Mvc.Formatters.SystemTextJsonInputFormatter|JSON input formatter succeeded, deserializing to type 'GreenHauseMonitor.Models.RegisterUserDto' |POST|https://localhost/api/Account/register|RegisterUser|
2023-08-28 20:55:45.1652|00-aefdab9288ae4b4c8487dd85a64e2545-9634e1fcc46e554a-00|DEBUG|4|Microsoft.AspNetCore.Mvc.ModelBinding.Binders.BodyModelBinder|Done attempting to bind parameter 'dto' of type 'GreenHauseMonitor.Models.RegisterUserDto'. |POST|https://localhost/api/Account/register|RegisterUser|
2023-08-28 20:55:45.1652|00-aefdab9288ae4b4c8487dd85a64e2545-9634e1fcc46e554a-00|DEBUG|4|Microsoft.AspNetCore.Mvc.ModelBinding.ParameterBinder|Done attempting to bind parameter 'dto' of type 'GreenHauseMonitor.Models.RegisterUserDto'. |POST|https://localhost/api/Account/register|RegisterUser|
2023-08-28 20:55:45.1652|00-aefdab9288ae4b4c8487dd85a64e2545-9634e1fcc46e554a-00|DEBUG|4|Microsoft.AspNetCore.Mvc.ModelBinding.ParameterBinder|Attempting to validate the bound parameter 'dto' of type 'GreenHauseMonitor.Models.RegisterUserDto' ... |POST|https://localhost/api/Account/register|RegisterUser|
2023-08-28 20:55:45.1652|00-aefdab9288ae4b4c8487dd85a64e2545-9634e1fcc46e554a-00|DEBUG|4|Microsoft.AspNetCore.Mvc.ModelBinding.ParameterBinder|Done attempting to validate the bound parameter 'dto' of type 'GreenHauseMonitor.Models.RegisterUserDto'. |POST|https://localhost/api/Account/register|RegisterUser|
2023-08-28 20:55:45.1652|00-aefdab9288ae4b4c8487dd85a64e2545-9634e1fcc46e554a-00|TRACE|4|Microsoft.AspNetCore.Mvc.Infrastructure.ControllerActionInvoker|Action Filter: Before executing OnActionExecuting on filter Microsoft.AspNetCore.Mvc.ModelBinding.UnsupportedContentTypeFilter. |POST|https://localhost/api/Account/register|RegisterUser|
2023-08-28 20:55:45.1652|00-aefdab9288ae4b4c8487dd85a64e2545-9634e1fcc46e554a-00|TRACE|4|Microsoft.AspNetCore.Mvc.Infrastructure.ControllerActionInvoker|Action Filter: After executing OnActionExecuting on filter Microsoft.AspNetCore.Mvc.ModelBinding.UnsupportedContentTypeFilter. |POST|https://localhost/api/Account/register|RegisterUser|
2023-08-28 20:55:45.1652|00-aefdab9288ae4b4c8487dd85a64e2545-9634e1fcc46e554a-00|TRACE|4|Microsoft.AspNetCore.Mvc.Infrastructure.ControllerActionInvoker|Action Filter: Before executing OnActionExecuting on filter Microsoft.AspNetCore.Mvc.Infrastructure.ModelStateInvalidFilter. |POST|https://localhost/api/Account/register|RegisterUser|
2023-08-28 20:55:45.1652|00-aefdab9288ae4b4c8487dd85a64e2545-9634e1fcc46e554a-00|TRACE|4|Microsoft.AspNetCore.Mvc.Infrastructure.ControllerActionInvoker|Action Filter: After executing OnActionExecuting on filter Microsoft.AspNetCore.Mvc.Infrastructure.ModelStateInvalidFilter. |POST|https://localhost/api/Account/register|RegisterUser|
2023-08-28 20:55:45.1763|00-aefdab9288ae4b4c8487dd85a64e2545-9634e1fcc46e554a-00|INFO|4|Microsoft.AspNetCore.Mvc.Infrastructure.ControllerActionInvoker|Executing action method GreenHauseMonitor.Controllers.AccountController.RegisterUser (GreenHauseMonitor) - Validation state: Valid |POST|https://localhost/api/Account/register|RegisterUser|
2023-08-28 20:55:45.1763|00-aefdab9288ae4b4c8487dd85a64e2545-9634e1fcc46e554a-00|TRACE|4|Microsoft.AspNetCore.Mvc.Infrastructure.ControllerActionInvoker|Executing action method GreenHauseMonitor.Controllers.AccountController.RegisterUser (GreenHauseMonitor) with arguments (GreenHauseMonitor.Models.RegisterUserDto) |POST|https://localhost/api/Account/register|RegisterUser|
2023-08-28 20:55:45.3638|00-aefdab9288ae4b4c8487dd85a64e2545-9634e1fcc46e554a-00|INFO|4|Microsoft.AspNetCore.Mvc.Infrastructure.ControllerActionInvoker|Executed action method GreenHauseMonitor.Controllers.AccountController.RegisterUser (GreenHauseMonitor), returned result Microsoft.AspNetCore.Mvc.OkResult in 184.7093ms. |POST|https://localhost/api/Account/register|RegisterUser|
2023-08-28 20:55:45.3638|00-aefdab9288ae4b4c8487dd85a64e2545-9634e1fcc46e554a-00|TRACE|4|Microsoft.AspNetCore.Mvc.Infrastructure.ControllerActionInvoker|Action Filter: Before executing OnActionExecuted on filter Microsoft.AspNetCore.Mvc.Infrastructure.ModelStateInvalidFilter. |POST|https://localhost/api/Account/register|RegisterUser|
2023-08-28 20:55:45.3638|00-aefdab9288ae4b4c8487dd85a64e2545-9634e1fcc46e554a-00|TRACE|4|Microsoft.AspNetCore.Mvc.Infrastructure.ControllerActionInvoker|Action Filter: After executing OnActionExecuted on filter Microsoft.AspNetCore.Mvc.Infrastructure.ModelStateInvalidFilter. |POST|https://localhost/api/Account/register|RegisterUser|
2023-08-28 20:55:45.3638|00-aefdab9288ae4b4c8487dd85a64e2545-9634e1fcc46e554a-00|TRACE|4|Microsoft.AspNetCore.Mvc.Infrastructure.ControllerActionInvoker|Action Filter: Before executing OnActionExecuted on filter Microsoft.AspNetCore.Mvc.ModelBinding.UnsupportedContentTypeFilter. |POST|https://localhost/api/Account/register|RegisterUser|
2023-08-28 20:55:45.3638|00-aefdab9288ae4b4c8487dd85a64e2545-9634e1fcc46e554a-00|TRACE|4|Microsoft.AspNetCore.Mvc.Infrastructure.ControllerActionInvoker|Action Filter: After executing OnActionExecuted on filter Microsoft.AspNetCore.Mvc.ModelBinding.UnsupportedContentTypeFilter. |POST|https://localhost/api/Account/register|RegisterUser|
2023-08-28 20:55:45.3638|00-aefdab9288ae4b4c8487dd85a64e2545-9634e1fcc46e554a-00|TRACE|4|Microsoft.AspNetCore.Mvc.Infrastructure.ControllerActionInvoker|Result Filter: Before executing OnResultExecuting on filter Microsoft.AspNetCore.Mvc.Infrastructure.ClientErrorResultFilter. |POST|https://localhost/api/Account/register|RegisterUser|
2023-08-28 20:55:45.3638|00-aefdab9288ae4b4c8487dd85a64e2545-9634e1fcc46e554a-00|TRACE|4|Microsoft.AspNetCore.Mvc.Infrastructure.ControllerActionInvoker|Result Filter: After executing OnResultExecuting on filter Microsoft.AspNetCore.Mvc.Infrastructure.ClientErrorResultFilter. |POST|https://localhost/api/Account/register|RegisterUser|
2023-08-28 20:55:45.3638|00-aefdab9288ae4b4c8487dd85a64e2545-9634e1fcc46e554a-00|TRACE|4|Microsoft.AspNetCore.Mvc.Infrastructure.ControllerActionInvoker|Before executing action result Microsoft.AspNetCore.Mvc.OkResult. |POST|https://localhost/api/Account/register|RegisterUser|
2023-08-28 20:55:45.3638|00-aefdab9288ae4b4c8487dd85a64e2545-9634e1fcc46e554a-00|INFO|4|Microsoft.AspNetCore.Mvc.StatusCodeResult|Executing HttpStatusCodeResult, setting HTTP status code 200 |POST|https://localhost/api/Account/register|RegisterUser|
2023-08-28 20:55:45.3638|00-aefdab9288ae4b4c8487dd85a64e2545-9634e1fcc46e554a-00|TRACE|4|Microsoft.AspNetCore.Mvc.Infrastructure.ControllerActionInvoker|After executing action result Microsoft.AspNetCore.Mvc.OkResult. |POST|https://localhost/api/Account/register|RegisterUser|
2023-08-28 20:55:45.3638|00-aefdab9288ae4b4c8487dd85a64e2545-9634e1fcc46e554a-00|TRACE|4|Microsoft.AspNetCore.Mvc.Infrastructure.ControllerActionInvoker|Result Filter: Before executing OnResultExecuted on filter Microsoft.AspNetCore.Mvc.Infrastructure.ClientErrorResultFilter. |POST|https://localhost/api/Account/register|RegisterUser|
2023-08-28 20:55:45.3638|00-aefdab9288ae4b4c8487dd85a64e2545-9634e1fcc46e554a-00|TRACE|4|Microsoft.AspNetCore.Mvc.Infrastructure.ControllerActionInvoker|Result Filter: After executing OnResultExecuted on filter Microsoft.AspNetCore.Mvc.Infrastructure.ClientErrorResultFilter. |POST|https://localhost/api/Account/register|RegisterUser|
2023-08-28 20:55:45.3638|00-aefdab9288ae4b4c8487dd85a64e2545-9634e1fcc46e554a-00|INFO|4|Microsoft.AspNetCore.Mvc.Infrastructure.ControllerActionInvoker|Executed action GreenHauseMonitor.Controllers.AccountController.RegisterUser (GreenHauseMonitor) in 199.3364ms |POST|https://localhost/api/Account/register|RegisterUser|
2023-08-28 20:55:45.3638|00-aefdab9288ae4b4c8487dd85a64e2545-9634e1fcc46e554a-00|INFO|4|Microsoft.AspNetCore.Routing.EndpointMiddleware|Executed endpoint 'GreenHauseMonitor.Controllers.AccountController.RegisterUser (GreenHauseMonitor)' |POST|https://localhost/api/Account/register|RegisterUser|
2023-08-28 20:55:45.3638|00-aefdab9288ae4b4c8487dd85a64e2545-9634e1fcc46e554a-00|DEBUG|4|Microsoft.AspNetCore.Server.Kestrel|Connection id "0HMT7V07IPPO5" completed keep alive response. |POST|https://localhost/api/Account/register|RegisterUser|
2023-08-28 20:55:45.3638|00-aefdab9288ae4b4c8487dd85a64e2545-9634e1fcc46e554a-00|INFO|4|Microsoft.AspNetCore.Hosting.Diagnostics|Request finished HTTP/1.1 POST https://localhost:5001/api/Account/register application/json 176 - 200 0 - 201.3716ms |POST|https://localhost/api/Account/register|RegisterUser|
2023-08-28 20:56:05.3778||DEBUG|4|Microsoft.AspNetCore.Server.Kestrel.Transport.Sockets|Connection id "0HMT7V07IPPO6" received FIN. ||||
2023-08-28 20:56:05.3799||TRACE|20|Microsoft.AspNetCore.Server.Kestrel|Connection id "0HMT7V07IPPO6" received GOAWAY frame for stream ID 0 with length 8 and flags 0x0 ||||
2023-08-28 20:56:05.3799||DEBUG|4|Microsoft.AspNetCore.Server.Kestrel|Connection id "0HMT7V07IPPO6" is closed. The last processed stream ID was 21. ||||
2023-08-28 20:56:05.3799||DEBUG|4|Microsoft.AspNetCore.Server.Kestrel.Transport.Sockets|Connection id "0HMT7V07IPPO6" sending FIN because: "The client closed the connection." ||||
2023-08-28 20:56:05.3799||DEBUG|20|Microsoft.AspNetCore.Server.Kestrel|Connection id "0HMT7V07IPPO6" stopped. ||||
