2024-01-09 16:20:32.7953||DEBUG|1|Microsoft.AspNetCore.Mvc.ModelBinding.ModelBinderFactory|Registered model binder providers, in the following order: Microsoft.AspNetCore.Mvc.ModelBinding.Binders.BinderTypeModelBinderProvider, Microsoft.AspNetCore.Mvc.ModelBinding.Binders.ServicesModelBinderProvider, Microsoft.AspNetCore.Mvc.ModelBinding.Binders.BodyModelBinderProvider, Microsoft.AspNetCore.Mvc.ModelBinding.Binders.HeaderModelBinderProvider, Microsoft.AspNetCore.Mvc.ModelBinding.Binders.FloatingPointTypeModelBinderProvider, Microsoft.AspNetCore.Mvc.ModelBinding.Binders.EnumTypeModelBinderProvider, Microsoft.AspNetCore.Mvc.ModelBinding.Binders.DateTimeModelBinderProvider, Microsoft.AspNetCore.Mvc.ModelBinding.Binders.SimpleTypeModelBinderProvider, Microsoft.AspNetCore.Mvc.ModelBinding.Binders.CancellationTokenModelBinderProvider, Microsoft.AspNetCore.Mvc.ModelBinding.Binders.ByteArrayModelBinderProvider, Microsoft.AspNetCore.Mvc.ModelBinding.Binders.FormFileModelBinderProvider, Microsoft.AspNetCore.Mvc.ModelBinding.Binders.FormCollectionModelBinderProvider, Microsoft.AspNetCore.Mvc.ModelBinding.Binders.KeyValuePairModelBinderProvider, Microsoft.AspNetCore.Mvc.ModelBinding.Binders.DictionaryModelBinderProvider, Microsoft.AspNetCore.Mvc.ModelBinding.Binders.ArrayModelBinderProvider, Microsoft.AspNetCore.Mvc.ModelBinding.Binders.CollectionModelBinderProvider, Microsoft.AspNetCore.Mvc.ModelBinding.Binders.ComplexObjectModelBinderProvider ||||
2024-01-09 16:20:32.8740||DEBUG|1|Microsoft.Extensions.Hosting.Internal.Host|Hosting starting ||||
2024-01-09 16:20:32.9186||INFO|1|Microsoft.AspNetCore.DataProtection.KeyManagement.XmlKeyManager|User profile is available. Using 'C:\Users\Azzinoth\AppData\Local\ASP.NET\DataProtection-Keys' as key repository and Windows DPAPI to encrypt keys at rest. ||||
2024-01-09 16:20:32.9243||DEBUG|1|Microsoft.AspNetCore.DataProtection.Repositories.FileSystemXmlRepository|Reading data from file 'C:\Users\Azzinoth\AppData\Local\ASP.NET\DataProtection-Keys\key-08135cd0-56f8-48c7-8c70-a61aedecaffd.xml'. ||||
2024-01-09 16:20:32.9243||DEBUG|1|Microsoft.AspNetCore.DataProtection.Repositories.FileSystemXmlRepository|Reading data from file 'C:\Users\Azzinoth\AppData\Local\ASP.NET\DataProtection-Keys\key-12a546c3-61d0-4448-bca6-9bcc7ebc36ac.xml'. ||||
2024-01-09 16:20:32.9243||DEBUG|1|Microsoft.AspNetCore.DataProtection.Repositories.FileSystemXmlRepository|Reading data from file 'C:\Users\Azzinoth\AppData\Local\ASP.NET\DataProtection-Keys\key-79291494-e9b3-442e-abb5-97a86aea432e.xml'. ||||
2024-01-09 16:20:32.9371||DEBUG|1|Microsoft.AspNetCore.DataProtection.Repositories.FileSystemXmlRepository|Reading data from file 'C:\Users\Azzinoth\AppData\Local\ASP.NET\DataProtection-Keys\key-b3f67254-1257-4e65-b17a-bb94a197713d.xml'. ||||
2024-01-09 16:20:32.9371||DEBUG|1|Microsoft.AspNetCore.DataProtection.KeyManagement.XmlKeyManager|Found key {08135cd0-56f8-48c7-8c70-a61aedecaffd}. ||||
2024-01-09 16:20:32.9371||DEBUG|1|Microsoft.AspNetCore.DataProtection.KeyManagement.XmlKeyManager|Found key {12a546c3-61d0-4448-bca6-9bcc7ebc36ac}. ||||
2024-01-09 16:20:32.9371||DEBUG|1|Microsoft.AspNetCore.DataProtection.KeyManagement.XmlKeyManager|Found key {79291494-e9b3-442e-abb5-97a86aea432e}. ||||
2024-01-09 16:20:32.9371||DEBUG|1|Microsoft.AspNetCore.DataProtection.KeyManagement.XmlKeyManager|Found key {b3f67254-1257-4e65-b17a-bb94a197713d}. ||||
2024-01-09 16:20:32.9536||DEBUG|1|Microsoft.AspNetCore.DataProtection.KeyManagement.DefaultKeyResolver|Considering key {79291494-e9b3-442e-abb5-97a86aea432e} with expiration date 2024-02-19 17:05:27Z as default key. ||||
2024-01-09 16:20:32.9536||DEBUG|1|Microsoft.AspNetCore.DataProtection.TypeForwardingActivator|Forwarded activator type request from Microsoft.AspNetCore.DataProtection.XmlEncryption.DpapiXmlDecryptor, Microsoft.AspNetCore.DataProtection, Version=7.0.0.0, Culture=neutral, PublicKeyToken=adb9793829ddae60 to Microsoft.AspNetCore.DataProtection.XmlEncryption.DpapiXmlDecryptor, Microsoft.AspNetCore.DataProtection, Culture=neutral, PublicKeyToken=adb9793829ddae60 ||||
2024-01-09 16:20:32.9536||DEBUG|1|Microsoft.AspNetCore.DataProtection.XmlEncryption.DpapiXmlDecryptor|Decrypting secret element using Windows DPAPI. ||||
2024-01-09 16:20:32.9536||DEBUG|1|Microsoft.AspNetCore.DataProtection.TypeForwardingActivator|Forwarded activator type request from Microsoft.AspNetCore.DataProtection.AuthenticatedEncryption.ConfigurationModel.AuthenticatedEncryptorDescriptorDeserializer, Microsoft.AspNetCore.DataProtection, Version=7.0.0.0, Culture=neutral, PublicKeyToken=adb9793829ddae60 to Microsoft.AspNetCore.DataProtection.AuthenticatedEncryption.ConfigurationModel.AuthenticatedEncryptorDescriptorDeserializer, Microsoft.AspNetCore.DataProtection, Culture=neutral, PublicKeyToken=adb9793829ddae60 ||||
2024-01-09 16:20:32.9536||DEBUG|1|Microsoft.AspNetCore.DataProtection.AuthenticatedEncryption.CngCbcAuthenticatedEncryptorFactory|Opening CNG algorithm 'AES' from provider '(null)' with chaining mode CBC. ||||
2024-01-09 16:20:32.9536||DEBUG|1|Microsoft.AspNetCore.DataProtection.AuthenticatedEncryption.CngCbcAuthenticatedEncryptorFactory|Opening CNG algorithm 'SHA256' from provider '(null)' with HMAC. ||||
2024-01-09 16:20:32.9536||DEBUG|1|Microsoft.AspNetCore.DataProtection.KeyManagement.KeyRingProvider|Using key {79291494-e9b3-442e-abb5-97a86aea432e} as the default key. ||||
2024-01-09 16:20:32.9536||DEBUG|1|Microsoft.AspNetCore.DataProtection.Internal.DataProtectionHostedService|Key ring with default key {79291494-e9b3-442e-abb5-97a86aea432e} was loaded during application startup. ||||
2024-01-09 16:20:33.1303||DEBUG|1|Microsoft.AspNetCore.Server.Kestrel.Core.KestrelServer|Using development certificate: CN=localhost (Thumbprint: D8C1925C679138299DA4A6188FAC38901805AA6B) ||||
2024-01-09 16:20:33.1732||INFO|1|Microsoft.Hosting.Lifetime|Now listening on: https://localhost:5001 ||||
2024-01-09 16:20:33.1732||INFO|1|Microsoft.Hosting.Lifetime|Now listening on: http://localhost:5000 ||||
2024-01-09 16:20:33.1732||DEBUG|1|Microsoft.AspNetCore.Hosting.Diagnostics|Loaded hosting startup assembly Cmms ||||
2024-01-09 16:20:33.1732||DEBUG|1|Microsoft.AspNetCore.Hosting.Diagnostics|Loaded hosting startup assembly Microsoft.AspNetCore.Watch.BrowserRefresh ||||
2024-01-09 16:20:33.1732||DEBUG|1|Microsoft.AspNetCore.Hosting.Diagnostics|Loaded hosting startup assembly Microsoft.WebTools.BrowserLink.Net ||||
2024-01-09 16:20:33.1732||INFO|1|Microsoft.Hosting.Lifetime|Application started. Press Ctrl+C to shut down. ||||
2024-01-09 16:20:33.1732||INFO|1|Microsoft.Hosting.Lifetime|Hosting environment: Development ||||
2024-01-09 16:20:33.1732||INFO|1|Microsoft.Hosting.Lifetime|Content root path: C:\Users\Azzinoth\source\repos\GreenHauseMonitor\GreenHauseMonitor\ ||||
2024-01-09 16:20:33.1732||DEBUG|1|Microsoft.Extensions.Hosting.Internal.Host|Hosting started ||||
2024-01-09 16:20:33.5712||DEBUG|7|Microsoft.AspNetCore.Server.Kestrel.Connections|Connection id "0HN0H4Q318VNS" accepted. ||||
2024-01-09 16:20:33.5712||DEBUG|6|Microsoft.AspNetCore.Server.Kestrel.Connections|Connection id "0HN0H4Q318VNS" started. ||||
2024-01-09 16:20:33.6074||DEBUG|8|Microsoft.AspNetCore.Server.Kestrel.Transport.Sockets|Connection id "0HN0H4Q318VNT" received FIN. ||||
2024-01-09 16:20:33.6074||DEBUG|8|Microsoft.AspNetCore.Server.Kestrel.Connections|Connection id "0HN0H4Q318VNT" accepted. ||||
2024-01-09 16:20:33.6074||DEBUG|9|Microsoft.AspNetCore.Server.Kestrel.Connections|Connection id "0HN0H4Q318VNT" started. ||||
2024-01-09 16:20:33.6074||DEBUG|4|Microsoft.AspNetCore.Server.Kestrel.Transport.Sockets|Connection id "0HN0H4Q318VNS" received FIN. ||||
2024-01-09 16:20:33.6074||DEBUG|9|Microsoft.AspNetCore.Server.Kestrel.Https.Internal.HttpsConnectionMiddleware|Failed to authenticate HTTPS connection. System.IO.IOException:  Received an unexpected EOF or 0 bytes from the transport stream.
   at System.Net.Security.SslStream.ReceiveBlobAsync[TIOAdapter](TIOAdapter adapter)
   at System.Net.Security.SslStream.ForceAuthenticationAsync[TIOAdapter](TIOAdapter adapter, Boolean receiveFirst, Byte[] reAuthenticationData, Boolean isApm)
   at System.Net.Security.SslStream.ProcessAuthenticationWithTelemetryAsync(Boolean isAsync, Boolean isApm, CancellationToken cancellationToken)
   at Microsoft.AspNetCore.Server.Kestrel.Https.Internal.HttpsConnectionMiddleware.OnConnectionAsync(ConnectionContext context)||||
2024-01-09 16:20:33.6074||DEBUG|13|Microsoft.AspNetCore.Server.Kestrel.Https.Internal.HttpsConnectionMiddleware|Failed to authenticate HTTPS connection. System.IO.IOException:  Received an unexpected EOF or 0 bytes from the transport stream.
   at System.Net.Security.SslStream.<FillHandshakeBufferAsync>g__InternalFillHandshakeBufferAsync|189_0[TIOAdapter](TIOAdapter adap, ValueTask`1 task, Int32 minSize)
   at System.Net.Security.SslStream.ReceiveBlobAsync[TIOAdapter](TIOAdapter adapter)
   at System.Net.Security.SslStream.ForceAuthenticationAsync[TIOAdapter](TIOAdapter adapter, Boolean receiveFirst, Byte[] reAuthenticationData, Boolean isApm)
   at System.Net.Security.SslStream.ProcessAuthenticationWithTelemetryAsync(Boolean isAsync, Boolean isApm, CancellationToken cancellationToken)
   at Microsoft.AspNetCore.Server.Kestrel.Https.Internal.HttpsConnectionMiddleware.OnConnectionAsync(ConnectionContext context)||||
2024-01-09 16:20:33.6483||DEBUG|9|Microsoft.AspNetCore.Server.Kestrel.Connections|Connection id "0HN0H4Q318VNT" stopped. ||||
2024-01-09 16:20:33.6483||DEBUG|13|Microsoft.AspNetCore.Server.Kestrel.Connections|Connection id "0HN0H4Q318VNS" stopped. ||||
2024-01-09 16:20:33.6483||DEBUG|4|Microsoft.AspNetCore.Server.Kestrel.Transport.Sockets|Connection id "0HN0H4Q318VNT" sending FIN because: "The Socket transport's send loop completed gracefully." ||||
2024-01-09 16:20:33.6483||DEBUG|6|Microsoft.AspNetCore.Server.Kestrel.Transport.Sockets|Connection id "0HN0H4Q318VNS" sending FIN because: "The Socket transport's send loop completed gracefully." ||||
2024-01-09 16:20:35.2256||DEBUG|7|Microsoft.AspNetCore.Server.Kestrel.Connections|Connection id "0HN0H4Q318VNU" accepted. ||||
2024-01-09 16:20:35.2366||DEBUG|13|Microsoft.AspNetCore.Server.Kestrel.Connections|Connection id "0HN0H4Q318VNU" started. ||||
2024-01-09 16:20:35.3433||DEBUG|14|Microsoft.AspNetCore.Server.Kestrel.Https.Internal.HttpsConnectionMiddleware|Connection 0HN0H4Q318VNU established using the following protocol: Tls12 ||||
2024-01-09 16:20:35.3842||TRACE|14|Microsoft.AspNetCore.Server.Kestrel.Http2|Connection id "0HN0H4Q318VNU" sending SETTINGS frame for stream ID 0 with length 18 and flags NONE. ||||
2024-01-09 16:20:35.3906||TRACE|14|Microsoft.AspNetCore.Server.Kestrel.Http2|Connection id "0HN0H4Q318VNU" sending WINDOW_UPDATE frame for stream ID 0 with length 4 and flags 0x0. ||||
2024-01-09 16:20:35.3906||TRACE|14|Microsoft.AspNetCore.Server.Kestrel.Http2|Connection id "0HN0H4Q318VNU" received SETTINGS frame for stream ID 0 with length 24 and flags NONE. ||||
2024-01-09 16:20:35.3906||TRACE|14|Microsoft.AspNetCore.Server.Kestrel.Http2|Connection id "0HN0H4Q318VNU" sending SETTINGS frame for stream ID 0 with length 0 and flags ACK. ||||
2024-01-09 16:20:35.3906||TRACE|14|Microsoft.AspNetCore.Server.Kestrel.Http2|Connection id "0HN0H4Q318VNU" received WINDOW_UPDATE frame for stream ID 0 with length 4 and flags 0x0. ||||
2024-01-09 16:20:35.3906||TRACE|14|Microsoft.AspNetCore.Server.Kestrel.Http2|Connection id "0HN0H4Q318VNU" received HEADERS frame for stream ID 1 with length 468 and flags END_STREAM, END_HEADERS, PRIORITY. ||||
2024-01-09 16:20:35.4228||TRACE|14|Microsoft.AspNetCore.Server.Kestrel.Http2|Connection id "0HN0H4Q318VNU" received SETTINGS frame for stream ID 0 with length 0 and flags ACK. ||||
2024-01-09 16:20:35.4784|00-c46d0f861e333cd4575443a6436708d2-0deff3cb1df04a0c-00|INFO|14|Microsoft.AspNetCore.Hosting.Diagnostics|Request starting HTTP/2 GET https://localhost:5001/swagger/index.html - - |GET|https://localhost/swagger/index.html||
2024-01-09 16:20:35.6522|00-c46d0f861e333cd4575443a6436708d2-0deff3cb1df04a0c-00|DEBUG|8|Microsoft.AspNetCore.HostFiltering.HostFilteringMiddleware|Wildcard detected, all requests with hosts will be allowed. |GET|https://localhost/swagger/index.html||
2024-01-09 16:20:35.6522|00-c46d0f861e333cd4575443a6436708d2-0deff3cb1df04a0c-00|TRACE|8|Microsoft.AspNetCore.HostFiltering.HostFilteringMiddleware|All hosts are allowed. |GET|https://localhost/swagger/index.html||
2024-01-09 16:20:35.6522|00-c46d0f861e333cd4575443a6436708d2-0deff3cb1df04a0c-00|INFO|8|Microsoft.AspNetCore.ResponseCaching.ResponseCachingMiddleware|No cached response available for this request. |GET|https://localhost/swagger/index.html||
2024-01-09 16:20:35.6522|00-c46d0f861e333cd4575443a6436708d2-0deff3cb1df04a0c-00|DEBUG|8|Microsoft.AspNetCore.StaticFiles.StaticFileMiddleware|The request path /swagger/index.html does not match an existing file |GET|https://localhost/swagger/index.html||
2024-01-09 16:20:35.7441|00-c46d0f861e333cd4575443a6436708d2-0deff3cb1df04a0c-00|DEBUG|8|Microsoft.AspNetCore.ResponseCaching.ResponseCachingMiddleware|Response is not cacheable because it does not contain the 'public' cache directive. |GET|https://localhost/swagger/index.html||
2024-01-09 16:20:35.7441|00-c46d0f861e333cd4575443a6436708d2-0deff3cb1df04a0c-00|DEBUG|8|Microsoft.AspNetCore.Watch.BrowserRefresh.BrowserRefreshMiddleware|Response markup is scheduled to include browser refresh script injection. |GET|https://localhost/swagger/index.html||
2024-01-09 16:20:35.7441|00-c46d0f861e333cd4575443a6436708d2-0deff3cb1df04a0c-00|TRACE|8|Microsoft.AspNetCore.Server.Kestrel.Http2|Connection id "0HN0H4Q318VNU" sending HEADERS frame for stream ID 1 with length 66 and flags END_HEADERS. |GET|https://localhost/swagger/index.html||
2024-01-09 16:20:35.7713||TRACE|8|Microsoft.AspNetCore.Server.Kestrel.Http2|Connection id "0HN0H4Q318VNU" sending DATA frame for stream ID 1 with length 3175 and flags NONE. ||||
2024-01-09 16:20:35.7713||TRACE|8|Microsoft.AspNetCore.Server.Kestrel.Http2|Connection id "0HN0H4Q318VNU" sending DATA frame for stream ID 1 with length 357 and flags NONE. ||||
2024-01-09 16:20:35.7713||TRACE|8|Microsoft.AspNetCore.Server.Kestrel.Http2|Connection id "0HN0H4Q318VNU" sending DATA frame for stream ID 1 with length 65 and flags NONE. ||||
2024-01-09 16:20:35.7713||TRACE|8|Microsoft.AspNetCore.Server.Kestrel.Http2|Connection id "0HN0H4Q318VNU" sending DATA frame for stream ID 1 with length 16 and flags NONE. ||||
2024-01-09 16:20:35.7713|00-c46d0f861e333cd4575443a6436708d2-0deff3cb1df04a0c-00|INFO|8|Microsoft.AspNetCore.ResponseCaching.ResponseCachingMiddleware|The response could not be cached for this request. |GET|https://localhost/swagger/index.html||
2024-01-09 16:20:35.7713|00-c46d0f861e333cd4575443a6436708d2-0deff3cb1df04a0c-00|DEBUG|8|Microsoft.AspNetCore.Watch.BrowserRefresh.BrowserRefreshMiddleware|Response markup was updated to include browser refresh script injection. |GET|https://localhost/swagger/index.html||
2024-01-09 16:20:35.7713||TRACE|8|Microsoft.AspNetCore.Server.Kestrel.Http2|Connection id "0HN0H4Q318VNU" sending DATA frame for stream ID 1 with length 0 and flags END_STREAM. ||||
2024-01-09 16:20:35.7713|00-c46d0f861e333cd4575443a6436708d2-0deff3cb1df04a0c-00|INFO|8|Microsoft.AspNetCore.Hosting.Diagnostics|Request finished HTTP/2 GET https://localhost:5001/swagger/index.html - - - 200 - text/html;charset=utf-8 310.5823ms |GET|https://localhost/swagger/index.html||
2024-01-09 16:20:35.7941||TRACE|4|Microsoft.AspNetCore.Server.Kestrel.Http2|Connection id "0HN0H4Q318VNU" received HEADERS frame for stream ID 3 with length 108 and flags END_STREAM, END_HEADERS, PRIORITY. ||||
2024-01-09 16:20:35.8100||TRACE|4|Microsoft.AspNetCore.Server.Kestrel.Http2|Connection id "0HN0H4Q318VNU" received HEADERS frame for stream ID 5 with length 57 and flags END_STREAM, END_HEADERS, PRIORITY. ||||
2024-01-09 16:20:35.8100|00-a8cc68840287300848be5f27f3ba9a79-6807f0534044a823-00|INFO|14|Microsoft.AspNetCore.Hosting.Diagnostics|Request starting HTTP/2 GET https://localhost:5001/_framework/aspnetcore-browser-refresh.js - - |GET|https://localhost/_framework/aspnetcore-browser-refresh.js||
2024-01-09 16:20:35.8100|00-e5067ffd616e85ca56c968dd08285fa9-1daddafe8e95a445-00|INFO|4|Microsoft.AspNetCore.Hosting.Diagnostics|Request starting HTTP/2 GET https://localhost:5001/_vs/browserLink - - |GET|https://localhost/_vs/browserLink||
2024-01-09 16:20:35.8100|00-a8cc68840287300848be5f27f3ba9a79-6807f0534044a823-00|TRACE|14|Microsoft.AspNetCore.Server.Kestrel.Http2|Connection id "0HN0H4Q318VNU" sending HEADERS frame for stream ID 3 with length 60 and flags END_HEADERS. |GET|https://localhost/_framework/aspnetcore-browser-refresh.js||
2024-01-09 16:20:35.8100||TRACE|14|Microsoft.AspNetCore.Server.Kestrel.Http2|Connection id "0HN0H4Q318VNU" sending DATA frame for stream ID 3 with length 11978 and flags NONE. ||||
2024-01-09 16:20:35.8100||TRACE|14|Microsoft.AspNetCore.Server.Kestrel.Http2|Connection id "0HN0H4Q318VNU" sending DATA frame for stream ID 3 with length 0 and flags END_STREAM. ||||
2024-01-09 16:20:35.8100|00-a8cc68840287300848be5f27f3ba9a79-6807f0534044a823-00|INFO|14|Microsoft.AspNetCore.Hosting.Diagnostics|Request finished HTTP/2 GET https://localhost:5001/_framework/aspnetcore-browser-refresh.js - - - 200 11978 application/javascript;+charset=utf-8 10.3516ms |GET|https://localhost/_framework/aspnetcore-browser-refresh.js||
2024-01-09 16:20:35.8903|00-e5067ffd616e85ca56c968dd08285fa9-1daddafe8e95a445-00|TRACE|4|Microsoft.AspNetCore.Server.Kestrel.Http2|Connection id "0HN0H4Q318VNU" sending HEADERS frame for stream ID 5 with length 119 and flags END_HEADERS. |GET|https://localhost/_vs/browserLink||
2024-01-09 16:20:35.8903||TRACE|4|Microsoft.AspNetCore.Server.Kestrel.Http2|Connection id "0HN0H4Q318VNU" sending DATA frame for stream ID 5 with length 9986 and flags NONE. ||||
2024-01-09 16:20:35.8903||TRACE|4|Microsoft.AspNetCore.Server.Kestrel.Http2|Connection id "0HN0H4Q318VNU" sending DATA frame for stream ID 5 with length 10240 and flags NONE. ||||
2024-01-09 16:20:35.8903||TRACE|4|Microsoft.AspNetCore.Server.Kestrel.Http2|Connection id "0HN0H4Q318VNU" sending DATA frame for stream ID 5 with length 10240 and flags NONE. ||||
2024-01-09 16:20:35.8903||TRACE|4|Microsoft.AspNetCore.Server.Kestrel.Http2|Connection id "0HN0H4Q318VNU" sending DATA frame for stream ID 5 with length 10240 and flags NONE. ||||
2024-01-09 16:20:35.8903||TRACE|4|Microsoft.AspNetCore.Server.Kestrel.Http2|Connection id "0HN0H4Q318VNU" sending DATA frame for stream ID 5 with length 10240 and flags NONE. ||||
2024-01-09 16:20:35.8903||TRACE|4|Microsoft.AspNetCore.Server.Kestrel.Http2|Connection id "0HN0H4Q318VNU" sending DATA frame for stream ID 5 with length 10240 and flags NONE. ||||
2024-01-09 16:20:35.8903||TRACE|4|Microsoft.AspNetCore.Server.Kestrel.Http2|Connection id "0HN0H4Q318VNU" sending DATA frame for stream ID 5 with length 10240 and flags NONE. ||||
2024-01-09 16:20:35.8903||TRACE|4|Microsoft.AspNetCore.Server.Kestrel.Http2|Connection id "0HN0H4Q318VNU" sending DATA frame for stream ID 5 with length 10240 and flags NONE. ||||
2024-01-09 16:20:35.8903||TRACE|4|Microsoft.AspNetCore.Server.Kestrel.Http2|Connection id "0HN0H4Q318VNU" sending DATA frame for stream ID 5 with length 10240 and flags NONE. ||||
2024-01-09 16:20:35.8903||TRACE|4|Microsoft.AspNetCore.Server.Kestrel.Http2|Connection id "0HN0H4Q318VNU" sending DATA frame for stream ID 5 with length 10240 and flags NONE. ||||
2024-01-09 16:20:35.8903||TRACE|4|Microsoft.AspNetCore.Server.Kestrel.Http2|Connection id "0HN0H4Q318VNU" sending DATA frame for stream ID 5 with length 10240 and flags NONE. ||||
2024-01-09 16:20:35.8903||TRACE|4|Microsoft.AspNetCore.Server.Kestrel.Http2|Connection id "0HN0H4Q318VNU" sending DATA frame for stream ID 5 with length 10240 and flags NONE. ||||
2024-01-09 16:20:35.8903||TRACE|4|Microsoft.AspNetCore.Server.Kestrel.Http2|Connection id "0HN0H4Q318VNU" sending DATA frame for stream ID 5 with length 10240 and flags NONE. ||||
2024-01-09 16:20:35.8903||TRACE|4|Microsoft.AspNetCore.Server.Kestrel.Http2|Connection id "0HN0H4Q318VNU" sending DATA frame for stream ID 5 with length 10240 and flags NONE. ||||
2024-01-09 16:20:35.8903||TRACE|4|Microsoft.AspNetCore.Server.Kestrel.Http2|Connection id "0HN0H4Q318VNU" sending DATA frame for stream ID 5 with length 10240 and flags NONE. ||||
2024-01-09 16:20:35.8903||TRACE|4|Microsoft.AspNetCore.Server.Kestrel.Http2|Connection id "0HN0H4Q318VNU" sending DATA frame for stream ID 5 with length 160 and flags NONE. ||||
2024-01-09 16:20:35.8903||TRACE|4|Microsoft.AspNetCore.Server.Kestrel.Http2|Connection id "0HN0H4Q318VNU" sending DATA frame for stream ID 5 with length 0 and flags END_STREAM. ||||
2024-01-09 16:20:35.8903|00-e5067ffd616e85ca56c968dd08285fa9-1daddafe8e95a445-00|INFO|4|Microsoft.AspNetCore.Hosting.Diagnostics|Request finished HTTP/2 GET https://localhost:5001/_vs/browserLink - - - 200 - text/javascript;+charset=UTF-8 87.0602ms |GET|https://localhost/_vs/browserLink||
2024-01-09 16:20:36.1556||TRACE|6|Microsoft.AspNetCore.Server.Kestrel.Http2|Connection id "0HN0H4Q318VNU" received HEADERS frame for stream ID 7 with length 66 and flags END_STREAM, END_HEADERS, PRIORITY. ||||
2024-01-09 16:20:36.1584|00-fa93dea03c16ff4a00bb67a943786ab4-90638aff361031ea-00|INFO|4|Microsoft.AspNetCore.Hosting.Diagnostics|Request starting HTTP/2 GET https://localhost:5001/swagger/v1/swagger.json - - |GET|https://localhost/swagger/v1/swagger.json||
2024-01-09 16:20:36.1584|00-fa93dea03c16ff4a00bb67a943786ab4-90638aff361031ea-00|TRACE|4|Microsoft.AspNetCore.HostFiltering.HostFilteringMiddleware|All hosts are allowed. |GET|https://localhost/swagger/v1/swagger.json||
2024-01-09 16:20:36.1584|00-fa93dea03c16ff4a00bb67a943786ab4-90638aff361031ea-00|INFO|4|Microsoft.AspNetCore.ResponseCaching.ResponseCachingMiddleware|No cached response available for this request. |GET|https://localhost/swagger/v1/swagger.json||
2024-01-09 16:20:36.1584|00-fa93dea03c16ff4a00bb67a943786ab4-90638aff361031ea-00|DEBUG|4|Microsoft.AspNetCore.StaticFiles.StaticFileMiddleware|The request path /swagger/v1/swagger.json does not match an existing file |GET|https://localhost/swagger/v1/swagger.json||
2024-01-09 16:20:36.2789|00-fa93dea03c16ff4a00bb67a943786ab4-90638aff361031ea-00|DEBUG|4|Microsoft.AspNetCore.ResponseCaching.ResponseCachingMiddleware|Response is not cacheable because it does not contain the 'public' cache directive. |GET|https://localhost/swagger/v1/swagger.json||
2024-01-09 16:20:36.2789|00-fa93dea03c16ff4a00bb67a943786ab4-90638aff361031ea-00|TRACE|4|Microsoft.AspNetCore.Server.Kestrel.Http2|Connection id "0HN0H4Q318VNU" sending HEADERS frame for stream ID 7 with length 65 and flags END_HEADERS. |GET|https://localhost/swagger/v1/swagger.json||
2024-01-09 16:20:36.2789||TRACE|4|Microsoft.AspNetCore.Server.Kestrel.Http2|Connection id "0HN0H4Q318VNU" sending DATA frame for stream ID 7 with length 4096 and flags NONE. ||||
2024-01-09 16:20:36.2789||TRACE|4|Microsoft.AspNetCore.Server.Kestrel.Http2|Connection id "0HN0H4Q318VNU" sending DATA frame for stream ID 7 with length 4096 and flags NONE. ||||
2024-01-09 16:20:36.2789||TRACE|4|Microsoft.AspNetCore.Server.Kestrel.Http2|Connection id "0HN0H4Q318VNU" sending DATA frame for stream ID 7 with length 4096 and flags NONE. ||||
2024-01-09 16:20:36.2789||TRACE|4|Microsoft.AspNetCore.Server.Kestrel.Http2|Connection id "0HN0H4Q318VNU" sending DATA frame for stream ID 7 with length 4096 and flags NONE. ||||
2024-01-09 16:20:36.2789||TRACE|4|Microsoft.AspNetCore.Server.Kestrel.Http2|Connection id "0HN0H4Q318VNU" sending DATA frame for stream ID 7 with length 2559 and flags NONE. ||||
2024-01-09 16:20:36.2789|00-fa93dea03c16ff4a00bb67a943786ab4-90638aff361031ea-00|INFO|4|Microsoft.AspNetCore.ResponseCaching.ResponseCachingMiddleware|The response could not be cached for this request. |GET|https://localhost/swagger/v1/swagger.json||
2024-01-09 16:20:36.2789||TRACE|4|Microsoft.AspNetCore.Server.Kestrel.Http2|Connection id "0HN0H4Q318VNU" sending DATA frame for stream ID 7 with length 0 and flags END_STREAM. ||||
2024-01-09 16:20:36.2789|00-fa93dea03c16ff4a00bb67a943786ab4-90638aff361031ea-00|INFO|4|Microsoft.AspNetCore.Hosting.Diagnostics|Request finished HTTP/2 GET https://localhost:5001/swagger/v1/swagger.json - - - 200 - application/json;charset=utf-8 121.9139ms |GET|https://localhost/swagger/v1/swagger.json||
2024-01-09 16:20:38.1368||DEBUG|13|Microsoft.AspNetCore.Server.Kestrel.Transport.Sockets|Connection id "0HN0H4Q318VNU" received FIN. ||||
2024-01-09 16:20:38.1368||DEBUG|13|Microsoft.AspNetCore.Server.Kestrel.Http2|Connection id "0HN0H4Q318VNU" is closed. The last processed stream ID was 7. ||||
2024-01-09 16:20:38.1368||DEBUG|13|Microsoft.AspNetCore.Server.Kestrel.Transport.Sockets|Connection id "0HN0H4Q318VNU" sending FIN because: "The client closed the connection." ||||
2024-01-09 16:20:38.1568||DEBUG|4|Microsoft.AspNetCore.Server.Kestrel.Connections|Connection id "0HN0H4Q318VNU" stopped. ||||
